[ 2016-03-20T13:10:35+08:00 ] ::1 /App/index.php/WeiXin
INFO: [ app_init ] --START--
INFO: Run Behavior\BuildLiteBehavior [ RunTime:0.000019s ]
INFO: [ app_init ] --END-- [ RunTime:0.001078s ]
INFO: [ app_begin ] --START--
INFO: Run Behavior\ReadHtmlCacheBehavior [ RunTime:0.001075s ]
INFO: [ app_begin ] --END-- [ RunTime:0.001181s ]

[ 2016-03-20T13:57:02+08:00 ] ::1 /App/index.php/WeiXin/User/
INFO: [ app_init ] --START--
INFO: Run Behavior\BuildLiteBehavior [ RunTime:0.000016s ]
INFO: [ app_init ] --END-- [ RunTime:0.000635s ]
INFO: [ app_begin ] --START--
INFO: Run Behavior\ReadHtmlCacheBehavior [ RunTime:0.001444s ]
INFO: [ app_begin ] --END-- [ RunTime:0.001634s ]
NOTIC: [8] Undefined index: code D:\soft\xampp\htdocs\App\WeiXin\Controller\UserController.class.php 第 31 行.
NOTIC: [8] Undefined property: stdClass::$openid D:\soft\xampp\htdocs\App\WeiXin\Controller\UserController.class.php 第 40 行.
NOTIC: [8] Undefined property: stdClass::$access_token D:\soft\xampp\htdocs\App\WeiXin\Controller\UserController.class.php 第 41 行.
SQL: SHOW COLUMNS FROM `cma_user` [ RunTime:0.0099s ]
SQL: SELECT * FROM `cma_user` WHERE ( id='' ) LIMIT 1   [ RunTime:0.0043s ]
INFO: [ view_parse ] --START--
INFO: [ template_filter ] --START--
INFO: Run Behavior\ContentReplaceBehavior [ RunTime:0.001373s ]
INFO: [ template_filter ] --END-- [ RunTime:0.001511s ]
NOTIC: [8] Undefined property: stdClass::$nickname D:\soft\xampp\htdocs\App\Runtime\Cache\WeiXin\3eeffcdb3b858114cf17ed888b773598.php 第 19 行.
INFO: Run Behavior\ParseTemplateBehavior [ RunTime:0.032916s ]
INFO: [ view_parse ] --END-- [ RunTime:0.033093s ]
INFO: [ view_filter ] --START--
INFO: Run Behavior\WriteHtmlCacheBehavior [ RunTime:0.001085s ]
INFO: [ view_filter ] --END-- [ RunTime:0.001157s ]
INFO: [ app_end ] --START--
INFO: Run Behavior\ShowPageTraceBehavior [ RunTime:0.001710s ]
INFO: [ app_end ] --END-- [ RunTime:0.001784s ]

