[ 2016-03-22T12:57:37+08:00 ] ::1 /App/index.php/WeiXin/Record/getHistory
INFO: [ app_init ] --START--
INFO: Run Behavior\BuildLiteBehavior [ RunTime:0.000016s ]
INFO: [ app_init ] --END-- [ RunTime:0.000429s ]
INFO: [ app_begin ] --START--
INFO: Run Behavior\ReadHtmlCacheBehavior [ RunTime:0.000433s ]
INFO: [ app_begin ] --END-- [ RunTime:0.000480s ]
NOTIC: [8] Undefined index: code E:\Soft\xampp\htdocs\App\WeiXin\Controller\RecordController.class.php 第 169 行.
NOTIC: [8] Undefined property: stdClass::$openid E:\Soft\xampp\htdocs\App\WeiXin\Controller\RecordController.class.php 第 178 行.
NOTIC: [8] Undefined property: stdClass::$access_token E:\Soft\xampp\htdocs\App\WeiXin\Controller\RecordController.class.php 第 179 行.
SQL: SHOW COLUMNS FROM `cma_user` [ RunTime:0.2407s ]
SQL: SELECT * FROM `cma_user` WHERE ( id='' ) LIMIT 1   [ RunTime:0.0007s ]
SQL: SHOW COLUMNS FROM `cma_user_device` [ RunTime:0.0245s ]
SQL: SELECT * FROM `cma_user_device` WHERE ( openId='' )  [ RunTime:0.0007s ]
NOTIC: [8] Undefined variable: records E:\Soft\xampp\htdocs\App\WeiXin\Controller\RecordController.class.php 第 164 行.
INFO: [ view_parse ] --START--
INFO: [ template_filter ] --START--
INFO: Run Behavior\ContentReplaceBehavior [ RunTime:0.000039s ]
INFO: [ template_filter ] --END-- [ RunTime:0.000076s ]
NOTIC: [8] Undefined property: stdClass::$nickname E:\Soft\xampp\htdocs\App\Runtime\Cache\WeiXin\fa568a4034817f9dc86c1957ccd752fa.php 第 19 行.
INFO: Run Behavior\ParseTemplateBehavior [ RunTime:0.004362s ]
INFO: [ view_parse ] --END-- [ RunTime:0.004403s ]
INFO: [ view_filter ] --START--
INFO: Run Behavior\WriteHtmlCacheBehavior [ RunTime:0.000224s ]
INFO: [ view_filter ] --END-- [ RunTime:0.000257s ]
INFO: [ app_end ] --START--
INFO: Run Behavior\ShowPageTraceBehavior [ RunTime:0.000332s ]
INFO: [ app_end ] --END-- [ RunTime:0.000358s ]

[ 2016-03-22T13:34:27+08:00 ] ::1 /App/index.php/WeiXin/Record/getHistory
INFO: [ app_init ] --START--
INFO: Run Behavior\BuildLiteBehavior [ RunTime:0.000013s ]
INFO: [ app_init ] --END-- [ RunTime:0.000382s ]
INFO: [ app_begin ] --START--
INFO: Run Behavior\ReadHtmlCacheBehavior [ RunTime:0.000445s ]
INFO: [ app_begin ] --END-- [ RunTime:0.000500s ]
NOTIC: [8] Undefined index: code E:\Soft\xampp\htdocs\App\WeiXin\Controller\RecordController.class.php 第 169 行.
NOTIC: [8] Undefined property: stdClass::$openid E:\Soft\xampp\htdocs\App\WeiXin\Controller\RecordController.class.php 第 178 行.
NOTIC: [8] Undefined property: stdClass::$access_token E:\Soft\xampp\htdocs\App\WeiXin\Controller\RecordController.class.php 第 179 行.
SQL: SHOW COLUMNS FROM `cma_user` [ RunTime:0.0282s ]
SQL: SELECT * FROM `cma_user` WHERE ( id='' ) LIMIT 1   [ RunTime:0.0041s ]
SQL: SHOW COLUMNS FROM `cma_user_device` [ RunTime:0.0131s ]
SQL: SELECT * FROM `cma_user_device` WHERE ( openId='' )  [ RunTime:0.0023s ]
NOTIC: [8] Undefined variable: records E:\Soft\xampp\htdocs\App\WeiXin\Controller\RecordController.class.php 第 164 行.
INFO: [ view_parse ] --START--
INFO: [ template_filter ] --START--
INFO: Run Behavior\ContentReplaceBehavior [ RunTime:0.000076s ]
INFO: [ template_filter ] --END-- [ RunTime:0.000179s ]
NOTIC: [8] Undefined property: stdClass::$nickname E:\Soft\xampp\htdocs\App\Runtime\Cache\WeiXin\fa568a4034817f9dc86c1957ccd752fa.php 第 19 行.
INFO: Run Behavior\ParseTemplateBehavior [ RunTime:0.011461s ]
INFO: [ view_parse ] --END-- [ RunTime:0.011541s ]
INFO: [ view_filter ] --START--
INFO: Run Behavior\WriteHtmlCacheBehavior [ RunTime:0.000478s ]
INFO: [ view_filter ] --END-- [ RunTime:0.000536s ]
INFO: [ app_end ] --START--
INFO: Run Behavior\ShowPageTraceBehavior [ RunTime:0.000804s ]
INFO: [ app_end ] --END-- [ RunTime:0.000869s ]

[ 2016-03-22T13:34:34+08:00 ] ::1 /App/index.php/WeiXin/Record/getNews_Check
INFO: [ app_init ] --START--
INFO: Run Behavior\BuildLiteBehavior [ RunTime:0.000013s ]
INFO: [ app_init ] --END-- [ RunTime:0.000335s ]
INFO: [ app_begin ] --START--
INFO: Run Behavior\ReadHtmlCacheBehavior [ RunTime:0.000500s ]
INFO: [ app_begin ] --END-- [ RunTime:0.000566s ]
ERR: 非法操作:getNews_Check

[ 2016-03-22T13:34:46+08:00 ] ::1 /App/index.php/WeiXin/Test/getNews_Check
INFO: [ app_init ] --START--
INFO: Run Behavior\BuildLiteBehavior [ RunTime:0.000015s ]
INFO: [ app_init ] --END-- [ RunTime:0.000369s ]
INFO: [ app_begin ] --START--
INFO: Run Behavior\ReadHtmlCacheBehavior [ RunTime:0.000369s ]
INFO: [ app_begin ] --END-- [ RunTime:0.000425s ]
NOTIC: [2] Missing argument 1 for WeiXin\Library\Util\NewsUtil::getNew_Check(), called in E:\Soft\xampp\htdocs\App\WeiXin\Controller\TestController.class.php on line 15 and defined E:\Soft\xampp\htdocs\App\WeiXin\Library\Util\NewsUtil.class.php 第 95 行.
SQL: SHOW COLUMNS FROM `cma_user` [ RunTime:0.0119s ]
NOTIC: [8] Undefined variable: msg E:\Soft\xampp\htdocs\App\WeiXin\Library\Util\NewsUtil.class.php 第 97 行.
NOTIC: [8] Trying to get property of non-object E:\Soft\xampp\htdocs\App\WeiXin\Library\Util\NewsUtil.class.php 第 97 行.
SQL: SELECT * FROM `cma_user` WHERE ( id='823e88d2-9970-4dff' ) LIMIT 1   [ RunTime:0.0020s ]
INFO: [ app_end ] --START--
INFO: Run Behavior\ShowPageTraceBehavior [ RunTime:0.000934s ]
INFO: [ app_end ] --END-- [ RunTime:0.001045s ]

[ 2016-03-22T13:36:10+08:00 ] ::1 /App/index.php/WeiXin/Test/getNews_Check
INFO: [ app_init ] --START--
INFO: Run Behavior\BuildLiteBehavior [ RunTime:0.000011s ]
INFO: [ app_init ] --END-- [ RunTime:0.000298s ]
INFO: [ app_begin ] --START--
INFO: Run Behavior\ReadHtmlCacheBehavior [ RunTime:0.000491s ]
INFO: [ app_begin ] --END-- [ RunTime:0.000545s ]
NOTIC: [2] Missing argument 1 for WeiXin\Library\Util\NewsUtil::getNew_Check(), called in E:\Soft\xampp\htdocs\App\WeiXin\Controller\TestController.class.php on line 15 and defined E:\Soft\xampp\htdocs\App\WeiXin\Library\Util\NewsUtil.class.php 第 95 行.
SQL: SHOW COLUMNS FROM `cma_user` [ RunTime:0.0206s ]
NOTIC: [8] Undefined variable: msg E:\Soft\xampp\htdocs\App\WeiXin\Library\Util\NewsUtil.class.php 第 97 行.
NOTIC: [8] Trying to get property of non-object E:\Soft\xampp\htdocs\App\WeiXin\Library\Util\NewsUtil.class.php 第 97 行.
SQL: SELECT * FROM `cma_user` WHERE ( id='823e88d2-9970-4dff' ) LIMIT 1   [ RunTime:0.0025s ]
INFO: [ app_end ] --START--
INFO: Run Behavior\ShowPageTraceBehavior [ RunTime:0.001020s ]
INFO: [ app_end ] --END-- [ RunTime:0.001122s ]

[ 2016-03-22T13:36:43+08:00 ] ::1 /App/index.php/WeiXin/Test/getNews_Check
INFO: [ app_init ] --START--
INFO: Run Behavior\BuildLiteBehavior [ RunTime:0.000015s ]
INFO: [ app_init ] --END-- [ RunTime:0.000356s ]
INFO: [ app_begin ] --START--
INFO: Run Behavior\ReadHtmlCacheBehavior [ RunTime:0.000375s ]
INFO: [ app_begin ] --END-- [ RunTime:0.000418s ]
NOTIC: [2] Missing argument 1 for WeiXin\Library\Util\NewsUtil::getNew_Check(), called in E:\Soft\xampp\htdocs\App\WeiXin\Controller\TestController.class.php on line 15 and defined E:\Soft\xampp\htdocs\App\WeiXin\Library\Util\NewsUtil.class.php 第 95 行.
SQL: SHOW COLUMNS FROM `cma_user` [ RunTime:0.0236s ]
NOTIC: [8] Undefined variable: msg E:\Soft\xampp\htdocs\App\WeiXin\Library\Util\NewsUtil.class.php 第 97 行.
NOTIC: [8] Trying to get property of non-object E:\Soft\xampp\htdocs\App\WeiXin\Library\Util\NewsUtil.class.php 第 97 行.
SQL: SELECT * FROM `cma_user` WHERE ( id='823e88d2-9970-4dff' ) LIMIT 1   [ RunTime:0.0025s ]
INFO: [ app_end ] --START--
INFO: Run Behavior\ShowPageTraceBehavior [ RunTime:0.000588s ]
INFO: [ app_end ] --END-- [ RunTime:0.000670s ]

[ 2016-03-22T13:47:14+08:00 ] ::1 /App/index.php/WeiXin/Test/getNews_Check
INFO: [ app_init ] --START--
INFO: Run Behavior\BuildLiteBehavior [ RunTime:0.000008s ]
INFO: [ app_init ] --END-- [ RunTime:0.000221s ]
INFO: [ app_begin ] --START--
INFO: Run Behavior\ReadHtmlCacheBehavior [ RunTime:0.000277s ]
INFO: [ app_begin ] --END-- [ RunTime:0.000309s ]
NOTIC: [2] Missing argument 1 for WeiXin\Library\Util\NewsUtil::getNew_Check(), called in E:\Soft\xampp\htdocs\App\WeiXin\Controller\TestController.class.php on line 15 and defined E:\Soft\xampp\htdocs\App\WeiXin\Library\Util\NewsUtil.class.php 第 95 行.
SQL: SHOW COLUMNS FROM `cma_user` [ RunTime:0.0321s ]
NOTIC: [8] Undefined variable: msg E:\Soft\xampp\htdocs\App\WeiXin\Library\Util\NewsUtil.class.php 第 97 行.
NOTIC: [8] Trying to get property of non-object E:\Soft\xampp\htdocs\App\WeiXin\Library\Util\NewsUtil.class.php 第 97 行.
SQL: SELECT * FROM `cma_user` WHERE ( id='823e88d2-9970-4dff' ) LIMIT 1   [ RunTime:0.0027s ]
INFO: [ app_end ] --START--
INFO: Run Behavior\ShowPageTraceBehavior [ RunTime:0.000916s ]
INFO: [ app_end ] --END-- [ RunTime:0.001028s ]

[ 2016-03-22T13:47:38+08:00 ] ::1 /App/index.php/WeiXin/Test/getNews_Check
INFO: [ app_init ] --START--
INFO: Run Behavior\BuildLiteBehavior [ RunTime:0.000007s ]
INFO: [ app_init ] --END-- [ RunTime:0.000218s ]
INFO: [ app_begin ] --START--
INFO: Run Behavior\ReadHtmlCacheBehavior [ RunTime:0.000278s ]
INFO: [ app_begin ] --END-- [ RunTime:0.000310s ]
NOTIC: [2] Missing argument 1 for WeiXin\Library\Util\NewsUtil::getNew_Check(), called in E:\Soft\xampp\htdocs\App\WeiXin\Controller\TestController.class.php on line 15 and defined E:\Soft\xampp\htdocs\App\WeiXin\Library\Util\NewsUtil.class.php 第 95 行.
SQL: SHOW COLUMNS FROM `cma_user` [ RunTime:0.0113s ]
NOTIC: [8] Undefined variable: msg E:\Soft\xampp\htdocs\App\WeiXin\Library\Util\NewsUtil.class.php 第 97 行.
NOTIC: [8] Trying to get property of non-object E:\Soft\xampp\htdocs\App\WeiXin\Library\Util\NewsUtil.class.php 第 97 行.
SQL: SELECT * FROM `cma_user` WHERE ( id='823e88d2-9970-4dff' ) LIMIT 1   [ RunTime:0.0019s ]
INFO: [ app_end ] --START--
INFO: Run Behavior\ShowPageTraceBehavior [ RunTime:0.001244s ]
INFO: [ app_end ] --END-- [ RunTime:0.001379s ]

[ 2016-03-22T13:47:59+08:00 ] ::1 /App/index.php/WeiXin/Test/getNews_Check
INFO: [ app_init ] --START--
INFO: Run Behavior\BuildLiteBehavior [ RunTime:0.000009s ]
INFO: [ app_init ] --END-- [ RunTime:0.000241s ]
INFO: [ app_begin ] --START--
INFO: Run Behavior\ReadHtmlCacheBehavior [ RunTime:0.000302s ]
INFO: [ app_begin ] --END-- [ RunTime:0.000341s ]
NOTIC: [2] Missing argument 1 for WeiXin\Library\Util\NewsUtil::getNew_Check(), called in E:\Soft\xampp\htdocs\App\WeiXin\Controller\TestController.class.php on line 15 and defined E:\Soft\xampp\htdocs\App\WeiXin\Library\Util\NewsUtil.class.php 第 95 行.
SQL: SHOW COLUMNS FROM `cma_user` [ RunTime:0.0196s ]
NOTIC: [8] Undefined variable: msg E:\Soft\xampp\htdocs\App\WeiXin\Library\Util\NewsUtil.class.php 第 97 行.
NOTIC: [8] Trying to get property of non-object E:\Soft\xampp\htdocs\App\WeiXin\Library\Util\NewsUtil.class.php 第 97 行.
SQL: SELECT * FROM `cma_user` WHERE ( id='823e88d2-9970-4dff' ) LIMIT 1   [ RunTime:0.0028s ]
INFO: [ app_end ] --START--
INFO: Run Behavior\ShowPageTraceBehavior [ RunTime:0.001226s ]
INFO: [ app_end ] --END-- [ RunTime:0.001362s ]

[ 2016-03-22T13:48:25+08:00 ] ::1 /App/index.php/WeiXin/Test/getNews_Check
INFO: [ app_init ] --START--
INFO: Run Behavior\BuildLiteBehavior [ RunTime:0.000009s ]
INFO: [ app_init ] --END-- [ RunTime:0.000222s ]
INFO: [ app_begin ] --START--
INFO: Run Behavior\ReadHtmlCacheBehavior [ RunTime:0.000276s ]
INFO: [ app_begin ] --END-- [ RunTime:0.000306s ]
NOTIC: [2] Missing argument 1 for WeiXin\Library\Util\NewsUtil::getNew_Check(), called in E:\Soft\xampp\htdocs\App\WeiXin\Controller\TestController.class.php on line 15 and defined E:\Soft\xampp\htdocs\App\WeiXin\Library\Util\NewsUtil.class.php 第 95 行.
SQL: SHOW COLUMNS FROM `cma_user` [ RunTime:0.0238s ]
NOTIC: [8] Undefined variable: msg E:\Soft\xampp\htdocs\App\WeiXin\Library\Util\NewsUtil.class.php 第 97 行.
NOTIC: [8] Trying to get property of non-object E:\Soft\xampp\htdocs\App\WeiXin\Library\Util\NewsUtil.class.php 第 97 行.
SQL: SELECT * FROM `cma_user` WHERE ( id='823e88d2-9970-4dff' ) LIMIT 1   [ RunTime:0.0029s ]
INFO: [ app_end ] --START--
INFO: Run Behavior\ShowPageTraceBehavior [ RunTime:0.001595s ]
INFO: [ app_end ] --END-- [ RunTime:0.001786s ]

[ 2016-03-22T13:48:38+08:00 ] ::1 /App/index.php/WeiXin/Test/getNews_Check
INFO: [ app_init ] --START--
INFO: Run Behavior\BuildLiteBehavior [ RunTime:0.000009s ]
INFO: [ app_init ] --END-- [ RunTime:0.000232s ]
INFO: [ app_begin ] --START--
INFO: Run Behavior\ReadHtmlCacheBehavior [ RunTime:0.000459s ]
INFO: [ app_begin ] --END-- [ RunTime:0.000524s ]
NOTIC: [2] Missing argument 1 for WeiXin\Library\Util\NewsUtil::getNew_Check(), called in E:\Soft\xampp\htdocs\App\WeiXin\Controller\TestController.class.php on line 15 and defined E:\Soft\xampp\htdocs\App\WeiXin\Library\Util\NewsUtil.class.php 第 95 行.
SQL: SHOW COLUMNS FROM `cma_user` [ RunTime:0.0286s ]
NOTIC: [8] Undefined variable: msg E:\Soft\xampp\htdocs\App\WeiXin\Library\Util\NewsUtil.class.php 第 97 行.
NOTIC: [8] Trying to get property of non-object E:\Soft\xampp\htdocs\App\WeiXin\Library\Util\NewsUtil.class.php 第 97 行.
SQL: SELECT * FROM `cma_user` WHERE ( id='823e88d2-9970-4dff' ) LIMIT 1   [ RunTime:0.0034s ]
INFO: [ app_end ] --START--
INFO: Run Behavior\ShowPageTraceBehavior [ RunTime:0.001147s ]
INFO: [ app_end ] --END-- [ RunTime:0.001278s ]

[ 2016-03-22T13:48:53+08:00 ] ::1 /App/index.php/WeiXin/Test/getNews_Check
INFO: [ app_init ] --START--
INFO: Run Behavior\BuildLiteBehavior [ RunTime:0.000009s ]
INFO: [ app_init ] --END-- [ RunTime:0.000222s ]
INFO: [ app_begin ] --START--
INFO: Run Behavior\ReadHtmlCacheBehavior [ RunTime:0.000284s ]
INFO: [ app_begin ] --END-- [ RunTime:0.000317s ]
NOTIC: [2] Missing argument 1 for WeiXin\Library\Util\NewsUtil::getNew_Check(), called in E:\Soft\xampp\htdocs\App\WeiXin\Controller\TestController.class.php on line 15 and defined E:\Soft\xampp\htdocs\App\WeiXin\Library\Util\NewsUtil.class.php 第 95 行.
SQL: SHOW COLUMNS FROM `cma_user` [ RunTime:0.0214s ]
NOTIC: [8] Undefined variable: msg E:\Soft\xampp\htdocs\App\WeiXin\Library\Util\NewsUtil.class.php 第 97 行.
NOTIC: [8] Trying to get property of non-object E:\Soft\xampp\htdocs\App\WeiXin\Library\Util\NewsUtil.class.php 第 97 行.
SQL: SELECT * FROM `cma_user` WHERE ( id='823e88d2-9970-4dff' ) LIMIT 1   [ RunTime:0.0034s ]
INFO: [ app_end ] --START--
INFO: Run Behavior\ShowPageTraceBehavior [ RunTime:0.001103s ]
INFO: [ app_end ] --END-- [ RunTime:0.001221s ]

[ 2016-03-22T13:49:06+08:00 ] ::1 /App/index.php/WeiXin/Test/getNews_Check
INFO: [ app_init ] --START--
INFO: Run Behavior\BuildLiteBehavior [ RunTime:0.000011s ]
INFO: [ app_init ] --END-- [ RunTime:0.000277s ]
INFO: [ app_begin ] --START--
INFO: Run Behavior\ReadHtmlCacheBehavior [ RunTime:0.000385s ]
INFO: [ app_begin ] --END-- [ RunTime:0.000424s ]
NOTIC: [2] Missing argument 1 for WeiXin\Library\Util\NewsUtil::getNew_Check(), called in E:\Soft\xampp\htdocs\App\WeiXin\Controller\TestController.class.php on line 15 and defined E:\Soft\xampp\htdocs\App\WeiXin\Library\Util\NewsUtil.class.php 第 95 行.
SQL: SHOW COLUMNS FROM `cma_user` [ RunTime:0.0113s ]
NOTIC: [8] Undefined variable: msg E:\Soft\xampp\htdocs\App\WeiXin\Library\Util\NewsUtil.class.php 第 97 行.
NOTIC: [8] Trying to get property of non-object E:\Soft\xampp\htdocs\App\WeiXin\Library\Util\NewsUtil.class.php 第 97 行.
SQL: SELECT * FROM `cma_user` WHERE ( id='823e88d2-9970-4dff' ) LIMIT 1   [ RunTime:0.0021s ]
INFO: [ app_end ] --START--
INFO: Run Behavior\ShowPageTraceBehavior [ RunTime:0.001300s ]
INFO: [ app_end ] --END-- [ RunTime:0.001421s ]

[ 2016-03-22T13:49:23+08:00 ] ::1 /App/index.php/WeiXin/Test/getNews_Check
INFO: [ app_init ] --START--
INFO: Run Behavior\BuildLiteBehavior [ RunTime:0.000010s ]
INFO: [ app_init ] --END-- [ RunTime:0.000221s ]
INFO: [ app_begin ] --START--
INFO: Run Behavior\ReadHtmlCacheBehavior [ RunTime:0.000275s ]
INFO: [ app_begin ] --END-- [ RunTime:0.000312s ]
NOTIC: [2] Missing argument 1 for WeiXin\Library\Util\NewsUtil::getNew_Check(), called in E:\Soft\xampp\htdocs\App\WeiXin\Controller\TestController.class.php on line 15 and defined E:\Soft\xampp\htdocs\App\WeiXin\Library\Util\NewsUtil.class.php 第 95 行.
SQL: SHOW COLUMNS FROM `cma_user` [ RunTime:0.0190s ]
NOTIC: [8] Undefined variable: msg E:\Soft\xampp\htdocs\App\WeiXin\Library\Util\NewsUtil.class.php 第 97 行.
NOTIC: [8] Trying to get property of non-object E:\Soft\xampp\htdocs\App\WeiXin\Library\Util\NewsUtil.class.php 第 97 行.
SQL: SELECT * FROM `cma_user` WHERE ( id='823e88d2-9970-4dff' ) LIMIT 1   [ RunTime:0.0024s ]
INFO: [ app_end ] --START--
INFO: Run Behavior\ShowPageTraceBehavior [ RunTime:0.001000s ]
INFO: [ app_end ] --END-- [ RunTime:0.001128s ]

[ 2016-03-22T13:49:35+08:00 ] ::1 /App/index.php/WeiXin/Test/getNews_Check
INFO: [ app_init ] --START--
INFO: Run Behavior\BuildLiteBehavior [ RunTime:0.000009s ]
INFO: [ app_init ] --END-- [ RunTime:0.000232s ]
INFO: [ app_begin ] --START--
INFO: Run Behavior\ReadHtmlCacheBehavior [ RunTime:0.000282s ]
INFO: [ app_begin ] --END-- [ RunTime:0.000314s ]
NOTIC: [2] Missing argument 1 for WeiXin\Library\Util\NewsUtil::getNew_Check(), called in E:\Soft\xampp\htdocs\App\WeiXin\Controller\TestController.class.php on line 15 and defined E:\Soft\xampp\htdocs\App\WeiXin\Library\Util\NewsUtil.class.php 第 95 行.
SQL: SHOW COLUMNS FROM `cma_user` [ RunTime:0.0245s ]
NOTIC: [8] Undefined variable: msg E:\Soft\xampp\htdocs\App\WeiXin\Library\Util\NewsUtil.class.php 第 97 行.
NOTIC: [8] Trying to get property of non-object E:\Soft\xampp\htdocs\App\WeiXin\Library\Util\NewsUtil.class.php 第 97 行.
SQL: SELECT * FROM `cma_user` WHERE ( id='823e88d2-9970-4dff' ) LIMIT 1   [ RunTime:0.0033s ]
INFO: [ app_end ] --START--
INFO: Run Behavior\ShowPageTraceBehavior [ RunTime:0.000763s ]
INFO: [ app_end ] --END-- [ RunTime:0.000875s ]

[ 2016-03-22T13:49:47+08:00 ] ::1 /App/index.php/WeiXin/Test/getNews_Check
INFO: [ app_init ] --START--
INFO: Run Behavior\BuildLiteBehavior [ RunTime:0.000008s ]
INFO: [ app_init ] --END-- [ RunTime:0.000217s ]
INFO: [ app_begin ] --START--
INFO: Run Behavior\ReadHtmlCacheBehavior [ RunTime:0.000284s ]
INFO: [ app_begin ] --END-- [ RunTime:0.000320s ]
NOTIC: [2] Missing argument 1 for WeiXin\Library\Util\NewsUtil::getNew_Check(), called in E:\Soft\xampp\htdocs\App\WeiXin\Controller\TestController.class.php on line 15 and defined E:\Soft\xampp\htdocs\App\WeiXin\Library\Util\NewsUtil.class.php 第 95 行.
SQL: SHOW COLUMNS FROM `cma_user` [ RunTime:0.0116s ]
NOTIC: [8] Undefined variable: msg E:\Soft\xampp\htdocs\App\WeiXin\Library\Util\NewsUtil.class.php 第 97 行.
NOTIC: [8] Trying to get property of non-object E:\Soft\xampp\htdocs\App\WeiXin\Library\Util\NewsUtil.class.php 第 97 行.
SQL: SELECT * FROM `cma_user` WHERE ( id='823e88d2-9970-4dff' ) LIMIT 1   [ RunTime:0.0026s ]
INFO: [ app_end ] --START--
INFO: Run Behavior\ShowPageTraceBehavior [ RunTime:0.000762s ]
INFO: [ app_end ] --END-- [ RunTime:0.000860s ]

[ 2016-03-22T13:49:59+08:00 ] ::1 /App/index.php/WeiXin/Test/getNews_Check
INFO: [ app_init ] --START--
INFO: Run Behavior\BuildLiteBehavior [ RunTime:0.000010s ]
INFO: [ app_init ] --END-- [ RunTime:0.000236s ]
INFO: [ app_begin ] --START--
INFO: Run Behavior\ReadHtmlCacheBehavior [ RunTime:0.000280s ]
INFO: [ app_begin ] --END-- [ RunTime:0.000312s ]
NOTIC: [2] Missing argument 1 for WeiXin\Library\Util\NewsUtil::getNew_Check(), called in E:\Soft\xampp\htdocs\App\WeiXin\Controller\TestController.class.php on line 15 and defined E:\Soft\xampp\htdocs\App\WeiXin\Library\Util\NewsUtil.class.php 第 95 行.
SQL: SHOW COLUMNS FROM `cma_user` [ RunTime:0.0217s ]
NOTIC: [8] Undefined variable: msg E:\Soft\xampp\htdocs\App\WeiXin\Library\Util\NewsUtil.class.php 第 97 行.
NOTIC: [8] Trying to get property of non-object E:\Soft\xampp\htdocs\App\WeiXin\Library\Util\NewsUtil.class.php 第 97 行.
SQL: SELECT * FROM `cma_user` WHERE ( id='823e88d2-9970-4dff' ) LIMIT 1   [ RunTime:0.0030s ]
INFO: [ app_end ] --START--
INFO: Run Behavior\ShowPageTraceBehavior [ RunTime:0.001568s ]
INFO: [ app_end ] --END-- [ RunTime:0.001791s ]

[ 2016-03-22T13:50:09+08:00 ] ::1 /App/index.php/WeiXin/Test/getNews_Check
INFO: [ app_init ] --START--
INFO: Run Behavior\BuildLiteBehavior [ RunTime:0.000010s ]
INFO: [ app_init ] --END-- [ RunTime:0.000232s ]
INFO: [ app_begin ] --START--
INFO: Run Behavior\ReadHtmlCacheBehavior [ RunTime:0.000279s ]
INFO: [ app_begin ] --END-- [ RunTime:0.000311s ]
NOTIC: [2] Missing argument 1 for WeiXin\Library\Util\NewsUtil::getNew_Check(), called in E:\Soft\xampp\htdocs\App\WeiXin\Controller\TestController.class.php on line 15 and defined E:\Soft\xampp\htdocs\App\WeiXin\Library\Util\NewsUtil.class.php 第 95 行.
SQL: SHOW COLUMNS FROM `cma_user` [ RunTime:0.0207s ]
NOTIC: [8] Undefined variable: msg E:\Soft\xampp\htdocs\App\WeiXin\Library\Util\NewsUtil.class.php 第 97 行.
NOTIC: [8] Trying to get property of non-object E:\Soft\xampp\htdocs\App\WeiXin\Library\Util\NewsUtil.class.php 第 97 行.
SQL: SELECT * FROM `cma_user` WHERE ( id='823e88d2-9970-4dff' ) LIMIT 1   [ RunTime:0.0030s ]
INFO: [ app_end ] --START--
INFO: Run Behavior\ShowPageTraceBehavior [ RunTime:0.000781s ]
INFO: [ app_end ] --END-- [ RunTime:0.000882s ]

[ 2016-03-22T13:50:22+08:00 ] ::1 /App/index.php/WeiXin/Test/getNews_Check
INFO: [ app_init ] --START--
INFO: Run Behavior\BuildLiteBehavior [ RunTime:0.000008s ]
INFO: [ app_init ] --END-- [ RunTime:0.000218s ]
INFO: [ app_begin ] --START--
INFO: Run Behavior\ReadHtmlCacheBehavior [ RunTime:0.000274s ]
INFO: [ app_begin ] --END-- [ RunTime:0.000306s ]
NOTIC: [2] Missing argument 1 for WeiXin\Library\Util\NewsUtil::getNew_Check(), called in E:\Soft\xampp\htdocs\App\WeiXin\Controller\TestController.class.php on line 15 and defined E:\Soft\xampp\htdocs\App\WeiXin\Library\Util\NewsUtil.class.php 第 95 行.
SQL: SHOW COLUMNS FROM `cma_user` [ RunTime:0.0217s ]
NOTIC: [8] Undefined variable: msg E:\Soft\xampp\htdocs\App\WeiXin\Library\Util\NewsUtil.class.php 第 97 行.
NOTIC: [8] Trying to get property of non-object E:\Soft\xampp\htdocs\App\WeiXin\Library\Util\NewsUtil.class.php 第 97 行.
SQL: SELECT * FROM `cma_user` WHERE ( id='823e88d2-9970-4dff' ) LIMIT 1   [ RunTime:0.0022s ]
INFO: [ app_end ] --START--
INFO: Run Behavior\ShowPageTraceBehavior [ RunTime:0.000912s ]
INFO: [ app_end ] --END-- [ RunTime:0.001020s ]

[ 2016-03-22T14:09:24+08:00 ] 140.207.54.74 /App/index.php/WeiXin?signature=fbc885e35c848804e2d3d08626105dd2759da9e3&timestamp=1458626962&nonce=765555078
INFO: [ app_init ] --START--
INFO: Run Behavior\BuildLiteBehavior [ RunTime:0.000019s ]
INFO: [ app_init ] --END-- [ RunTime:0.001049s ]
INFO: [ app_begin ] --START--
INFO: Run Behavior\ReadHtmlCacheBehavior [ RunTime:0.001361s ]
INFO: [ app_begin ] --END-- [ RunTime:0.001426s ]
NOTIC: [2] session_start(): Cannot send session cookie - headers already sent C:\xampp\htdocs\App\ThinkPHP\Common\functions.php 第 1263 行.
NOTIC: [2] session_start(): Cannot send session cache limiter - headers already sent C:\xampp\htdocs\App\ThinkPHP\Common\functions.php 第 1263 行.
SQL: SHOW COLUMNS FROM `cma_user` [ RunTime:0.0355s ]
SQL: SELECT * FROM `cma_user` WHERE ( id='o0_eDv5ejlvGDwYqOprX3a7Ne_VI' ) LIMIT 1   [ RunTime:0.0002s ]
NOTIC: [8] Array to string conversion C:\xampp\htdocs\App\WeiXin\Controller\IndexController.class.php 第 79 行.
INFO: [ app_end ] --START--
INFO: Run Behavior\ShowPageTraceBehavior [ RunTime:0.000719s ]
INFO: [ app_end ] --END-- [ RunTime:0.000788s ]

[ 2016-03-22T14:09:53+08:00 ] 101.226.125.114 /App/index.php/WeiXin/News/showCheck_News?id=f4311dda-2a72-9c8e-e7f0-a6df3d35552f&nsukey=fIuw%2FfezPPF8JvugQtugaWEjK6OIEq2hXj5IMVJ1qxv32Xv%2FPLOo6xg%2FMgjKPuw%2F81GV96m%2BjXujXB%2BOMxo1mA%3D%3D
INFO: [ app_init ] --START--
INFO: Run Behavior\BuildLiteBehavior [ RunTime:0.000018s ]
INFO: [ app_init ] --END-- [ RunTime:0.000426s ]
INFO: [ app_begin ] --START--
INFO: Run Behavior\ReadHtmlCacheBehavior [ RunTime:0.000668s ]
INFO: [ app_begin ] --END-- [ RunTime:0.000734s ]
INFO: [ view_parse ] --START--
INFO: [ template_filter ] --START--
INFO: Run Behavior\ContentReplaceBehavior [ RunTime:0.000083s ]
INFO: [ template_filter ] --END-- [ RunTime:0.000161s ]
INFO: Run Behavior\ParseTemplateBehavior [ RunTime:0.039263s ]
INFO: [ view_parse ] --END-- [ RunTime:0.039351s ]
INFO: [ view_filter ] --START--
INFO: Run Behavior\WriteHtmlCacheBehavior [ RunTime:0.001295s ]
INFO: [ view_filter ] --END-- [ RunTime:0.001354s ]
INFO: [ app_end ] --START--
INFO: Run Behavior\ShowPageTraceBehavior [ RunTime:0.000753s ]
INFO: [ app_end ] --END-- [ RunTime:0.000856s ]

[ 2016-03-22T14:10:05+08:00 ] 36.23.145.232 /App/index.php/WeiXin/News/showCheck_News?id=f4311dda-2a72-9c8e-e7f0-a6df3d35552f&nsukey=fIuw%2FfezPPF8JvugQtugaWEjK6OIEq2hXj5IMVJ1qxv32Xv%2FPLOo6xg%2FMgjKPuw%2F81GV96m%2BjXujXB%2BOMxo1mA%3D%3D
INFO: [ app_init ] --START--
INFO: Run Behavior\BuildLiteBehavior [ RunTime:0.000026s ]
INFO: [ app_init ] --END-- [ RunTime:0.000439s ]
INFO: [ app_begin ] --START--
INFO: Run Behavior\ReadHtmlCacheBehavior [ RunTime:0.000730s ]
INFO: [ app_begin ] --END-- [ RunTime:0.000795s ]
INFO: [ view_parse ] --START--
INFO: [ template_filter ] --START--
INFO: Run Behavior\ContentReplaceBehavior [ RunTime:0.000047s ]
INFO: [ template_filter ] --END-- [ RunTime:0.000109s ]
INFO: Run Behavior\ParseTemplateBehavior [ RunTime:0.005135s ]
INFO: [ view_parse ] --END-- [ RunTime:0.005206s ]
INFO: [ view_filter ] --START--
INFO: Run Behavior\WriteHtmlCacheBehavior [ RunTime:0.000400s ]
INFO: [ view_filter ] --END-- [ RunTime:0.000452s ]
INFO: [ app_end ] --START--
INFO: Run Behavior\ShowPageTraceBehavior [ RunTime:0.000618s ]
INFO: [ app_end ] --END-- [ RunTime:0.000677s ]

[ 2016-03-22T17:45:32+08:00 ] 140.207.54.74 /App/index.php/WeiXin?signature=23f74b0f4ef377cef375a89a04fac603b9e8a0c7&timestamp=1458639932&nonce=2011829811
INFO: [ app_init ] --START--
INFO: Run Behavior\BuildLiteBehavior [ RunTime:0.000028s ]
INFO: [ app_init ] --END-- [ RunTime:0.014986s ]
INFO: [ app_begin ] --START--
INFO: Run Behavior\ReadHtmlCacheBehavior [ RunTime:0.004163s ]
INFO: [ app_begin ] --END-- [ RunTime:0.004248s ]
NOTIC: [2] session_start(): Cannot send session cookie - headers already sent C:\xampp\htdocs\App\ThinkPHP\Common\functions.php 第 1263 行.
NOTIC: [2] session_start(): Cannot send session cache limiter - headers already sent C:\xampp\htdocs\App\ThinkPHP\Common\functions.php 第 1263 行.
INFO: [ app_end ] --START--
INFO: Run Behavior\ShowPageTraceBehavior [ RunTime:0.013339s ]
INFO: [ app_end ] --END-- [ RunTime:0.013432s ]

[ 2016-03-22T17:45:35+08:00 ] 36.23.145.232 /App/index.php/WeiXin/User?code=001b81e2eccfbfdb1a993d3c84816c44&state=123
INFO: [ app_init ] --START--
INFO: Run Behavior\BuildLiteBehavior [ RunTime:0.000017s ]
INFO: [ app_init ] --END-- [ RunTime:0.000427s ]
INFO: [ app_begin ] --START--
INFO: Run Behavior\ReadHtmlCacheBehavior [ RunTime:0.000818s ]
INFO: [ app_begin ] --END-- [ RunTime:0.000886s ]
SQL: SHOW COLUMNS FROM `cma_user` [ RunTime:0.0573s ]
SQL: SELECT * FROM `cma_user` WHERE ( id='o0_eDv5ejlvGDwYqOprX3a7Ne_VI' ) LIMIT 1   [ RunTime:0.0002s ]
INFO: [ view_parse ] --START--
INFO: [ template_filter ] --START--
INFO: Run Behavior\ContentReplaceBehavior [ RunTime:0.000071s ]
INFO: [ template_filter ] --END-- [ RunTime:0.000158s ]
INFO: Run Behavior\ParseTemplateBehavior [ RunTime:0.071450s ]
INFO: [ view_parse ] --END-- [ RunTime:0.071554s ]
INFO: [ view_filter ] --START--
INFO: Run Behavior\WriteHtmlCacheBehavior [ RunTime:0.019029s ]
INFO: [ view_filter ] --END-- [ RunTime:0.019094s ]
INFO: [ app_end ] --START--
INFO: Run Behavior\ShowPageTraceBehavior [ RunTime:0.000856s ]
INFO: [ app_end ] --END-- [ RunTime:0.000920s ]

[ 2016-03-22T17:45:53+08:00 ] 36.23.145.232 /App/index.php/WeiXin/User/update
INFO: [ app_init ] --START--
INFO: Run Behavior\BuildLiteBehavior [ RunTime:0.000018s ]
INFO: [ app_init ] --END-- [ RunTime:0.000406s ]
INFO: [ app_begin ] --START--
INFO: Run Behavior\ReadHtmlCacheBehavior [ RunTime:0.000706s ]
INFO: [ app_begin ] --END-- [ RunTime:0.000783s ]
SQL: SHOW COLUMNS FROM `cma_user` [ RunTime:0.0015s ]
SQL: UPDATE `cma_user` SET `pragnent_day`='2015-06-20' WHERE ( id='o0_eDv5ejlvGDwYqOprX3a7Ne_VI' ) [ RunTime:0.0262s ]
NOTIC: [8] Undefined variable: error C:\xampp\htdocs\App\WeiXin\Controller\UserController.class.php 第 26 行.
INFO: [ view_parse ] --START--
INFO: [ template_filter ] --START--
INFO: Run Behavior\ContentReplaceBehavior [ RunTime:0.000054s ]
INFO: [ template_filter ] --END-- [ RunTime:0.000130s ]
NOTIC: [8] Undefined variable: user C:\xampp\htdocs\App\Runtime\Cache\WeiXin\6444fbd8cc109f2977ba2a438d22a534.php 第 17 行.
NOTIC: [8] Trying to get property of non-object C:\xampp\htdocs\App\Runtime\Cache\WeiXin\6444fbd8cc109f2977ba2a438d22a534.php 第 17 行.
INFO: Run Behavior\ParseTemplateBehavior [ RunTime:0.031443s ]
INFO: [ view_parse ] --END-- [ RunTime:0.031506s ]
INFO: [ view_filter ] --START--
INFO: Run Behavior\WriteHtmlCacheBehavior [ RunTime:0.000384s ]
INFO: [ view_filter ] --END-- [ RunTime:0.000436s ]
INFO: [ app_end ] --START--
INFO: Run Behavior\ShowPageTraceBehavior [ RunTime:0.000724s ]
INFO: [ app_end ] --END-- [ RunTime:0.000796s ]

[ 2016-03-22T17:45:55+08:00 ] 101.226.125.120 /App/index.php/WeiXin/User/update?nsukey=MoMNn0AIe7gXkSs2PgFxdm%2FxwuoXRLtpCbrpQt31gMLybHqhtC54O%2FNJg%2BwbcZEcTB1j00eQWMt8AIQEUEOEfw%3D%3D
INFO: [ app_init ] --START--
INFO: Run Behavior\BuildLiteBehavior [ RunTime:0.000026s ]
INFO: [ app_init ] --END-- [ RunTime:0.000579s ]
INFO: [ app_begin ] --START--
INFO: Run Behavior\ReadHtmlCacheBehavior [ RunTime:0.000602s ]
INFO: [ app_begin ] --END-- [ RunTime:0.000669s ]
NOTIC: [8] Undefined index: pragnent_day C:\xampp\htdocs\App\WeiXin\Controller\UserController.class.php 第 13 行.
NOTIC: [8] Undefined index: openId C:\xampp\htdocs\App\WeiXin\Controller\UserController.class.php 第 14 行.
INFO: [ view_parse ] --START--
INFO: [ template_filter ] --START--
INFO: Run Behavior\ContentReplaceBehavior [ RunTime:0.000059s ]
INFO: [ template_filter ] --END-- [ RunTime:0.000137s ]
NOTIC: [8] Undefined variable: user C:\xampp\htdocs\App\Runtime\Cache\WeiXin\6444fbd8cc109f2977ba2a438d22a534.php 第 17 行.
NOTIC: [8] Trying to get property of non-object C:\xampp\htdocs\App\Runtime\Cache\WeiXin\6444fbd8cc109f2977ba2a438d22a534.php 第 17 行.
NOTIC: [8] Undefined variable: openId C:\xampp\htdocs\App\Runtime\Cache\WeiXin\6444fbd8cc109f2977ba2a438d22a534.php 第 20 行.
NOTIC: [8] Undefined variable: pragnent_day C:\xampp\htdocs\App\Runtime\Cache\WeiXin\6444fbd8cc109f2977ba2a438d22a534.php 第 21 行.
INFO: Run Behavior\ParseTemplateBehavior [ RunTime:0.006548s ]
INFO: [ view_parse ] --END-- [ RunTime:0.006609s ]
INFO: [ view_filter ] --START--
INFO: Run Behavior\WriteHtmlCacheBehavior [ RunTime:0.000413s ]
INFO: [ view_filter ] --END-- [ RunTime:0.000466s ]
INFO: [ app_end ] --START--
INFO: Run Behavior\ShowPageTraceBehavior [ RunTime:0.000645s ]
INFO: [ app_end ] --END-- [ RunTime:0.000714s ]

[ 2016-03-22T17:45:57+08:00 ] 36.23.145.232 /App/index.php/WeiXin/User/update?nsukey=MoMNn0AIe7gXkSs2PgFxdm%2FxwuoXRLtpCbrpQt31gMLybHqhtC54O%2FNJg%2BwbcZEcTB1j00eQWMt8AIQEUEOEfw%3D%3D
INFO: [ app_init ] --START--
INFO: Run Behavior\BuildLiteBehavior [ RunTime:0.000017s ]
INFO: [ app_init ] --END-- [ RunTime:0.000440s ]
INFO: [ app_begin ] --START--
INFO: Run Behavior\ReadHtmlCacheBehavior [ RunTime:0.000739s ]
INFO: [ app_begin ] --END-- [ RunTime:0.000811s ]
NOTIC: [8] Undefined index: pragnent_day C:\xampp\htdocs\App\WeiXin\Controller\UserController.class.php 第 13 行.
NOTIC: [8] Undefined index: openId C:\xampp\htdocs\App\WeiXin\Controller\UserController.class.php 第 14 行.
INFO: [ view_parse ] --START--
INFO: [ template_filter ] --START--
INFO: Run Behavior\ContentReplaceBehavior [ RunTime:0.000047s ]
INFO: [ template_filter ] --END-- [ RunTime:0.000105s ]
NOTIC: [8] Undefined variable: user C:\xampp\htdocs\App\Runtime\Cache\WeiXin\6444fbd8cc109f2977ba2a438d22a534.php 第 17 行.
NOTIC: [8] Trying to get property of non-object C:\xampp\htdocs\App\Runtime\Cache\WeiXin\6444fbd8cc109f2977ba2a438d22a534.php 第 17 行.
NOTIC: [8] Undefined variable: openId C:\xampp\htdocs\App\Runtime\Cache\WeiXin\6444fbd8cc109f2977ba2a438d22a534.php 第 20 行.
NOTIC: [8] Undefined variable: pragnent_day C:\xampp\htdocs\App\Runtime\Cache\WeiXin\6444fbd8cc109f2977ba2a438d22a534.php 第 21 行.
INFO: Run Behavior\ParseTemplateBehavior [ RunTime:0.006336s ]
INFO: [ view_parse ] --END-- [ RunTime:0.006396s ]
INFO: [ view_filter ] --START--
INFO: Run Behavior\WriteHtmlCacheBehavior [ RunTime:0.000452s ]
INFO: [ view_filter ] --END-- [ RunTime:0.000502s ]
INFO: [ app_end ] --START--
INFO: Run Behavior\ShowPageTraceBehavior [ RunTime:0.000674s ]
INFO: [ app_end ] --END-- [ RunTime:0.000730s ]

[ 2016-03-22T17:46:07+08:00 ] 140.207.54.74 /App/index.php/WeiXin?signature=e80faaa658b08011003fba1b3f13487b2bb4edfc&timestamp=1458639965&nonce=1698022090
INFO: [ app_init ] --START--
INFO: Run Behavior\BuildLiteBehavior [ RunTime:0.000018s ]
INFO: [ app_init ] --END-- [ RunTime:0.000426s ]
INFO: [ app_begin ] --START--
INFO: Run Behavior\ReadHtmlCacheBehavior [ RunTime:0.000687s ]
INFO: [ app_begin ] --END-- [ RunTime:0.000761s ]
NOTIC: [2] session_start(): Cannot send session cookie - headers already sent C:\xampp\htdocs\App\ThinkPHP\Common\functions.php 第 1263 行.
NOTIC: [2] session_start(): Cannot send session cache limiter - headers already sent C:\xampp\htdocs\App\ThinkPHP\Common\functions.php 第 1263 行.
SQL: SHOW COLUMNS FROM `cma_user` [ RunTime:0.0013s ]
SQL: SELECT * FROM `cma_user` WHERE ( id='o0_eDv5ejlvGDwYqOprX3a7Ne_VI' ) LIMIT 1   [ RunTime:0.0007s ]
NOTIC: [8] Array to string conversion C:\xampp\htdocs\App\WeiXin\Controller\IndexController.class.php 第 79 行.
INFO: [ app_end ] --START--
INFO: Run Behavior\ShowPageTraceBehavior [ RunTime:0.000875s ]
INFO: [ app_end ] --END-- [ RunTime:0.000949s ]

[ 2016-03-22T17:46:26+08:00 ] 140.207.54.158 /App/index.php/WeiXin/News/showCheck_News?id=166b2943-0e0d-b551-a9b8-13da2f88f888&nsukey=ixOfEnqd474ObliHOlphsRKdwaM%2FrcG1PyX6SviBy22sqWiLI6TmXm1S%2FY4d859nki%2B9EJsRelY%2BZ%2BxgOQqKFA%3D%3D
INFO: [ app_init ] --START--
INFO: Run Behavior\BuildLiteBehavior [ RunTime:0.000027s ]
INFO: [ app_init ] --END-- [ RunTime:0.000687s ]
INFO: [ app_begin ] --START--
INFO: Run Behavior\ReadHtmlCacheBehavior [ RunTime:0.000738s ]
INFO: [ app_begin ] --END-- [ RunTime:0.000809s ]
INFO: [ view_parse ] --START--
INFO: [ template_filter ] --START--
INFO: Run Behavior\ContentReplaceBehavior [ RunTime:0.000046s ]
INFO: [ template_filter ] --END-- [ RunTime:0.000112s ]
INFO: Run Behavior\ParseTemplateBehavior [ RunTime:0.026291s ]
INFO: [ view_parse ] --END-- [ RunTime:0.026364s ]
INFO: [ view_filter ] --START--
INFO: Run Behavior\WriteHtmlCacheBehavior [ RunTime:0.000487s ]
INFO: [ view_filter ] --END-- [ RunTime:0.000540s ]
INFO: [ app_end ] --START--
INFO: Run Behavior\ShowPageTraceBehavior [ RunTime:0.000706s ]
INFO: [ app_end ] --END-- [ RunTime:0.000768s ]

[ 2016-03-22T17:46:32+08:00 ] 36.23.145.232 /App/index.php/WeiXin/News/showCheck_News?id=166b2943-0e0d-b551-a9b8-13da2f88f888&nsukey=ixOfEnqd474ObliHOlphsRKdwaM%2FrcG1PyX6SviBy22sqWiLI6TmXm1S%2FY4d859nki%2B9EJsRelY%2BZ%2BxgOQqKFA%3D%3D
INFO: [ app_init ] --START--
INFO: Run Behavior\BuildLiteBehavior [ RunTime:0.000018s ]
INFO: [ app_init ] --END-- [ RunTime:0.000421s ]
INFO: [ app_begin ] --START--
INFO: Run Behavior\ReadHtmlCacheBehavior [ RunTime:0.000673s ]
INFO: [ app_begin ] --END-- [ RunTime:0.000738s ]
INFO: [ view_parse ] --START--
INFO: [ template_filter ] --START--
INFO: Run Behavior\ContentReplaceBehavior [ RunTime:0.000051s ]
INFO: [ template_filter ] --END-- [ RunTime:0.000130s ]
INFO: Run Behavior\ParseTemplateBehavior [ RunTime:0.005900s ]
INFO: [ view_parse ] --END-- [ RunTime:0.005970s ]
INFO: [ view_filter ] --START--
INFO: Run Behavior\WriteHtmlCacheBehavior [ RunTime:0.000457s ]
INFO: [ view_filter ] --END-- [ RunTime:0.000511s ]
INFO: [ app_end ] --START--
INFO: Run Behavior\ShowPageTraceBehavior [ RunTime:0.000779s ]
INFO: [ app_end ] --END-- [ RunTime:0.000861s ]

[ 2016-03-22T17:46:55+08:00 ] 140.207.54.74 /App/index.php/WeiXin?signature=87ac11bf3a7cdbd9eff339f6144f1868362821c8&timestamp=1458640014&nonce=1269469597
INFO: [ app_init ] --START--
INFO: Run Behavior\BuildLiteBehavior [ RunTime:0.000018s ]
INFO: [ app_init ] --END-- [ RunTime:0.000408s ]
INFO: [ app_begin ] --START--
INFO: Run Behavior\ReadHtmlCacheBehavior [ RunTime:0.000777s ]
INFO: [ app_begin ] --END-- [ RunTime:0.000844s ]
NOTIC: [2] session_start(): Cannot send session cookie - headers already sent C:\xampp\htdocs\App\ThinkPHP\Common\functions.php 第 1263 行.
NOTIC: [2] session_start(): Cannot send session cache limiter - headers already sent C:\xampp\htdocs\App\ThinkPHP\Common\functions.php 第 1263 行.
NOTIC: [8] Undefined index: picurl C:\xampp\htdocs\App\ThinkPHP\Library\Gaoming13\WechatPhpSdk\Wechat.class.php 第 306 行.
INFO: [ app_end ] --START--
INFO: Run Behavior\ShowPageTraceBehavior [ RunTime:0.000707s ]
INFO: [ app_end ] --END-- [ RunTime:0.000778s ]

[ 2016-03-22T17:47:00+08:00 ] 140.207.54.74 /App/index.php/WeiXin?signature=30ee207443e46ab7ad662231355ef7ce60192943&timestamp=1458640019&nonce=360500064
INFO: [ app_init ] --START--
INFO: Run Behavior\BuildLiteBehavior [ RunTime:0.000017s ]
INFO: [ app_init ] --END-- [ RunTime:0.000368s ]
INFO: [ app_begin ] --START--
INFO: Run Behavior\ReadHtmlCacheBehavior [ RunTime:0.000448s ]
INFO: [ app_begin ] --END-- [ RunTime:0.000512s ]
NOTIC: [2] session_start(): Cannot send session cookie - headers already sent C:\xampp\htdocs\App\ThinkPHP\Common\functions.php 第 1263 行.
NOTIC: [2] session_start(): Cannot send session cache limiter - headers already sent C:\xampp\htdocs\App\ThinkPHP\Common\functions.php 第 1263 行.
SQL: SHOW COLUMNS FROM `cma_user_device` [ RunTime:0.0292s ]
SQL: SELECT * FROM `cma_user_device` WHERE ( openId='o0_eDv5ejlvGDwYqOprX3a7Ne_VI' )  [ RunTime:0.0002s ]
SQL: SHOW COLUMNS FROM `cma_record` [ RunTime:0.0365s ]
SQL: SELECT * FROM `cma_record` WHERE `deviceId` IN ('807d513a-d84f-4dfd-97d4-0228213f3143') ORDER BY record_time desc LIMIT 5   [ RunTime:0.0004s ]
INFO: [ app_end ] --START--
INFO: Run Behavior\ShowPageTraceBehavior [ RunTime:0.000619s ]
INFO: [ app_end ] --END-- [ RunTime:0.000680s ]

[ 2016-03-22T17:47:05+08:00 ] 101.226.125.14 /App/index.php/WeiXin/Record/showRecord?id=3bd9472d-0ec8-4512-a18d-4db457b5040c&nsukey=g2a1%2BLEAMbLoE8g7VE70qha9jxuiqNfcaKYtUGXd2Z%2Bp5QkRKEv629ek1ffLtzUpMrh4UhZDFb922NXHuK%2BWoA%3D%3D
INFO: [ app_init ] --START--
INFO: Run Behavior\BuildLiteBehavior [ RunTime:0.000018s ]
INFO: [ app_init ] --END-- [ RunTime:0.000362s ]
INFO: [ app_begin ] --START--
INFO: Run Behavior\ReadHtmlCacheBehavior [ RunTime:0.000454s ]
INFO: [ app_begin ] --END-- [ RunTime:0.000517s ]
SQL: SHOW COLUMNS FROM `cma_record` [ RunTime:0.0015s ]
SQL: SELECT * FROM `cma_record` WHERE ( id='3bd9472d-0ec8-4512-a18d-4db457b5040c' ) LIMIT 1   [ RunTime:0.0004s ]
NOTIC: [8] A non well formed numeric value encountered C:\xampp\htdocs\App\WeiXin\Controller\RecordController.class.php 第 55 行.
INFO: [ view_parse ] --START--
INFO: [ template_filter ] --START--
INFO: Run Behavior\ContentReplaceBehavior [ RunTime:0.000073s ]
INFO: [ template_filter ] --END-- [ RunTime:0.000134s ]
NOTIC: [8] Undefined variable: user C:\xampp\htdocs\App\Runtime\Cache\WeiXin\39a07b56a7b94e5e0907fa7cc4cc19e5.php 第 19 行.
NOTIC: [8] Trying to get property of non-object C:\xampp\htdocs\App\Runtime\Cache\WeiXin\39a07b56a7b94e5e0907fa7cc4cc19e5.php 第 19 行.
INFO: Run Behavior\ParseTemplateBehavior [ RunTime:0.024524s ]
INFO: [ view_parse ] --END-- [ RunTime:0.024596s ]
INFO: [ view_filter ] --START--
INFO: Run Behavior\WriteHtmlCacheBehavior [ RunTime:0.000358s ]
INFO: [ view_filter ] --END-- [ RunTime:0.000410s ]
INFO: [ app_end ] --START--
INFO: Run Behavior\ShowPageTraceBehavior [ RunTime:0.000456s ]
INFO: [ app_end ] --END-- [ RunTime:0.000511s ]

[ 2016-03-22T17:47:08+08:00 ] 101.226.125.14 /App/index.php/WeiXin/Record/createRecord.html?id=3bd9472d-0ec8-4512-a18d-4db457b5040c
INFO: [ app_init ] --START--
INFO: Run Behavior\BuildLiteBehavior [ RunTime:0.000018s ]
INFO: [ app_init ] --END-- [ RunTime:0.000446s ]
INFO: [ app_begin ] --START--
INFO: Run Behavior\ReadHtmlCacheBehavior [ RunTime:0.000784s ]
INFO: [ app_begin ] --END-- [ RunTime:0.000865s ]
SQL: SHOW COLUMNS FROM `cma_record` [ RunTime:0.0015s ]
SQL: SELECT * FROM `cma_record` WHERE ( id='3bd9472d-0ec8-4512-a18d-4db457b5040c' ) LIMIT 1   [ RunTime:0.0004s ]
NOTIC: [8] Undefined index: record_time C:\xampp\htdocs\App\WeiXin\Controller\RecordController.class.php 第 83 行.
INFO: [ app_end ] --START--
INFO: Run Behavior\ShowPageTraceBehavior [ RunTime:0.000848s ]
INFO: [ app_end ] --END-- [ RunTime:0.000930s ]

[ 2016-03-22T17:47:09+08:00 ] 36.23.145.232 /App/index.php/WeiXin/Record/showRecord?id=3bd9472d-0ec8-4512-a18d-4db457b5040c&nsukey=g2a1%2BLEAMbLoE8g7VE70qha9jxuiqNfcaKYtUGXd2Z%2Bp5QkRKEv629ek1ffLtzUpMrh4UhZDFb922NXHuK%2BWoA%3D%3D
INFO: [ app_init ] --START--
INFO: Run Behavior\BuildLiteBehavior [ RunTime:0.000018s ]
INFO: [ app_init ] --END-- [ RunTime:0.000432s ]
INFO: [ app_begin ] --START--
INFO: Run Behavior\ReadHtmlCacheBehavior [ RunTime:0.000734s ]
INFO: [ app_begin ] --END-- [ RunTime:0.000806s ]
SQL: SHOW COLUMNS FROM `cma_record` [ RunTime:0.0016s ]
SQL: SELECT * FROM `cma_record` WHERE ( id='3bd9472d-0ec8-4512-a18d-4db457b5040c' ) LIMIT 1   [ RunTime:0.0004s ]
NOTIC: [8] A non well formed numeric value encountered C:\xampp\htdocs\App\WeiXin\Controller\RecordController.class.php 第 55 行.
INFO: [ view_parse ] --START--
INFO: [ template_filter ] --START--
INFO: Run Behavior\ContentReplaceBehavior [ RunTime:0.000074s ]
INFO: [ template_filter ] --END-- [ RunTime:0.000138s ]
NOTIC: [8] Undefined variable: user C:\xampp\htdocs\App\Runtime\Cache\WeiXin\39a07b56a7b94e5e0907fa7cc4cc19e5.php 第 19 行.
NOTIC: [8] Trying to get property of non-object C:\xampp\htdocs\App\Runtime\Cache\WeiXin\39a07b56a7b94e5e0907fa7cc4cc19e5.php 第 19 行.
INFO: Run Behavior\ParseTemplateBehavior [ RunTime:0.014761s ]
INFO: [ view_parse ] --END-- [ RunTime:0.014822s ]
INFO: [ view_filter ] --START--
INFO: Run Behavior\WriteHtmlCacheBehavior [ RunTime:0.000525s ]
INFO: [ view_filter ] --END-- [ RunTime:0.000580s ]
INFO: [ app_end ] --START--
INFO: Run Behavior\ShowPageTraceBehavior [ RunTime:0.000722s ]
INFO: [ app_end ] --END-- [ RunTime:0.000776s ]

[ 2016-03-22T17:47:11+08:00 ] 36.23.145.232 /App/index.php/WeiXin/Record/createRecord.html?id=3bd9472d-0ec8-4512-a18d-4db457b5040c
INFO: [ app_init ] --START--
INFO: Run Behavior\BuildLiteBehavior [ RunTime:0.000020s ]
INFO: [ app_init ] --END-- [ RunTime:0.000415s ]
INFO: [ app_begin ] --START--
INFO: Run Behavior\ReadHtmlCacheBehavior [ RunTime:0.000589s ]
INFO: [ app_begin ] --END-- [ RunTime:0.000653s ]
SQL: SHOW COLUMNS FROM `cma_record` [ RunTime:0.0017s ]
SQL: SELECT * FROM `cma_record` WHERE ( id='3bd9472d-0ec8-4512-a18d-4db457b5040c' ) LIMIT 1   [ RunTime:0.0004s ]
NOTIC: [8] Undefined index: record_time C:\xampp\htdocs\App\WeiXin\Controller\RecordController.class.php 第 83 行.
INFO: [ app_end ] --START--
INFO: Run Behavior\ShowPageTraceBehavior [ RunTime:0.000853s ]
INFO: [ app_end ] --END-- [ RunTime:0.000935s ]

[ 2016-03-22T17:47:20+08:00 ] 140.207.54.74 /App/index.php/WeiXin?signature=f613133ac6c74432bfaec2267561735a0f2299a3&timestamp=1458640040&nonce=954211857
INFO: [ app_init ] --START--
INFO: Run Behavior\BuildLiteBehavior [ RunTime:0.000018s ]
INFO: [ app_init ] --END-- [ RunTime:0.000481s ]
INFO: [ app_begin ] --START--
INFO: Run Behavior\ReadHtmlCacheBehavior [ RunTime:0.000667s ]
INFO: [ app_begin ] --END-- [ RunTime:0.000735s ]
NOTIC: [2] session_start(): Cannot send session cookie - headers already sent C:\xampp\htdocs\App\ThinkPHP\Common\functions.php 第 1263 行.
NOTIC: [2] session_start(): Cannot send session cache limiter - headers already sent C:\xampp\htdocs\App\ThinkPHP\Common\functions.php 第 1263 行.
INFO: [ app_end ] --START--
INFO: Run Behavior\ShowPageTraceBehavior [ RunTime:0.000945s ]
INFO: [ app_end ] --END-- [ RunTime:0.001037s ]

[ 2016-03-22T17:47:22+08:00 ] 36.23.145.232 /App/index.php/WeiXin/Record/getHistory?code=011c1cfedef914646b1703a6edf28fb3&state=123
INFO: [ app_init ] --START--
INFO: Run Behavior\BuildLiteBehavior [ RunTime:0.000017s ]
INFO: [ app_init ] --END-- [ RunTime:0.000429s ]
INFO: [ app_begin ] --START--
INFO: Run Behavior\ReadHtmlCacheBehavior [ RunTime:0.000710s ]
INFO: [ app_begin ] --END-- [ RunTime:0.000778s ]
SQL: SHOW COLUMNS FROM `cma_user` [ RunTime:0.0013s ]
SQL: SELECT * FROM `cma_user` WHERE ( id='o0_eDv5ejlvGDwYqOprX3a7Ne_VI' ) LIMIT 1   [ RunTime:0.0001s ]
SQL: SHOW COLUMNS FROM `cma_user_device` [ RunTime:0.0010s ]
SQL: SELECT * FROM `cma_user_device` WHERE ( openId='o0_eDv5ejlvGDwYqOprX3a7Ne_VI' )  [ RunTime:0.0002s ]
SQL: SHOW COLUMNS FROM `cma_record` [ RunTime:0.0012s ]
SQL: SELECT `id`,`deviceId`,`cm_count`,`max_count`,`record_time`,`point_second`,`during_time`,`modify_value`,`upload_time` FROM `cma_record` WHERE `deviceId` IN ('807d513a-d84f-4dfd-97d4-0228213f3143') ORDER BY record_time desc  [ RunTime:0.0002s ]
INFO: [ view_parse ] --START--
INFO: [ template_filter ] --START--
INFO: Run Behavior\ContentReplaceBehavior [ RunTime:0.000058s ]
INFO: [ template_filter ] --END-- [ RunTime:0.000124s ]
INFO: Run Behavior\ParseTemplateBehavior [ RunTime:0.036644s ]
INFO: [ view_parse ] --END-- [ RunTime:0.036724s ]
INFO: [ view_filter ] --START--
INFO: Run Behavior\WriteHtmlCacheBehavior [ RunTime:0.000466s ]
INFO: [ view_filter ] --END-- [ RunTime:0.000519s ]
INFO: [ app_end ] --START--
INFO: Run Behavior\ShowPageTraceBehavior [ RunTime:0.000674s ]
INFO: [ app_end ] --END-- [ RunTime:0.000727s ]

[ 2016-03-22T17:48:47+08:00 ] 140.207.63.103 /App/index.php/WeiXin/News/showNews?id=54&nsukey=%2BlLpwENE9Cd%2BrujxqZDINbaZkBML8dkGiVtZMr%2FoLQdPLCMwbMm0mjeOeuj%2B9Xh2qc6tV%2BGG9drrIPkBjR6YZA%3D%3D
INFO: [ app_init ] --START--
INFO: Run Behavior\BuildLiteBehavior [ RunTime:0.000018s ]
INFO: [ app_init ] --END-- [ RunTime:0.000429s ]
INFO: [ app_begin ] --START--
INFO: Run Behavior\ReadHtmlCacheBehavior [ RunTime:0.000713s ]
INFO: [ app_begin ] --END-- [ RunTime:0.000781s ]
INFO: [ view_parse ] --START--
INFO: [ template_filter ] --START--
INFO: Run Behavior\ContentReplaceBehavior [ RunTime:0.000059s ]
INFO: [ template_filter ] --END-- [ RunTime:0.000134s ]
INFO: Run Behavior\ParseTemplateBehavior [ RunTime:0.018042s ]
INFO: [ view_parse ] --END-- [ RunTime:0.018132s ]
INFO: [ view_filter ] --START--
INFO: Run Behavior\WriteHtmlCacheBehavior [ RunTime:0.000473s ]
INFO: [ view_filter ] --END-- [ RunTime:0.000527s ]
INFO: [ app_end ] --START--
INFO: Run Behavior\ShowPageTraceBehavior [ RunTime:0.000674s ]
INFO: [ app_end ] --END-- [ RunTime:0.000733s ]

[ 2016-03-22T17:48:49+08:00 ] 140.207.54.187 /App/index.php/WeiXin/News/showNews?id=54&nsukey=%2BlLpwENE9Cd%2BrujxqZDINbaZkBML8dkGiVtZMr%2FoLQdPLCMwbMm0mjeOeuj%2B9Xh2qc6tV%2BGG9drrIPkBjR6YZA%3D%3D
INFO: [ app_init ] --START--
INFO: Run Behavior\BuildLiteBehavior [ RunTime:0.000018s ]
INFO: [ app_init ] --END-- [ RunTime:0.000432s ]
INFO: [ app_begin ] --START--
INFO: Run Behavior\ReadHtmlCacheBehavior [ RunTime:0.000717s ]
INFO: [ app_begin ] --END-- [ RunTime:0.000782s ]
INFO: [ view_parse ] --START--
INFO: [ template_filter ] --START--
INFO: Run Behavior\ContentReplaceBehavior [ RunTime:0.000058s ]
INFO: [ template_filter ] --END-- [ RunTime:0.000128s ]
INFO: Run Behavior\ParseTemplateBehavior [ RunTime:0.014569s ]
INFO: [ view_parse ] --END-- [ RunTime:0.014650s ]
INFO: [ view_filter ] --START--
INFO: Run Behavior\WriteHtmlCacheBehavior [ RunTime:0.000502s ]
INFO: [ view_filter ] --END-- [ RunTime:0.000556s ]
INFO: [ app_end ] --START--
INFO: Run Behavior\ShowPageTraceBehavior [ RunTime:0.000696s ]
INFO: [ app_end ] --END-- [ RunTime:0.000753s ]

[ 2016-03-22T17:48:54+08:00 ] 36.23.145.232 /App/index.php/WeiXin/News/showNews?id=54&nsukey=%2BlLpwENE9Cd%2BrujxqZDINbaZkBML8dkGiVtZMr%2FoLQdPLCMwbMm0mjeOeuj%2B9Xh2qc6tV%2BGG9drrIPkBjR6YZA%3D%3D
INFO: [ app_init ] --START--
INFO: Run Behavior\BuildLiteBehavior [ RunTime:0.000017s ]
INFO: [ app_init ] --END-- [ RunTime:0.000502s ]
INFO: [ app_begin ] --START--
INFO: Run Behavior\ReadHtmlCacheBehavior [ RunTime:0.000706s ]
INFO: [ app_begin ] --END-- [ RunTime:0.000772s ]
INFO: [ view_parse ] --START--
INFO: [ template_filter ] --START--
INFO: Run Behavior\ContentReplaceBehavior [ RunTime:0.000060s ]
INFO: [ template_filter ] --END-- [ RunTime:0.000134s ]
INFO: Run Behavior\ParseTemplateBehavior [ RunTime:0.015017s ]
INFO: [ view_parse ] --END-- [ RunTime:0.015093s ]
INFO: [ view_filter ] --START--
INFO: Run Behavior\WriteHtmlCacheBehavior [ RunTime:0.000516s ]
INFO: [ view_filter ] --END-- [ RunTime:0.000568s ]
INFO: [ app_end ] --START--
INFO: Run Behavior\ShowPageTraceBehavior [ RunTime:0.000704s ]
INFO: [ app_end ] --END-- [ RunTime:0.000772s ]

