[ 2016-03-23T16:13:40+08:00 ] 140.207.54.74 /App/index.php/WeiXin?signature=2514bfa53b4b4e85ee16cb9670feb78b8db2c84e&timestamp=1458720819&nonce=1292294563
INFO: [ app_init ] --START--
INFO: Run Behavior\BuildLiteBehavior [ RunTime:0.000018s ]
INFO: [ app_init ] --END-- [ RunTime:0.000374s ]
INFO: [ app_begin ] --START--
INFO: Run Behavior\ReadHtmlCacheBehavior [ RunTime:0.000809s ]
INFO: [ app_begin ] --END-- [ RunTime:0.000893s ]
NOTIC: [2] session_start(): Cannot send session cookie - headers already sent C:\xampp\htdocs\App\ThinkPHP\Common\functions.php 第 1263 行.
NOTIC: [2] session_start(): Cannot send session cache limiter - headers already sent C:\xampp\htdocs\App\ThinkPHP\Common\functions.php 第 1263 行.
SQL: SHOW COLUMNS FROM `cma_user` [ RunTime:0.0014s ]
SQL: SELECT * FROM `cma_user` WHERE ( id='o0_eDv5ejlvGDwYqOprX3a7Ne_VI' ) LIMIT 1   [ RunTime:0.0002s ]
NOTIC: [8] Array to string conversion C:\xampp\htdocs\App\WeiXin\Library\Util\DeviceUtil.class.php 第 22 行.
SQL: SHOW COLUMNS FROM `cma_device` [ RunTime:0.0010s ]
SQL: SELECT * FROM `cma_device` WHERE ( device_id='807d513a-d84f-4dfd-97d4-0228213f3143' ) LIMIT 1   [ RunTime:0.0002s ]
SQL: SHOW COLUMNS FROM `cma_user_device` [ RunTime:0.0013s ]
SQL: SELECT * FROM `cma_user_device` WHERE ( openId='o0_eDv5ejlvGDwYqOprX3a7Ne_VI' And deviceId='807d513a-d84f-4dfd-97d4-0228213f3143' ) LIMIT 1   [ RunTime:0.0004s ]
SQL: INSERT INTO `cma_user_device` (`deviceId`) VALUES ('807d513a-d84f-4dfd-97d4-0228213f3143') [ RunTime:0.0106s ]
INFO: [ app_end ] --START--
INFO: Run Behavior\ShowPageTraceBehavior [ RunTime:0.000722s ]
INFO: [ app_end ] --END-- [ RunTime:0.000787s ]

[ 2016-03-23T16:15:08+08:00 ] 140.207.54.74 /App/index.php/WeiXin?signature=8fba4231af5cd702104bb3beb6c9d3a36131b2eb&timestamp=1458720907&nonce=440380249
INFO: [ app_init ] --START--
INFO: Run Behavior\BuildLiteBehavior [ RunTime:0.000018s ]
INFO: [ app_init ] --END-- [ RunTime:0.000337s ]
INFO: [ app_begin ] --START--
INFO: Run Behavior\ReadHtmlCacheBehavior [ RunTime:0.000427s ]
INFO: [ app_begin ] --END-- [ RunTime:0.000491s ]
NOTIC: [2] session_start(): Cannot send session cookie - headers already sent C:\xampp\htdocs\App\ThinkPHP\Common\functions.php 第 1263 行.
NOTIC: [2] session_start(): Cannot send session cache limiter - headers already sent C:\xampp\htdocs\App\ThinkPHP\Common\functions.php 第 1263 行.
SQL: SHOW COLUMNS FROM `cma_user` [ RunTime:0.0205s ]
SQL: SELECT * FROM `cma_user` WHERE ( id='o0_eDv5ejlvGDwYqOprX3a7Ne_VI' ) LIMIT 1   [ RunTime:0.0002s ]
NOTIC: [8] Array to string conversion C:\xampp\htdocs\App\WeiXin\Library\Util\DeviceUtil.class.php 第 22 行.
SQL: SHOW COLUMNS FROM `cma_device` [ RunTime:0.0011s ]
SQL: SELECT * FROM `cma_device` WHERE ( device_id='807d513a-d84f-4dfd-97d4-0228213f3143' ) LIMIT 1   [ RunTime:0.0002s ]
SQL: SHOW COLUMNS FROM `cma_user_device` [ RunTime:0.0011s ]
SQL: SELECT * FROM `cma_user_device` WHERE ( openId='o0_eDv5ejlvGDwYqOprX3a7Ne_VI' And deviceId='807d513a-d84f-4dfd-97d4-0228213f3143' ) LIMIT 1   [ RunTime:0.0004s ]
SQL: INSERT INTO `cma_user_device` (`openId`,`deviceId`) VALUES ('123','123') [ RunTime:0.0105s ]
INFO: [ app_end ] --START--
INFO: Run Behavior\ShowPageTraceBehavior [ RunTime:0.000575s ]
INFO: [ app_end ] --END-- [ RunTime:0.000644s ]

[ 2016-03-23T16:17:03+08:00 ] 140.207.54.74 /App/index.php/WeiXin?signature=a736886f21c4d326ea0662809a6f1eff61057523&timestamp=1458721022&nonce=1792925114
INFO: [ app_init ] --START--
INFO: Run Behavior\BuildLiteBehavior [ RunTime:0.000017s ]
INFO: [ app_init ] --END-- [ RunTime:0.000369s ]
INFO: [ app_begin ] --START--
INFO: Run Behavior\ReadHtmlCacheBehavior [ RunTime:0.000532s ]
INFO: [ app_begin ] --END-- [ RunTime:0.000596s ]
NOTIC: [2] session_start(): Cannot send session cookie - headers already sent C:\xampp\htdocs\App\ThinkPHP\Common\functions.php 第 1263 行.
NOTIC: [2] session_start(): Cannot send session cache limiter - headers already sent C:\xampp\htdocs\App\ThinkPHP\Common\functions.php 第 1263 行.
SQL: SHOW COLUMNS FROM `cma_user` [ RunTime:0.0014s ]
SQL: SELECT * FROM `cma_user` WHERE ( id='o0_eDv5ejlvGDwYqOprX3a7Ne_VI' ) LIMIT 1   [ RunTime:0.0002s ]
NOTIC: [8] Array to string conversion C:\xampp\htdocs\App\WeiXin\Library\Util\DeviceUtil.class.php 第 22 行.
SQL: SHOW COLUMNS FROM `cma_device` [ RunTime:0.0010s ]
SQL: SELECT * FROM `cma_device` WHERE ( device_id='807d513a-d84f-4dfd-97d4-0228213f3143' ) LIMIT 1   [ RunTime:0.0002s ]
SQL: SHOW COLUMNS FROM `cma_user_device` [ RunTime:0.0010s ]
SQL: SELECT * FROM `cma_user_device` WHERE ( openId='o0_eDv5ejlvGDwYqOprX3a7Ne_VI' And deviceId='807d513a-d84f-4dfd-97d4-0228213f3143' ) LIMIT 1   [ RunTime:0.0004s ]
SQL: INSERT INTO `cma_user_device` (`openId`,`deviceId`) VALUES ('o0_eDv5ejlvGDwYqOprX3a7Ne_VI','807d513a-d84f-4dfd-97d4-0228213f3143') [ RunTime:0.0105s ]
INFO: [ app_end ] --START--
INFO: Run Behavior\ShowPageTraceBehavior [ RunTime:0.000668s ]
INFO: [ app_end ] --END-- [ RunTime:0.000735s ]

[ 2016-03-23T16:17:41+08:00 ] 140.207.54.74 /App/index.php/WeiXin?signature=c40e918c72c7ae6d66661a48a5ab35c507a62d29&timestamp=1458721060&nonce=884079719
INFO: [ app_init ] --START--
INFO: Run Behavior\BuildLiteBehavior [ RunTime:0.000017s ]
INFO: [ app_init ] --END-- [ RunTime:0.000338s ]
INFO: [ app_begin ] --START--
INFO: Run Behavior\ReadHtmlCacheBehavior [ RunTime:0.000429s ]
INFO: [ app_begin ] --END-- [ RunTime:0.000497s ]
NOTIC: [2] session_start(): Cannot send session cookie - headers already sent C:\xampp\htdocs\App\ThinkPHP\Common\functions.php 第 1263 行.
NOTIC: [2] session_start(): Cannot send session cache limiter - headers already sent C:\xampp\htdocs\App\ThinkPHP\Common\functions.php 第 1263 行.
SQL: SHOW COLUMNS FROM `cma_user` [ RunTime:0.0026s ]
SQL: SELECT * FROM `cma_user` WHERE ( id='o0_eDv5ejlvGDwYqOprX3a7Ne_VI' ) LIMIT 1   [ RunTime:0.0003s ]
SQL: INSERT INTO `cma_user` (`id`) VALUES ('o0_eDv5ejlvGDwYqOprX3a7Ne_VI') [ RunTime:0.0101s ]
SQL: SHOW COLUMNS FROM `cma_device` [ RunTime:0.0012s ]
SQL: SELECT * FROM `cma_device` WHERE ( device_id='807d513a-d84f-4dfd-97d4-0228213f3143' ) LIMIT 1   [ RunTime:0.0001s ]
SQL: SHOW COLUMNS FROM `cma_user_device` [ RunTime:0.0011s ]
SQL: SELECT * FROM `cma_user_device` WHERE ( openId='o0_eDv5ejlvGDwYqOprX3a7Ne_VI' And deviceId='807d513a-d84f-4dfd-97d4-0228213f3143' ) LIMIT 1   [ RunTime:0.0003s ]
INFO: [ app_end ] --START--
INFO: Run Behavior\ShowPageTraceBehavior [ RunTime:0.000636s ]
INFO: [ app_end ] --END-- [ RunTime:0.000699s ]

[ 2016-03-23T16:18:23+08:00 ] 140.207.54.74 /App/index.php/WeiXin?signature=e6f4a898b11ad6d1588ce7c6012d205a500f035b&timestamp=1458721102&nonce=287659077
INFO: [ app_init ] --START--
INFO: Run Behavior\BuildLiteBehavior [ RunTime:0.000019s ]
INFO: [ app_init ] --END-- [ RunTime:0.000346s ]
INFO: [ app_begin ] --START--
INFO: Run Behavior\ReadHtmlCacheBehavior [ RunTime:0.000432s ]
INFO: [ app_begin ] --END-- [ RunTime:0.000496s ]
NOTIC: [2] session_start(): Cannot send session cookie - headers already sent C:\xampp\htdocs\App\ThinkPHP\Common\functions.php 第 1263 行.
NOTIC: [2] session_start(): Cannot send session cache limiter - headers already sent C:\xampp\htdocs\App\ThinkPHP\Common\functions.php 第 1263 行.
SQL: SHOW COLUMNS FROM `cma_user` [ RunTime:0.0015s ]
SQL: SELECT * FROM `cma_user` WHERE ( id='o0_eDv5ejlvGDwYqOprX3a7Ne_VI' ) LIMIT 1   [ RunTime:0.0004s ]
NOTIC: [8] Array to string conversion C:\xampp\htdocs\App\WeiXin\Library\Util\DeviceUtil.class.php 第 22 行.
SQL: SHOW COLUMNS FROM `cma_device` [ RunTime:0.0010s ]
SQL: SELECT * FROM `cma_device` WHERE ( device_id='807d513a-d84f-4dfd-97d4-0228213f3143' ) LIMIT 1   [ RunTime:0.0002s ]
SQL: SHOW COLUMNS FROM `cma_user_device` [ RunTime:0.0011s ]
SQL: SELECT * FROM `cma_user_device` WHERE ( openId='o0_eDv5ejlvGDwYqOprX3a7Ne_VI' And deviceId='807d513a-d84f-4dfd-97d4-0228213f3143' ) LIMIT 1   [ RunTime:0.0003s ]
SQL: INSERT INTO `cma_user_device` (`openId`,`deviceId`) VALUES ('o0_eDv5ejlvGDwYqOprX3a7Ne_VI','807d513a-d84f-4dfd-97d4-0228213f3143') [ RunTime:0.0093s ]
INFO: [ app_end ] --START--
INFO: Run Behavior\ShowPageTraceBehavior [ RunTime:0.000602s ]
INFO: [ app_end ] --END-- [ RunTime:0.000668s ]

[ 2016-03-23T16:19:53+08:00 ] 140.207.54.74 /App/index.php/WeiXin?signature=81416fcba8c6d8ca18b1c37b4dca88295f708280&timestamp=1458721192&nonce=928570538
INFO: [ app_init ] --START--
INFO: Run Behavior\BuildLiteBehavior [ RunTime:0.000018s ]
INFO: [ app_init ] --END-- [ RunTime:0.000372s ]
INFO: [ app_begin ] --START--
INFO: Run Behavior\ReadHtmlCacheBehavior [ RunTime:0.000530s ]
INFO: [ app_begin ] --END-- [ RunTime:0.000595s ]
NOTIC: [2] session_start(): Cannot send session cookie - headers already sent C:\xampp\htdocs\App\ThinkPHP\Common\functions.php 第 1263 行.
NOTIC: [2] session_start(): Cannot send session cache limiter - headers already sent C:\xampp\htdocs\App\ThinkPHP\Common\functions.php 第 1263 行.
SQL: SHOW COLUMNS FROM `cma_user` [ RunTime:0.0027s ]
SQL: SELECT * FROM `cma_user` WHERE ( id='o0_eDv5ejlvGDwYqOprX3a7Ne_VI' ) LIMIT 1   [ RunTime:0.0002s ]
NOTIC: [8] Array to string conversion C:\xampp\htdocs\App\WeiXin\Library\Util\DeviceUtil.class.php 第 22 行.
SQL: SHOW COLUMNS FROM `cma_device` [ RunTime:0.0010s ]
SQL: SELECT * FROM `cma_device` WHERE ( device_id='807d513a-d84f-4dfd-97d4-0228213f3143' ) LIMIT 1   [ RunTime:0.0002s ]
SQL: SHOW COLUMNS FROM `cma_user_device` [ RunTime:0.0012s ]
SQL: SELECT * FROM `cma_user_device` WHERE ( openId='o0_eDv5ejlvGDwYqOprX3a7Ne_VI' And deviceId='807d513a-d84f-4dfd-97d4-0228213f3143' ) LIMIT 1   [ RunTime:0.0004s ]
SQL: INSERT INTO `cma_user_device` (`openId`,`deviceId`) VALUES ('o0_eDv5ejlvGDwYqOprX3a7Ne_VI','807d513a-d84f-4dfd-97d4-0228213f3143') [ RunTime:0.0074s ]
INFO: [ app_end ] --START--
INFO: Run Behavior\ShowPageTraceBehavior [ RunTime:0.000681s ]
INFO: [ app_end ] --END-- [ RunTime:0.000745s ]

[ 2016-03-23T16:20:12+08:00 ] 140.207.54.74 /App/index.php/WeiXin?signature=2ff2248a07570b0c2ee25b48f8cb27d966e6b650&timestamp=1458721212&nonce=1051258509
INFO: [ app_init ] --START--
INFO: Run Behavior\BuildLiteBehavior [ RunTime:0.000025s ]
INFO: [ app_init ] --END-- [ RunTime:0.000590s ]
INFO: [ app_begin ] --START--
INFO: Run Behavior\ReadHtmlCacheBehavior [ RunTime:0.000447s ]
INFO: [ app_begin ] --END-- [ RunTime:0.000510s ]
NOTIC: [2] session_start(): Cannot send session cookie - headers already sent C:\xampp\htdocs\App\ThinkPHP\Common\functions.php 第 1263 行.
NOTIC: [2] session_start(): Cannot send session cache limiter - headers already sent C:\xampp\htdocs\App\ThinkPHP\Common\functions.php 第 1263 行.
INFO: [ app_end ] --START--
INFO: Run Behavior\ShowPageTraceBehavior [ RunTime:0.000445s ]
INFO: [ app_end ] --END-- [ RunTime:0.000514s ]

[ 2016-03-23T16:20:14+08:00 ] 101.226.125.114 /App/index.php/WeiXin/User?code=031eaa15cc4781f058e60a2ae49e89c7&state=123
INFO: [ app_init ] --START--
INFO: Run Behavior\BuildLiteBehavior [ RunTime:0.000017s ]
INFO: [ app_init ] --END-- [ RunTime:0.000346s ]
INFO: [ app_begin ] --START--
INFO: Run Behavior\ReadHtmlCacheBehavior [ RunTime:0.000491s ]
INFO: [ app_begin ] --END-- [ RunTime:0.000554s ]
SQL: SHOW COLUMNS FROM `cma_user` [ RunTime:0.0013s ]
SQL: SELECT * FROM `cma_user` WHERE ( id='o0_eDv5ejlvGDwYqOprX3a7Ne_VI' ) LIMIT 1   [ RunTime:0.0001s ]
INFO: [ view_parse ] --START--
INFO: [ template_filter ] --START--
INFO: Run Behavior\ContentReplaceBehavior [ RunTime:0.000063s ]
INFO: [ template_filter ] --END-- [ RunTime:0.000124s ]
INFO: Run Behavior\ParseTemplateBehavior [ RunTime:0.006049s ]
INFO: [ view_parse ] --END-- [ RunTime:0.006115s ]
INFO: [ view_filter ] --START--
INFO: Run Behavior\WriteHtmlCacheBehavior [ RunTime:0.000337s ]
INFO: [ view_filter ] --END-- [ RunTime:0.000388s ]
INFO: [ app_end ] --START--
INFO: Run Behavior\ShowPageTraceBehavior [ RunTime:0.000453s ]
INFO: [ app_end ] --END-- [ RunTime:0.000507s ]

[ 2016-03-23T16:20:21+08:00 ] 101.226.125.114 /App/index.php/WeiXin/User/update
INFO: [ app_init ] --START--
INFO: Run Behavior\BuildLiteBehavior [ RunTime:0.000017s ]
INFO: [ app_init ] --END-- [ RunTime:0.000336s ]
INFO: [ app_begin ] --START--
INFO: Run Behavior\ReadHtmlCacheBehavior [ RunTime:0.000431s ]
INFO: [ app_begin ] --END-- [ RunTime:0.000503s ]
SQL: SHOW COLUMNS FROM `cma_user` [ RunTime:0.0014s ]
SQL: UPDATE `cma_user` SET `pragnent_day`='2016-03-23' WHERE ( id='o0_eDv5ejlvGDwYqOprX3a7Ne_VI' ) [ RunTime:0.0073s ]
NOTIC: [8] Undefined variable: error C:\xampp\htdocs\App\WeiXin\Controller\UserController.class.php 第 32 行.
INFO: [ view_parse ] --START--
INFO: [ template_filter ] --START--
INFO: Run Behavior\ContentReplaceBehavior [ RunTime:0.000053s ]
INFO: [ template_filter ] --END-- [ RunTime:0.000115s ]
NOTIC: [8] Undefined variable: user C:\xampp\htdocs\App\Runtime\Cache\WeiXin\6444fbd8cc109f2977ba2a438d22a534.php 第 17 行.
NOTIC: [8] Trying to get property of non-object C:\xampp\htdocs\App\Runtime\Cache\WeiXin\6444fbd8cc109f2977ba2a438d22a534.php 第 17 行.
INFO: Run Behavior\ParseTemplateBehavior [ RunTime:0.005325s ]
INFO: [ view_parse ] --END-- [ RunTime:0.005384s ]
INFO: [ view_filter ] --START--
INFO: Run Behavior\WriteHtmlCacheBehavior [ RunTime:0.000344s ]
INFO: [ view_filter ] --END-- [ RunTime:0.000395s ]
INFO: [ app_end ] --START--
INFO: Run Behavior\ShowPageTraceBehavior [ RunTime:0.000441s ]
INFO: [ app_end ] --END-- [ RunTime:0.000497s ]

[ 2016-03-23T16:20:26+08:00 ] 140.207.54.74 /App/index.php/WeiXin?signature=4094f122d2e16089d468bf50ca8770228b1c0386&timestamp=1458721226&nonce=2117366667
INFO: [ app_init ] --START--
INFO: Run Behavior\BuildLiteBehavior [ RunTime:0.000022s ]
INFO: [ app_init ] --END-- [ RunTime:0.000436s ]
INFO: [ app_begin ] --START--
INFO: Run Behavior\ReadHtmlCacheBehavior [ RunTime:0.000560s ]
INFO: [ app_begin ] --END-- [ RunTime:0.000624s ]
NOTIC: [2] session_start(): Cannot send session cookie - headers already sent C:\xampp\htdocs\App\ThinkPHP\Common\functions.php 第 1263 行.
NOTIC: [2] session_start(): Cannot send session cache limiter - headers already sent C:\xampp\htdocs\App\ThinkPHP\Common\functions.php 第 1263 行.
INFO: [ app_end ] --START--
INFO: Run Behavior\ShowPageTraceBehavior [ RunTime:0.000502s ]
INFO: [ app_end ] --END-- [ RunTime:0.000570s ]

[ 2016-03-23T16:20:30+08:00 ] 140.207.54.74 /App/index.php/WeiXin?signature=ec6b950432ec70861d23afddd78dd640defa309f&timestamp=1458721228&nonce=663837795
INFO: [ app_init ] --START--
INFO: Run Behavior\BuildLiteBehavior [ RunTime:0.000018s ]
INFO: [ app_init ] --END-- [ RunTime:0.000341s ]
INFO: [ app_begin ] --START--
INFO: Run Behavior\ReadHtmlCacheBehavior [ RunTime:0.000433s ]
INFO: [ app_begin ] --END-- [ RunTime:0.000498s ]
NOTIC: [2] session_start(): Cannot send session cookie - headers already sent C:\xampp\htdocs\App\ThinkPHP\Common\functions.php 第 1263 行.
NOTIC: [2] session_start(): Cannot send session cache limiter - headers already sent C:\xampp\htdocs\App\ThinkPHP\Common\functions.php 第 1263 行.
SQL: SHOW COLUMNS FROM `cma_user` [ RunTime:0.0028s ]
SQL: SELECT * FROM `cma_user` WHERE ( id='o0_eDv5ejlvGDwYqOprX3a7Ne_VI' ) LIMIT 1   [ RunTime:0.0004s ]
NOTIC: [8] Array to string conversion C:\xampp\htdocs\App\WeiXin\Controller\IndexController.class.php 第 81 行.
INFO: [ app_end ] --START--
INFO: Run Behavior\ShowPageTraceBehavior [ RunTime:0.000457s ]
INFO: [ app_end ] --END-- [ RunTime:0.000522s ]

[ 2016-03-23T16:20:35+08:00 ] 140.207.54.74 /App/index.php/WeiXin?signature=00bf5aa6143f5242c71648609a643a9e33a64bda&timestamp=1458721234&nonce=398157178
INFO: [ app_init ] --START--
INFO: Run Behavior\BuildLiteBehavior [ RunTime:0.000018s ]
INFO: [ app_init ] --END-- [ RunTime:0.000351s ]
INFO: [ app_begin ] --START--
INFO: Run Behavior\ReadHtmlCacheBehavior [ RunTime:0.000432s ]
INFO: [ app_begin ] --END-- [ RunTime:0.000508s ]
NOTIC: [2] session_start(): Cannot send session cookie - headers already sent C:\xampp\htdocs\App\ThinkPHP\Common\functions.php 第 1263 行.
NOTIC: [2] session_start(): Cannot send session cache limiter - headers already sent C:\xampp\htdocs\App\ThinkPHP\Common\functions.php 第 1263 行.
SQL: SHOW COLUMNS FROM `cma_user_device` [ RunTime:0.0013s ]
SQL: SELECT * FROM `cma_user_device` WHERE ( openId='o0_eDv5ejlvGDwYqOprX3a7Ne_VI' )  [ RunTime:0.0008s ]
SQL: SHOW COLUMNS FROM `cma_record` [ RunTime:0.0012s ]
SQL: SELECT * FROM `cma_record` WHERE `deviceId` IN ('807d513a-d84f-4dfd-97d4-0228213f3143') ORDER BY record_time desc LIMIT 5   [ RunTime:0.0009s ]
INFO: [ app_end ] --START--
INFO: Run Behavior\ShowPageTraceBehavior [ RunTime:0.000549s ]
INFO: [ app_end ] --END-- [ RunTime:0.000615s ]

[ 2016-03-23T16:20:46+08:00 ] 140.207.54.74 /App/index.php/WeiXin?signature=d305c86f23aed098432d7b6824f1f8c9d5f1678a&timestamp=1458721246&nonce=1764504612
INFO: [ app_init ] --START--
INFO: Run Behavior\BuildLiteBehavior [ RunTime:0.000019s ]
INFO: [ app_init ] --END-- [ RunTime:0.000358s ]
INFO: [ app_begin ] --START--
INFO: Run Behavior\ReadHtmlCacheBehavior [ RunTime:0.000441s ]
INFO: [ app_begin ] --END-- [ RunTime:0.000507s ]
NOTIC: [2] session_start(): Cannot send session cookie - headers already sent C:\xampp\htdocs\App\ThinkPHP\Common\functions.php 第 1263 行.
NOTIC: [2] session_start(): Cannot send session cache limiter - headers already sent C:\xampp\htdocs\App\ThinkPHP\Common\functions.php 第 1263 行.
INFO: [ app_end ] --START--
INFO: Run Behavior\ShowPageTraceBehavior [ RunTime:0.000568s ]
INFO: [ app_end ] --END-- [ RunTime:0.000653s ]

[ 2016-03-23T16:22:15+08:00 ] 140.207.54.75 /App/index.php/WeiXin?signature=0bd65cefd5cf37e2da70046cd284563b7b9fc081&timestamp=1458721334&nonce=1448076885
INFO: [ app_init ] --START--
INFO: Run Behavior\BuildLiteBehavior [ RunTime:0.000018s ]
INFO: [ app_init ] --END-- [ RunTime:0.000334s ]
INFO: [ app_begin ] --START--
INFO: Run Behavior\ReadHtmlCacheBehavior [ RunTime:0.000427s ]
INFO: [ app_begin ] --END-- [ RunTime:0.000489s ]
NOTIC: [2] session_start(): Cannot send session cookie - headers already sent C:\xampp\htdocs\App\ThinkPHP\Common\functions.php 第 1263 行.
NOTIC: [2] session_start(): Cannot send session cache limiter - headers already sent C:\xampp\htdocs\App\ThinkPHP\Common\functions.php 第 1263 行.
SQL: SHOW COLUMNS FROM `cma_user` [ RunTime:0.0025s ]
SQL: SELECT * FROM `cma_user` WHERE ( id='o0_eDv5ejlvGDwYqOprX3a7Ne_VI' ) LIMIT 1   [ RunTime:0.0003s ]
SQL: INSERT INTO `cma_user` (`id`) VALUES ('o0_eDv5ejlvGDwYqOprX3a7Ne_VI') [ RunTime:0.0073s ]
SQL: SHOW COLUMNS FROM `cma_device` [ RunTime:0.0010s ]
SQL: SELECT * FROM `cma_device` WHERE ( device_id='807d513a-d84f-4dfd-97d4-0228213f3143' ) LIMIT 1   [ RunTime:0.0002s ]
SQL: SHOW COLUMNS FROM `cma_user_device` [ RunTime:0.0010s ]
SQL: SELECT * FROM `cma_user_device` WHERE ( openId='o0_eDv5ejlvGDwYqOprX3a7Ne_VI' And deviceId='807d513a-d84f-4dfd-97d4-0228213f3143' ) LIMIT 1   [ RunTime:0.0003s ]
SQL: INSERT INTO `cma_user_device` (`openId`,`deviceId`) VALUES ('o0_eDv5ejlvGDwYqOprX3a7Ne_VI','807d513a-d84f-4dfd-97d4-0228213f3143') [ RunTime:0.0077s ]
INFO: [ app_end ] --START--
INFO: Run Behavior\ShowPageTraceBehavior [ RunTime:0.000584s ]
INFO: [ app_end ] --END-- [ RunTime:0.000646s ]

[ 2016-03-23T16:22:45+08:00 ] 140.207.54.74 /App/index.php/WeiXin?signature=f64b97d41bb6ea428de8ebd6f6abf5f5ac4874bc&timestamp=1458721364&nonce=829399757
INFO: [ app_init ] --START--
INFO: Run Behavior\BuildLiteBehavior [ RunTime:0.000018s ]
INFO: [ app_init ] --END-- [ RunTime:0.000371s ]
INFO: [ app_begin ] --START--
INFO: Run Behavior\ReadHtmlCacheBehavior [ RunTime:0.000518s ]
INFO: [ app_begin ] --END-- [ RunTime:0.000582s ]
NOTIC: [2] session_start(): Cannot send session cookie - headers already sent C:\xampp\htdocs\App\ThinkPHP\Common\functions.php 第 1263 行.
NOTIC: [2] session_start(): Cannot send session cache limiter - headers already sent C:\xampp\htdocs\App\ThinkPHP\Common\functions.php 第 1263 行.
SQL: SHOW COLUMNS FROM `cma_user` [ RunTime:0.0024s ]
SQL: SELECT * FROM `cma_user` WHERE ( id='o0_eDv5ejlvGDwYqOprX3a7Ne_VI' ) LIMIT 1   [ RunTime:0.0004s ]
NOTIC: [8] Array to string conversion C:\xampp\htdocs\App\WeiXin\Library\Util\DeviceUtil.class.php 第 22 行.
SQL: SHOW COLUMNS FROM `cma_device` [ RunTime:0.0010s ]
SQL: SELECT * FROM `cma_device` WHERE ( device_id='807d513a-d84f-4dfd-97d4-0228213f3143' ) LIMIT 1   [ RunTime:0.0002s ]
SQL: SHOW COLUMNS FROM `cma_user_device` [ RunTime:0.0010s ]
SQL: SELECT * FROM `cma_user_device` WHERE ( openId='o0_eDv5ejlvGDwYqOprX3a7Ne_VI' And deviceId='807d513a-d84f-4dfd-97d4-0228213f3143' ) LIMIT 1   [ RunTime:0.0003s ]
INFO: [ app_end ] --START--
INFO: Run Behavior\ShowPageTraceBehavior [ RunTime:0.000653s ]
INFO: [ app_end ] --END-- [ RunTime:0.000727s ]

