[ 2016-03-23T12:47:32+08:00 ] 122.233.78.250 /App/index.php/Uploader/Blog/forumManege.html
INFO: [ app_init ] --START--
INFO: Run Behavior\BuildLiteBehavior [ RunTime:0.000017s ]
INFO: [ app_init ] --END-- [ RunTime:0.000428s ]
INFO: [ app_begin ] --START--
INFO: Run Behavior\ReadHtmlCacheBehavior [ RunTime:0.000749s ]
INFO: [ app_begin ] --END-- [ RunTime:0.000816s ]
SQL: SHOW COLUMNS FROM `news_forum` [ RunTime:0.0338s ]
SQL: SELECT * FROM `news_forum`  [ RunTime:0.0003s ]
INFO: [ view_parse ] --START--
INFO: [ template_filter ] --START--
INFO: Run Behavior\ContentReplaceBehavior [ RunTime:0.000094s ]
INFO: [ template_filter ] --END-- [ RunTime:0.000156s ]
INFO: Run Behavior\ParseTemplateBehavior [ RunTime:0.024049s ]
INFO: [ view_parse ] --END-- [ RunTime:0.024114s ]
INFO: [ view_filter ] --START--
INFO: Run Behavior\WriteHtmlCacheBehavior [ RunTime:0.000488s ]
INFO: [ view_filter ] --END-- [ RunTime:0.000541s ]
INFO: [ app_end ] --START--
INFO: Run Behavior\ShowPageTraceBehavior [ RunTime:0.000688s ]
INFO: [ app_end ] --END-- [ RunTime:0.000748s ]

[ 2016-03-23T12:47:35+08:00 ] 122.233.78.250 /App/index.php/Uploader/Article/listView.html?forum_id=cbe2c785-e643-4e49-87d0-a96993cdb86e
INFO: [ app_init ] --START--
INFO: Run Behavior\BuildLiteBehavior [ RunTime:0.000021s ]
INFO: [ app_init ] --END-- [ RunTime:0.000407s ]
INFO: [ app_begin ] --START--
INFO: Run Behavior\ReadHtmlCacheBehavior [ RunTime:0.000517s ]
INFO: [ app_begin ] --END-- [ RunTime:0.000586s ]
NOTIC: [2048] Declaration of Uploader\Controller\ArticleController::show() should be compatible with Think\Controller::show($content, $charset = '', $contentType = '', $prefix = '') C:\xampp\htdocs\App\Uploader\Controller\ArticleController.class.php 第 209 行.
SQL: SHOW COLUMNS FROM `news_article` [ RunTime:0.0243s ]
SQL: SELECT * FROM `news_article` WHERE ( forum_id='cbe2c785-e643-4e49-87d0-a96993cdb86e' ) ORDER BY position asc  [ RunTime:0.0017s ]
INFO: [ view_parse ] --START--
INFO: [ template_filter ] --START--
INFO: Run Behavior\ContentReplaceBehavior [ RunTime:0.000109s ]
INFO: [ template_filter ] --END-- [ RunTime:0.000173s ]
INFO: Run Behavior\ParseTemplateBehavior [ RunTime:0.025167s ]
INFO: [ view_parse ] --END-- [ RunTime:0.025231s ]
INFO: [ view_filter ] --START--
INFO: Run Behavior\WriteHtmlCacheBehavior [ RunTime:0.000341s ]
INFO: [ view_filter ] --END-- [ RunTime:0.000394s ]
INFO: [ app_end ] --START--
INFO: Run Behavior\ShowPageTraceBehavior [ RunTime:0.000451s ]
INFO: [ app_end ] --END-- [ RunTime:0.000507s ]

[ 2016-03-23T12:47:41+08:00 ] 122.233.78.250 /App/index.php/Uploader/Img/listView.html
INFO: [ app_init ] --START--
INFO: Run Behavior\BuildLiteBehavior [ RunTime:0.000017s ]
INFO: [ app_init ] --END-- [ RunTime:0.000348s ]
INFO: [ app_begin ] --START--
INFO: Run Behavior\ReadHtmlCacheBehavior [ RunTime:0.000467s ]
INFO: [ app_begin ] --END-- [ RunTime:0.000541s ]
INFO: [ view_parse ] --START--
INFO: [ template_filter ] --START--
INFO: Run Behavior\ContentReplaceBehavior [ RunTime:0.000113s ]
INFO: [ template_filter ] --END-- [ RunTime:0.000180s ]
INFO: Run Behavior\ParseTemplateBehavior [ RunTime:0.018271s ]
INFO: [ view_parse ] --END-- [ RunTime:0.018356s ]
INFO: [ view_filter ] --START--
INFO: Run Behavior\WriteHtmlCacheBehavior [ RunTime:0.000339s ]
INFO: [ view_filter ] --END-- [ RunTime:0.000391s ]
INFO: [ app_end ] --START--
INFO: Run Behavior\ShowPageTraceBehavior [ RunTime:0.000452s ]
INFO: [ app_end ] --END-- [ RunTime:0.000514s ]

[ 2016-03-23T12:47:42+08:00 ] 122.233.78.250 /App/index.php/Uploader/Img/createTree.html
INFO: [ app_init ] --START--
INFO: Run Behavior\BuildLiteBehavior [ RunTime:0.000019s ]
INFO: [ app_init ] --END-- [ RunTime:0.000438s ]
INFO: [ app_begin ] --START--
INFO: Run Behavior\ReadHtmlCacheBehavior [ RunTime:0.000642s ]
INFO: [ app_begin ] --END-- [ RunTime:0.000704s ]
NOTIC: [8192] Function ereg() is deprecated C:\xampp\htdocs\App\Uploader\Controller\ImgController.class.php 第 115 行.
NOTIC: [8192] Function ereg() is deprecated C:\xampp\htdocs\App\Uploader\Controller\ImgController.class.php 第 115 行.
NOTIC: [8192] Function ereg() is deprecated C:\xampp\htdocs\App\Uploader\Controller\ImgController.class.php 第 115 行.
NOTIC: [8192] Function ereg() is deprecated C:\xampp\htdocs\App\Uploader\Controller\ImgController.class.php 第 115 行.
NOTIC: [8192] Function ereg() is deprecated C:\xampp\htdocs\App\Uploader\Controller\ImgController.class.php 第 115 行.
NOTIC: [8192] Function ereg() is deprecated C:\xampp\htdocs\App\Uploader\Controller\ImgController.class.php 第 115 行.
NOTIC: [8192] Function ereg() is deprecated C:\xampp\htdocs\App\Uploader\Controller\ImgController.class.php 第 115 行.
NOTIC: [8192] Function ereg() is deprecated C:\xampp\htdocs\App\Uploader\Controller\ImgController.class.php 第 115 行.
NOTIC: [8192] Function ereg() is deprecated C:\xampp\htdocs\App\Uploader\Controller\ImgController.class.php 第 115 行.
NOTIC: [8192] Function ereg() is deprecated C:\xampp\htdocs\App\Uploader\Controller\ImgController.class.php 第 115 行.
NOTIC: [8192] Function ereg() is deprecated C:\xampp\htdocs\App\Uploader\Controller\ImgController.class.php 第 115 行.
NOTIC: [8192] Function ereg() is deprecated C:\xampp\htdocs\App\Uploader\Controller\ImgController.class.php 第 115 行.
NOTIC: [8192] Function ereg() is deprecated C:\xampp\htdocs\App\Uploader\Controller\ImgController.class.php 第 115 行.
NOTIC: [8192] Function ereg() is deprecated C:\xampp\htdocs\App\Uploader\Controller\ImgController.class.php 第 115 行.
NOTIC: [8192] Function ereg() is deprecated C:\xampp\htdocs\App\Uploader\Controller\ImgController.class.php 第 115 行.
NOTIC: [8192] Function ereg() is deprecated C:\xampp\htdocs\App\Uploader\Controller\ImgController.class.php 第 115 行.
NOTIC: [8192] Function ereg() is deprecated C:\xampp\htdocs\App\Uploader\Controller\ImgController.class.php 第 115 行.
INFO: [ app_end ] --START--
INFO: Run Behavior\ShowPageTraceBehavior [ RunTime:0.000742s ]
INFO: [ app_end ] --END-- [ RunTime:0.000806s ]

[ 2016-03-23T12:47:46+08:00 ] 122.233.78.250 /App/index.php/Uploader/Img/listImgs.html
INFO: [ app_init ] --START--
INFO: Run Behavior\BuildLiteBehavior [ RunTime:0.000017s ]
INFO: [ app_init ] --END-- [ RunTime:0.000438s ]
INFO: [ app_begin ] --START--
INFO: Run Behavior\ReadHtmlCacheBehavior [ RunTime:0.000717s ]
INFO: [ app_begin ] --END-- [ RunTime:0.000779s ]
INFO: [ app_end ] --START--
INFO: Run Behavior\ShowPageTraceBehavior [ RunTime:0.000704s ]
INFO: [ app_end ] --END-- [ RunTime:0.000765s ]

[ 2016-03-23T12:47:46+08:00 ] 122.233.78.250 /App/index.php/Uploader/Img/getImg.html?path=/2016/03/18/cb465a11-54bb-e7a7-2ac9-e7b2b714be23.png
INFO: [ app_init ] --START--
INFO: Run Behavior\BuildLiteBehavior [ RunTime:0.000019s ]
INFO: [ app_init ] --END-- [ RunTime:0.000506s ]
INFO: [ app_begin ] --START--
INFO: Run Behavior\ReadHtmlCacheBehavior [ RunTime:0.000748s ]
INFO: [ app_begin ] --END-- [ RunTime:0.000813s ]
INFO: [ app_end ] --START--
INFO: Run Behavior\ShowPageTraceBehavior [ RunTime:0.000745s ]
INFO: [ app_end ] --END-- [ RunTime:0.000819s ]

[ 2016-03-23T12:47:46+08:00 ] 122.233.78.250 /App/index.php/Uploader/Img/getImg.html?path=/2016/03/18/3019c968-0891-1351-2387-3573ea9e3b08.jpg
INFO: [ app_init ] --START--
INFO: Run Behavior\BuildLiteBehavior [ RunTime:0.000018s ]
INFO: [ app_init ] --END-- [ RunTime:0.000374s ]
INFO: [ app_begin ] --START--
INFO: Run Behavior\ReadHtmlCacheBehavior [ RunTime:0.000505s ]
INFO: [ app_begin ] --END-- [ RunTime:0.000569s ]
INFO: [ app_end ] --START--
INFO: Run Behavior\ShowPageTraceBehavior [ RunTime:0.000911s ]
INFO: [ app_end ] --END-- [ RunTime:0.000992s ]

[ 2016-03-23T12:47:46+08:00 ] 122.233.78.250 /App/index.php/Uploader/Img/getImg.html?path=/2016/03/18/41236c7b-4521-158c-3c7a-052a76eb0a6f.jpg
INFO: [ app_init ] --START--
INFO: Run Behavior\BuildLiteBehavior [ RunTime:0.000016s ]
INFO: [ app_init ] --END-- [ RunTime:0.000460s ]
INFO: [ app_begin ] --START--
INFO: Run Behavior\ReadHtmlCacheBehavior [ RunTime:0.000639s ]
INFO: [ app_begin ] --END-- [ RunTime:0.000703s ]
INFO: [ app_end ] --START--
INFO: Run Behavior\ShowPageTraceBehavior [ RunTime:0.001246s ]
INFO: [ app_end ] --END-- [ RunTime:0.001373s ]

[ 2016-03-23T12:48:04+08:00 ] 122.233.78.250 /App/index.php/Uploader/Blog/forumManege.html
INFO: [ app_init ] --START--
INFO: Run Behavior\BuildLiteBehavior [ RunTime:0.000020s ]
INFO: [ app_init ] --END-- [ RunTime:0.000466s ]
INFO: [ app_begin ] --START--
INFO: Run Behavior\ReadHtmlCacheBehavior [ RunTime:0.000814s ]
INFO: [ app_begin ] --END-- [ RunTime:0.000899s ]
SQL: SHOW COLUMNS FROM `news_forum` [ RunTime:0.0014s ]
SQL: SELECT * FROM `news_forum`  [ RunTime:0.0003s ]
INFO: [ view_parse ] --START--
INFO: [ template_filter ] --START--
INFO: Run Behavior\ContentReplaceBehavior [ RunTime:0.000106s ]
INFO: [ template_filter ] --END-- [ RunTime:0.000189s ]
INFO: Run Behavior\ParseTemplateBehavior [ RunTime:0.011761s ]
INFO: [ view_parse ] --END-- [ RunTime:0.011831s ]
INFO: [ view_filter ] --START--
INFO: Run Behavior\WriteHtmlCacheBehavior [ RunTime:0.000533s ]
INFO: [ view_filter ] --END-- [ RunTime:0.000588s ]
INFO: [ app_end ] --START--
INFO: Run Behavior\ShowPageTraceBehavior [ RunTime:0.000751s ]
INFO: [ app_end ] --END-- [ RunTime:0.000814s ]

[ 2016-03-23T12:48:06+08:00 ] 122.233.78.250 /App/index.php/Uploader/Img/listView.html
INFO: [ app_init ] --START--
INFO: Run Behavior\BuildLiteBehavior [ RunTime:0.000018s ]
INFO: [ app_init ] --END-- [ RunTime:0.000429s ]
INFO: [ app_begin ] --START--
INFO: Run Behavior\ReadHtmlCacheBehavior [ RunTime:0.000648s ]
INFO: [ app_begin ] --END-- [ RunTime:0.000714s ]
INFO: [ view_parse ] --START--
INFO: [ template_filter ] --START--
INFO: Run Behavior\ContentReplaceBehavior [ RunTime:0.000109s ]
INFO: [ template_filter ] --END-- [ RunTime:0.000167s ]
INFO: Run Behavior\ParseTemplateBehavior [ RunTime:0.011008s ]
INFO: [ view_parse ] --END-- [ RunTime:0.011072s ]
INFO: [ view_filter ] --START--
INFO: Run Behavior\WriteHtmlCacheBehavior [ RunTime:0.000467s ]
INFO: [ view_filter ] --END-- [ RunTime:0.000520s ]
INFO: [ app_end ] --START--
INFO: Run Behavior\ShowPageTraceBehavior [ RunTime:0.000672s ]
INFO: [ app_end ] --END-- [ RunTime:0.000736s ]

[ 2016-03-23T12:48:07+08:00 ] 122.233.78.250 /App/index.php/Uploader/Img/createTree.html
INFO: [ app_init ] --START--
INFO: Run Behavior\BuildLiteBehavior [ RunTime:0.000022s ]
INFO: [ app_init ] --END-- [ RunTime:0.000476s ]
INFO: [ app_begin ] --START--
INFO: Run Behavior\ReadHtmlCacheBehavior [ RunTime:0.000658s ]
INFO: [ app_begin ] --END-- [ RunTime:0.000719s ]
NOTIC: [8192] Function ereg() is deprecated C:\xampp\htdocs\App\Uploader\Controller\ImgController.class.php 第 115 行.
NOTIC: [8192] Function ereg() is deprecated C:\xampp\htdocs\App\Uploader\Controller\ImgController.class.php 第 115 行.
NOTIC: [8192] Function ereg() is deprecated C:\xampp\htdocs\App\Uploader\Controller\ImgController.class.php 第 115 行.
NOTIC: [8192] Function ereg() is deprecated C:\xampp\htdocs\App\Uploader\Controller\ImgController.class.php 第 115 行.
NOTIC: [8192] Function ereg() is deprecated C:\xampp\htdocs\App\Uploader\Controller\ImgController.class.php 第 115 行.
NOTIC: [8192] Function ereg() is deprecated C:\xampp\htdocs\App\Uploader\Controller\ImgController.class.php 第 115 行.
NOTIC: [8192] Function ereg() is deprecated C:\xampp\htdocs\App\Uploader\Controller\ImgController.class.php 第 115 行.
NOTIC: [8192] Function ereg() is deprecated C:\xampp\htdocs\App\Uploader\Controller\ImgController.class.php 第 115 行.
NOTIC: [8192] Function ereg() is deprecated C:\xampp\htdocs\App\Uploader\Controller\ImgController.class.php 第 115 行.
NOTIC: [8192] Function ereg() is deprecated C:\xampp\htdocs\App\Uploader\Controller\ImgController.class.php 第 115 行.
NOTIC: [8192] Function ereg() is deprecated C:\xampp\htdocs\App\Uploader\Controller\ImgController.class.php 第 115 行.
NOTIC: [8192] Function ereg() is deprecated C:\xampp\htdocs\App\Uploader\Controller\ImgController.class.php 第 115 行.
NOTIC: [8192] Function ereg() is deprecated C:\xampp\htdocs\App\Uploader\Controller\ImgController.class.php 第 115 行.
NOTIC: [8192] Function ereg() is deprecated C:\xampp\htdocs\App\Uploader\Controller\ImgController.class.php 第 115 行.
NOTIC: [8192] Function ereg() is deprecated C:\xampp\htdocs\App\Uploader\Controller\ImgController.class.php 第 115 行.
NOTIC: [8192] Function ereg() is deprecated C:\xampp\htdocs\App\Uploader\Controller\ImgController.class.php 第 115 行.
NOTIC: [8192] Function ereg() is deprecated C:\xampp\htdocs\App\Uploader\Controller\ImgController.class.php 第 115 行.
INFO: [ app_end ] --START--
INFO: Run Behavior\ShowPageTraceBehavior [ RunTime:0.000678s ]
INFO: [ app_end ] --END-- [ RunTime:0.000736s ]

[ 2016-03-23T12:48:58+08:00 ] 220.181.132.219 /App/index.php/Uploader/Blog/forumManege.html
INFO: [ app_init ] --START--
INFO: Run Behavior\BuildLiteBehavior [ RunTime:0.000018s ]
INFO: [ app_init ] --END-- [ RunTime:0.000455s ]
INFO: [ app_begin ] --START--
INFO: Run Behavior\ReadHtmlCacheBehavior [ RunTime:0.000700s ]
INFO: [ app_begin ] --END-- [ RunTime:0.000765s ]

[ 2016-03-23T12:49:18+08:00 ] 220.181.132.198 /App/index.php/Uploader/Blog/forumManege.html
INFO: [ app_init ] --START--
INFO: Run Behavior\BuildLiteBehavior [ RunTime:0.000018s ]
INFO: [ app_init ] --END-- [ RunTime:0.000428s ]
INFO: [ app_begin ] --START--
INFO: Run Behavior\ReadHtmlCacheBehavior [ RunTime:0.000710s ]
INFO: [ app_begin ] --END-- [ RunTime:0.000787s ]

[ 2016-03-23T12:49:21+08:00 ] 220.181.132.219 /App/index.php/Uploader/Img/listView.html
INFO: [ app_init ] --START--
INFO: Run Behavior\BuildLiteBehavior [ RunTime:0.000018s ]
INFO: [ app_init ] --END-- [ RunTime:0.000428s ]
INFO: [ app_begin ] --START--
INFO: Run Behavior\ReadHtmlCacheBehavior [ RunTime:0.000624s ]
INFO: [ app_begin ] --END-- [ RunTime:0.000690s ]

[ 2016-03-23T12:49:21+08:00 ] 27.221.19.17 /App/index.php/Uploader/Blog/forumManege.html
INFO: [ app_init ] --START--
INFO: Run Behavior\BuildLiteBehavior [ RunTime:0.000017s ]
INFO: [ app_init ] --END-- [ RunTime:0.000403s ]
INFO: [ app_begin ] --START--
INFO: Run Behavior\ReadHtmlCacheBehavior [ RunTime:0.000618s ]
INFO: [ app_begin ] --END-- [ RunTime:0.000684s ]

[ 2016-03-23T12:49:27+08:00 ] 171.8.167.71 /App/index.php/Uploader/Blog/forumManege.html
INFO: [ app_init ] --START--
INFO: Run Behavior\BuildLiteBehavior [ RunTime:0.000017s ]
INFO: [ app_init ] --END-- [ RunTime:0.000438s ]
INFO: [ app_begin ] --START--
INFO: Run Behavior\ReadHtmlCacheBehavior [ RunTime:0.000788s ]
INFO: [ app_begin ] --END-- [ RunTime:0.000861s ]

[ 2016-03-23T12:49:30+08:00 ] 171.8.167.61 /App/index.php/Uploader/Blog/forumManege.html
INFO: [ app_init ] --START--
INFO: Run Behavior\BuildLiteBehavior [ RunTime:0.000025s ]
INFO: [ app_init ] --END-- [ RunTime:0.000430s ]
INFO: [ app_begin ] --START--
INFO: Run Behavior\ReadHtmlCacheBehavior [ RunTime:0.000949s ]
INFO: [ app_begin ] --END-- [ RunTime:0.001050s ]

[ 2016-03-23T12:49:33+08:00 ] 220.181.132.219 /App/index.php/Uploader/Article/listView.html?forum_id=cbe2c785-e643-4e49-87d0-a96993cdb86e
INFO: [ app_init ] --START--
INFO: Run Behavior\BuildLiteBehavior [ RunTime:0.000018s ]
INFO: [ app_init ] --END-- [ RunTime:0.000417s ]
INFO: [ app_begin ] --START--
INFO: Run Behavior\ReadHtmlCacheBehavior [ RunTime:0.000712s ]
INFO: [ app_begin ] --END-- [ RunTime:0.000778s ]
NOTIC: [2048] Declaration of Uploader\Controller\ArticleController::show() should be compatible with Think\Controller::show($content, $charset = '', $contentType = '', $prefix = '') C:\xampp\htdocs\App\Uploader\Controller\ArticleController.class.php 第 209 行.

[ 2016-03-23T12:49:34+08:00 ] 101.199.108.53 /App/index.php/Uploader/Img/listView.html
INFO: [ app_init ] --START--
INFO: Run Behavior\BuildLiteBehavior [ RunTime:0.000018s ]
INFO: [ app_init ] --END-- [ RunTime:0.000401s ]
INFO: [ app_begin ] --START--
INFO: Run Behavior\ReadHtmlCacheBehavior [ RunTime:0.000883s ]
INFO: [ app_begin ] --END-- [ RunTime:0.000968s ]

[ 2016-03-23T12:49:36+08:00 ] 171.8.167.75 /App/index.php/Uploader/Blog/forumManege.html
INFO: [ app_init ] --START--
INFO: Run Behavior\BuildLiteBehavior [ RunTime:0.000017s ]
INFO: [ app_init ] --END-- [ RunTime:0.000427s ]
INFO: [ app_begin ] --START--
INFO: Run Behavior\ReadHtmlCacheBehavior [ RunTime:0.000763s ]
INFO: [ app_begin ] --END-- [ RunTime:0.000846s ]

[ 2016-03-23T12:49:37+08:00 ] 171.8.167.71 /App/index.php/Uploader/Img/listView.html
INFO: [ app_init ] --START--
INFO: Run Behavior\BuildLiteBehavior [ RunTime:0.000017s ]
INFO: [ app_init ] --END-- [ RunTime:0.000406s ]
INFO: [ app_begin ] --START--
INFO: Run Behavior\ReadHtmlCacheBehavior [ RunTime:0.000548s ]
INFO: [ app_begin ] --END-- [ RunTime:0.000613s ]

[ 2016-03-23T12:49:39+08:00 ] 171.8.167.75 /App/index.php/Uploader/Blog/forumManege.html
INFO: [ app_init ] --START--
INFO: Run Behavior\BuildLiteBehavior [ RunTime:0.000018s ]
INFO: [ app_init ] --END-- [ RunTime:0.000429s ]
INFO: [ app_begin ] --START--
INFO: Run Behavior\ReadHtmlCacheBehavior [ RunTime:0.000761s ]
INFO: [ app_begin ] --END-- [ RunTime:0.000825s ]

[ 2016-03-23T12:49:43+08:00 ] 171.8.167.71 /App/index.php/Uploader/Img/listView.html
INFO: [ app_init ] --START--
INFO: Run Behavior\BuildLiteBehavior [ RunTime:0.000018s ]
INFO: [ app_init ] --END-- [ RunTime:0.000356s ]
INFO: [ app_begin ] --START--
INFO: Run Behavior\ReadHtmlCacheBehavior [ RunTime:0.000446s ]
INFO: [ app_begin ] --END-- [ RunTime:0.000510s ]

[ 2016-03-23T12:49:46+08:00 ] 114.55.34.179 /App/index.php/Uploader/Img/listView.html
INFO: [ app_init ] --START--
INFO: Run Behavior\BuildLiteBehavior [ RunTime:0.000021s ]
INFO: [ app_init ] --END-- [ RunTime:0.000430s ]
INFO: [ app_begin ] --START--
INFO: Run Behavior\ReadHtmlCacheBehavior [ RunTime:0.000673s ]
INFO: [ app_begin ] --END-- [ RunTime:0.000737s ]

[ 2016-03-23T12:49:50+08:00 ] 101.199.108.59 /App/index.php/Uploader/Article/listView.html?forum_id=cbe2c785-e643-4e49-87d0-a96993cdb86e
INFO: [ app_init ] --START--
INFO: Run Behavior\BuildLiteBehavior [ RunTime:0.000017s ]
INFO: [ app_init ] --END-- [ RunTime:0.000425s ]
INFO: [ app_begin ] --START--
INFO: Run Behavior\ReadHtmlCacheBehavior [ RunTime:0.000695s ]
INFO: [ app_begin ] --END-- [ RunTime:0.000761s ]
NOTIC: [2048] Declaration of Uploader\Controller\ArticleController::show() should be compatible with Think\Controller::show($content, $charset = '', $contentType = '', $prefix = '') C:\xampp\htdocs\App\Uploader\Controller\ArticleController.class.php 第 209 行.

[ 2016-03-23T12:49:52+08:00 ] 171.8.167.65 /App/index.php/Uploader/Img/listView.html
INFO: [ app_init ] --START--
INFO: Run Behavior\BuildLiteBehavior [ RunTime:0.000020s ]
INFO: [ app_init ] --END-- [ RunTime:0.000368s ]
INFO: [ app_begin ] --START--
INFO: Run Behavior\ReadHtmlCacheBehavior [ RunTime:0.000480s ]
INFO: [ app_begin ] --END-- [ RunTime:0.000544s ]

[ 2016-03-23T12:49:55+08:00 ] 171.8.167.75 /App/index.php/Uploader/Img/listView.html
INFO: [ app_init ] --START--
INFO: Run Behavior\BuildLiteBehavior [ RunTime:0.000017s ]
INFO: [ app_init ] --END-- [ RunTime:0.000397s ]
INFO: [ app_begin ] --START--
INFO: Run Behavior\ReadHtmlCacheBehavior [ RunTime:0.000674s ]
INFO: [ app_begin ] --END-- [ RunTime:0.000752s ]

[ 2016-03-23T13:27:50+08:00 ] ::1 /App/index.php/Uploader/Article/getArticle?forum_id=cbe2c785-e643-4e49-87d0-a96993cdb86e&&position=11
INFO: [ app_init ] --START--
INFO: Run Behavior\BuildLiteBehavior [ RunTime:0.000017s ]
INFO: [ app_init ] --END-- [ RunTime:0.000370s ]
INFO: [ app_begin ] --START--
INFO: Run Behavior\ReadHtmlCacheBehavior [ RunTime:0.000662s ]
INFO: [ app_begin ] --END-- [ RunTime:0.000729s ]
NOTIC: [2048] Declaration of Uploader\Controller\ArticleController::show() should be compatible with Think\Controller::show($content, $charset = '', $contentType = '', $prefix = '') C:\xampp\htdocs\App\Uploader\Controller\ArticleController.class.php 第 209 行.
NOTIC: [8192] Function eregi() is deprecated C:\xampp\htdocs\App\Uploader\Controller\ArticleController.class.php 第 180 行.
SQL: SHOW COLUMNS FROM `news_article` [ RunTime:0.0018s ]
SQL: SELECT * FROM `news_article` WHERE ( forum_id='cbe2c785-e643-4e49-87d0-a96993cdb86e' ) ORDER BY position asc LIMIT 10,1   [ RunTime:0.0004s ]
INFO: [ app_end ] --START--
INFO: Run Behavior\ShowPageTraceBehavior [ RunTime:0.000740s ]
INFO: [ app_end ] --END-- [ RunTime:0.000808s ]

[ 2016-03-23T13:32:39+08:00 ] ::1 /App/index.php/Uploader/Article/getArticle?forum_id=cbe2c785-e643-4e49-87d0-a96993cdb86e&&position=11
INFO: [ app_init ] --START--
INFO: Run Behavior\BuildLiteBehavior [ RunTime:0.000019s ]
INFO: [ app_init ] --END-- [ RunTime:0.000407s ]
INFO: [ app_begin ] --START--
INFO: Run Behavior\ReadHtmlCacheBehavior [ RunTime:0.000575s ]
INFO: [ app_begin ] --END-- [ RunTime:0.000648s ]
NOTIC: [2048] Declaration of Uploader\Controller\ArticleController::show() should be compatible with Think\Controller::show($content, $charset = '', $contentType = '', $prefix = '') C:\xampp\htdocs\App\Uploader\Controller\ArticleController.class.php 第 209 行.
NOTIC: [8192] Function eregi() is deprecated C:\xampp\htdocs\App\Uploader\Controller\ArticleController.class.php 第 180 行.
SQL: SHOW COLUMNS FROM `news_article` [ RunTime:0.0016s ]
SQL: SELECT * FROM `news_article` WHERE ( forum_id='cbe2c785-e643-4e49-87d0-a96993cdb86e' ) ORDER BY position asc LIMIT 10,1   [ RunTime:0.0002s ]
INFO: [ app_end ] --START--
INFO: Run Behavior\ShowPageTraceBehavior [ RunTime:0.007360s ]
INFO: [ app_end ] --END-- [ RunTime:0.007426s ]

[ 2016-03-23T13:33:05+08:00 ] ::1 /App/index.php/Uploader/Article/getArticle?forum_id=cbe2c785-e643-4e49-87d0-a96993cdb86e&&position=11
INFO: [ app_init ] --START--
INFO: Run Behavior\BuildLiteBehavior [ RunTime:0.000017s ]
INFO: [ app_init ] --END-- [ RunTime:0.000370s ]
INFO: [ app_begin ] --START--
INFO: Run Behavior\ReadHtmlCacheBehavior [ RunTime:0.000656s ]
INFO: [ app_begin ] --END-- [ RunTime:0.000718s ]
NOTIC: [2048] Declaration of Uploader\Controller\ArticleController::show() should be compatible with Think\Controller::show($content, $charset = '', $contentType = '', $prefix = '') C:\xampp\htdocs\App\Uploader\Controller\ArticleController.class.php 第 209 行.
NOTIC: [8192] Function eregi() is deprecated C:\xampp\htdocs\App\Uploader\Controller\ArticleController.class.php 第 180 行.
SQL: SHOW COLUMNS FROM `news_article` [ RunTime:0.0015s ]
SQL: SELECT * FROM `news_article` WHERE ( forum_id='cbe2c785-e643-4e49-87d0-a96993cdb86e' ) ORDER BY position asc LIMIT 10,1   [ RunTime:0.0002s ]
INFO: [ app_end ] --START--
INFO: Run Behavior\ShowPageTraceBehavior [ RunTime:0.000708s ]
INFO: [ app_end ] --END-- [ RunTime:0.000773s ]

[ 2016-03-23T13:39:27+08:00 ] ::1 /App/index.php/Uploader/Article/getArticle?forum_id=cbe2c785-e643-4e49-87d0-a96993cdb86e&&position=11
INFO: [ app_init ] --START--
INFO: Run Behavior\BuildLiteBehavior [ RunTime:0.000018s ]
INFO: [ app_init ] --END-- [ RunTime:0.000398s ]
INFO: [ app_begin ] --START--
INFO: Run Behavior\ReadHtmlCacheBehavior [ RunTime:0.000572s ]
INFO: [ app_begin ] --END-- [ RunTime:0.000635s ]
NOTIC: [2048] Declaration of Uploader\Controller\ArticleController::show() should be compatible with Think\Controller::show($content, $charset = '', $contentType = '', $prefix = '') C:\xampp\htdocs\App\Uploader\Controller\ArticleController.class.php 第 209 行.
NOTIC: [8192] Function eregi() is deprecated C:\xampp\htdocs\App\Uploader\Controller\ArticleController.class.php 第 180 行.
SQL: SHOW COLUMNS FROM `news_article` [ RunTime:0.0016s ]
SQL: SELECT * FROM `news_article` WHERE ( forum_id='cbe2c785-e643-4e49-87d0-a96993cdb86e' ) ORDER BY position asc LIMIT 10,1   [ RunTime:0.0003s ]
INFO: [ app_end ] --START--
INFO: Run Behavior\ShowPageTraceBehavior [ RunTime:0.000823s ]
INFO: [ app_end ] --END-- [ RunTime:0.000889s ]

[ 2016-03-23T13:50:17+08:00 ] ::1 /App/index.php/Uploader/Article/getArticle?forum_id=cbe2c785-e643-4e49-87d0-a96993cdb86e&&position=1
INFO: [ app_init ] --START--
INFO: Run Behavior\BuildLiteBehavior [ RunTime:0.000017s ]
INFO: [ app_init ] --END-- [ RunTime:0.000346s ]
INFO: [ app_begin ] --START--
INFO: Run Behavior\ReadHtmlCacheBehavior [ RunTime:0.000453s ]
INFO: [ app_begin ] --END-- [ RunTime:0.000518s ]
NOTIC: [2048] Declaration of Uploader\Controller\ArticleController::show() should be compatible with Think\Controller::show($content, $charset = '', $contentType = '', $prefix = '') C:\xampp\htdocs\App\Uploader\Controller\ArticleController.class.php 第 209 行.
NOTIC: [8192] Function eregi() is deprecated C:\xampp\htdocs\App\Uploader\Controller\ArticleController.class.php 第 180 行.
SQL: SHOW COLUMNS FROM `news_article` [ RunTime:0.0015s ]
SQL: SELECT * FROM `news_article` WHERE ( forum_id='cbe2c785-e643-4e49-87d0-a96993cdb86e' ) ORDER BY position asc LIMIT 0,1   [ RunTime:0.0002s ]
INFO: [ app_end ] --START--
INFO: Run Behavior\ShowPageTraceBehavior [ RunTime:0.000633s ]
INFO: [ app_end ] --END-- [ RunTime:0.000697s ]

[ 2016-03-23T13:50:48+08:00 ] ::1 /App/index.php/Uploader/Article/getArticle?forum_id=cbe2c785-e643-4e49-87d0-a96993cdb86e&&position=11
INFO: [ app_init ] --START--
INFO: Run Behavior\BuildLiteBehavior [ RunTime:0.000017s ]
INFO: [ app_init ] --END-- [ RunTime:0.000347s ]
INFO: [ app_begin ] --START--
INFO: Run Behavior\ReadHtmlCacheBehavior [ RunTime:0.000509s ]
INFO: [ app_begin ] --END-- [ RunTime:0.000586s ]
NOTIC: [2048] Declaration of Uploader\Controller\ArticleController::show() should be compatible with Think\Controller::show($content, $charset = '', $contentType = '', $prefix = '') C:\xampp\htdocs\App\Uploader\Controller\ArticleController.class.php 第 209 行.
NOTIC: [8192] Function eregi() is deprecated C:\xampp\htdocs\App\Uploader\Controller\ArticleController.class.php 第 180 行.
SQL: SHOW COLUMNS FROM `news_article` [ RunTime:0.0016s ]
SQL: SELECT * FROM `news_article` WHERE ( forum_id='cbe2c785-e643-4e49-87d0-a96993cdb86e' ) ORDER BY position asc LIMIT 10,1   [ RunTime:0.0002s ]
INFO: [ app_end ] --START--
INFO: Run Behavior\ShowPageTraceBehavior [ RunTime:0.000682s ]
INFO: [ app_end ] --END-- [ RunTime:0.000752s ]

[ 2016-03-23T13:51:22+08:00 ] ::1 /App/index.php/Uploader/Article/getArticle?forum_id=cbe2c785-e643-4e49-87d0-a96993cdb86e&&position=11
INFO: [ app_init ] --START--
INFO: Run Behavior\BuildLiteBehavior [ RunTime:0.000021s ]
INFO: [ app_init ] --END-- [ RunTime:0.000451s ]
INFO: [ app_begin ] --START--
INFO: Run Behavior\ReadHtmlCacheBehavior [ RunTime:0.000462s ]
INFO: [ app_begin ] --END-- [ RunTime:0.000525s ]
NOTIC: [2048] Declaration of Uploader\Controller\ArticleController::show() should be compatible with Think\Controller::show($content, $charset = '', $contentType = '', $prefix = '') C:\xampp\htdocs\App\Uploader\Controller\ArticleController.class.php 第 209 行.
NOTIC: [8192] Function eregi() is deprecated C:\xampp\htdocs\App\Uploader\Controller\ArticleController.class.php 第 180 行.
SQL: SHOW COLUMNS FROM `news_article` [ RunTime:0.0016s ]
SQL: SELECT * FROM `news_article` WHERE ( forum_id='cbe2c785-e643-4e49-87d0-a96993cdb86e' ) ORDER BY position asc LIMIT 10,1   [ RunTime:0.0002s ]
INFO: [ app_end ] --START--
INFO: Run Behavior\ShowPageTraceBehavior [ RunTime:0.000656s ]
INFO: [ app_end ] --END-- [ RunTime:0.000723s ]

[ 2016-03-23T14:31:54+08:00 ] ::1 /App/index.php/Uploader/Article/getArticle?forum_id=cbe2c785-e643-4e49-87d0-a96993cdb86e&&position=1
INFO: [ app_init ] --START--
INFO: Run Behavior\BuildLiteBehavior [ RunTime:0.000019s ]
INFO: [ app_init ] --END-- [ RunTime:0.000439s ]
INFO: [ app_begin ] --START--
INFO: Run Behavior\ReadHtmlCacheBehavior [ RunTime:0.000945s ]
INFO: [ app_begin ] --END-- [ RunTime:0.001016s ]
NOTIC: [2048] Declaration of Uploader\Controller\ArticleController::show() should be compatible with Think\Controller::show($content, $charset = '', $contentType = '', $prefix = '') C:\xampp\htdocs\App\Uploader\Controller\ArticleController.class.php 第 209 行.
NOTIC: [8192] Function eregi() is deprecated C:\xampp\htdocs\App\Uploader\Controller\ArticleController.class.php 第 180 行.
SQL: SHOW COLUMNS FROM `news_article` [ RunTime:0.0018s ]
SQL: SELECT * FROM `news_article` WHERE ( forum_id='cbe2c785-e643-4e49-87d0-a96993cdb86e' ) ORDER BY position asc LIMIT 0,1   [ RunTime:0.0003s ]
INFO: [ app_end ] --START--
INFO: Run Behavior\ShowPageTraceBehavior [ RunTime:0.000761s ]
INFO: [ app_end ] --END-- [ RunTime:0.000825s ]

[ 2016-03-23T14:31:59+08:00 ] ::1 /App/index.php/Uploader/Article/getArticleById?id=f4311dda-2a72-9c8e-e7f0-a6df3d35552f
INFO: [ app_init ] --START--
INFO: Run Behavior\BuildLiteBehavior [ RunTime:0.000017s ]
INFO: [ app_init ] --END-- [ RunTime:0.000389s ]
INFO: [ app_begin ] --START--
INFO: Run Behavior\ReadHtmlCacheBehavior [ RunTime:0.000541s ]
INFO: [ app_begin ] --END-- [ RunTime:0.000604s ]
NOTIC: [2048] Declaration of Uploader\Controller\ArticleController::show() should be compatible with Think\Controller::show($content, $charset = '', $contentType = '', $prefix = '') C:\xampp\htdocs\App\Uploader\Controller\ArticleController.class.php 第 209 行.
SQL: SHOW COLUMNS FROM `news_article` [ RunTime:0.0019s ]
SQL: SELECT * FROM `news_article` WHERE `article_id` = 'f4311dda-2a72-9c8e-e7f0-a6df3d35552f' LIMIT 1   [ RunTime:0.0002s ]
INFO: [ app_end ] --START--
INFO: Run Behavior\ShowPageTraceBehavior [ RunTime:0.000741s ]
INFO: [ app_end ] --END-- [ RunTime:0.000808s ]

[ 2016-03-23T14:32:06+08:00 ] ::1 /App/index.php/Uploader/Article/getArticleById?id=f4311dda-2a72-9c8e-e7f0-a6df3d35552f
INFO: [ app_init ] --START--
INFO: Run Behavior\BuildLiteBehavior [ RunTime:0.000017s ]
INFO: [ app_init ] --END-- [ RunTime:0.000346s ]
INFO: [ app_begin ] --START--
INFO: Run Behavior\ReadHtmlCacheBehavior [ RunTime:0.000450s ]
INFO: [ app_begin ] --END-- [ RunTime:0.000513s ]
NOTIC: [2048] Declaration of Uploader\Controller\ArticleController::show() should be compatible with Think\Controller::show($content, $charset = '', $contentType = '', $prefix = '') C:\xampp\htdocs\App\Uploader\Controller\ArticleController.class.php 第 209 行.
SQL: SHOW COLUMNS FROM `news_article` [ RunTime:0.0015s ]
SQL: SELECT * FROM `news_article` WHERE `article_id` = 'f4311dda-2a72-9c8e-e7f0-a6df3d35552f' LIMIT 1   [ RunTime:0.0002s ]
INFO: [ app_end ] --START--
INFO: Run Behavior\ShowPageTraceBehavior [ RunTime:0.000632s ]
INFO: [ app_end ] --END-- [ RunTime:0.000696s ]

[ 2016-03-23T14:51:36+08:00 ] ::1 /App/index.php/Uploader/Article/getArticle?forum_id=cbe2c785-e643-4e49-87d0-a96993cdb86e&&position=1
INFO: [ app_init ] --START--
INFO: Run Behavior\BuildLiteBehavior [ RunTime:0.000018s ]
INFO: [ app_init ] --END-- [ RunTime:0.000362s ]
INFO: [ app_begin ] --START--
INFO: Run Behavior\ReadHtmlCacheBehavior [ RunTime:0.000506s ]
INFO: [ app_begin ] --END-- [ RunTime:0.000570s ]
NOTIC: [2048] Declaration of Uploader\Controller\ArticleController::show() should be compatible with Think\Controller::show($content, $charset = '', $contentType = '', $prefix = '') C:\xampp\htdocs\App\Uploader\Controller\ArticleController.class.php 第 209 行.
NOTIC: [8192] Function eregi() is deprecated C:\xampp\htdocs\App\Uploader\Controller\ArticleController.class.php 第 180 行.
SQL: SHOW COLUMNS FROM `news_article` [ RunTime:0.0017s ]
SQL: SELECT * FROM `news_article` WHERE ( forum_id='cbe2c785-e643-4e49-87d0-a96993cdb86e' ) ORDER BY position asc LIMIT 0,1   [ RunTime:0.0003s ]
INFO: [ app_end ] --START--
INFO: Run Behavior\ShowPageTraceBehavior [ RunTime:0.000675s ]
INFO: [ app_end ] --END-- [ RunTime:0.000740s ]

[ 2016-03-23T14:56:51+08:00 ] ::1 /App/index.php/Uploader/Article/getArticle?forum_id=cbe2c785-e643-4e49-87d0-a96993cdb86e&&position=11
INFO: [ app_init ] --START--
INFO: Run Behavior\BuildLiteBehavior [ RunTime:0.000018s ]
INFO: [ app_init ] --END-- [ RunTime:0.000386s ]
INFO: [ app_begin ] --START--
INFO: Run Behavior\ReadHtmlCacheBehavior [ RunTime:0.000565s ]
INFO: [ app_begin ] --END-- [ RunTime:0.000630s ]
NOTIC: [2048] Declaration of Uploader\Controller\ArticleController::show() should be compatible with Think\Controller::show($content, $charset = '', $contentType = '', $prefix = '') C:\xampp\htdocs\App\Uploader\Controller\ArticleController.class.php 第 209 行.
NOTIC: [8192] Function eregi() is deprecated C:\xampp\htdocs\App\Uploader\Controller\ArticleController.class.php 第 180 行.
SQL: SHOW COLUMNS FROM `news_article` [ RunTime:0.0016s ]
SQL: SELECT * FROM `news_article` WHERE ( forum_id='cbe2c785-e643-4e49-87d0-a96993cdb86e' ) ORDER BY position asc LIMIT 10,1   [ RunTime:0.0006s ]
INFO: [ app_end ] --START--
INFO: Run Behavior\ShowPageTraceBehavior [ RunTime:0.000690s ]
INFO: [ app_end ] --END-- [ RunTime:0.000754s ]

[ 2016-03-23T15:13:27+08:00 ] ::1 /App/index.php/Uploader/Article/getArticle?forum_id=cbe2c785-e643-4e49-87d0-a96993cdb86e&&position=1
INFO: [ app_init ] --START--
INFO: Run Behavior\BuildLiteBehavior [ RunTime:0.000024s ]
INFO: [ app_init ] --END-- [ RunTime:0.000411s ]
INFO: [ app_begin ] --START--
INFO: Run Behavior\ReadHtmlCacheBehavior [ RunTime:0.000540s ]
INFO: [ app_begin ] --END-- [ RunTime:0.000603s ]
NOTIC: [2048] Declaration of Uploader\Controller\ArticleController::show() should be compatible with Think\Controller::show($content, $charset = '', $contentType = '', $prefix = '') C:\xampp\htdocs\App\Uploader\Controller\ArticleController.class.php 第 209 行.
NOTIC: [8192] Function eregi() is deprecated C:\xampp\htdocs\App\Uploader\Controller\ArticleController.class.php 第 180 行.
SQL: SHOW COLUMNS FROM `news_article` [ RunTime:0.0015s ]
SQL: SELECT * FROM `news_article` WHERE ( forum_id='cbe2c785-e643-4e49-87d0-a96993cdb86e' ) ORDER BY position asc LIMIT 0,1   [ RunTime:0.0002s ]
INFO: [ app_end ] --START--
INFO: Run Behavior\ShowPageTraceBehavior [ RunTime:0.000713s ]
INFO: [ app_end ] --END-- [ RunTime:0.000775s ]

[ 2016-03-23T15:16:49+08:00 ] 122.233.78.250 /App/index.php/Uploader/Blog/forumManege.html
INFO: [ app_init ] --START--
INFO: Run Behavior\BuildLiteBehavior [ RunTime:0.000021s ]
INFO: [ app_init ] --END-- [ RunTime:0.000366s ]
INFO: [ app_begin ] --START--
INFO: Run Behavior\ReadHtmlCacheBehavior [ RunTime:0.000457s ]
INFO: [ app_begin ] --END-- [ RunTime:0.000522s ]
SQL: SHOW COLUMNS FROM `news_forum` [ RunTime:0.0249s ]
SQL: SELECT * FROM `news_forum`  [ RunTime:0.0002s ]
INFO: [ view_parse ] --START--
INFO: [ template_filter ] --START--
INFO: Run Behavior\ContentReplaceBehavior [ RunTime:0.000096s ]
INFO: [ template_filter ] --END-- [ RunTime:0.000156s ]
INFO: Run Behavior\ParseTemplateBehavior [ RunTime:0.010682s ]
INFO: [ view_parse ] --END-- [ RunTime:0.010750s ]
INFO: [ view_filter ] --START--
INFO: Run Behavior\WriteHtmlCacheBehavior [ RunTime:0.000335s ]
INFO: [ view_filter ] --END-- [ RunTime:0.000386s ]
INFO: [ app_end ] --START--
INFO: Run Behavior\ShowPageTraceBehavior [ RunTime:0.000450s ]
INFO: [ app_end ] --END-- [ RunTime:0.000510s ]

[ 2016-03-23T15:16:55+08:00 ] 122.233.78.250 /App/index.php/Uploader/Article/listView.html?forum_id=cbe2c785-e643-4e49-87d0-a96993cdb86e
INFO: [ app_init ] --START--
INFO: Run Behavior\BuildLiteBehavior [ RunTime:0.000018s ]
INFO: [ app_init ] --END-- [ RunTime:0.000435s ]
INFO: [ app_begin ] --START--
INFO: Run Behavior\ReadHtmlCacheBehavior [ RunTime:0.000618s ]
INFO: [ app_begin ] --END-- [ RunTime:0.000684s ]
NOTIC: [2048] Declaration of Uploader\Controller\ArticleController::show() should be compatible with Think\Controller::show($content, $charset = '', $contentType = '', $prefix = '') C:\xampp\htdocs\App\Uploader\Controller\ArticleController.class.php 第 209 行.
SQL: SHOW COLUMNS FROM `news_article` [ RunTime:0.0015s ]
SQL: SELECT * FROM `news_article` WHERE ( forum_id='cbe2c785-e643-4e49-87d0-a96993cdb86e' ) ORDER BY position asc  [ RunTime:0.0005s ]
INFO: [ view_parse ] --START--
INFO: [ template_filter ] --START--
INFO: Run Behavior\ContentReplaceBehavior [ RunTime:0.000106s ]
INFO: [ template_filter ] --END-- [ RunTime:0.000167s ]
INFO: Run Behavior\ParseTemplateBehavior [ RunTime:0.016253s ]
INFO: [ view_parse ] --END-- [ RunTime:0.016327s ]
INFO: [ view_filter ] --START--
INFO: Run Behavior\WriteHtmlCacheBehavior [ RunTime:0.000442s ]
INFO: [ view_filter ] --END-- [ RunTime:0.000495s ]
INFO: [ app_end ] --START--
INFO: Run Behavior\ShowPageTraceBehavior [ RunTime:0.000627s ]
INFO: [ app_end ] --END-- [ RunTime:0.000684s ]

[ 2016-03-23T15:17:00+08:00 ] 122.233.78.250 /App/index.php/Uploader/Article/show.html?article_id=f4311dda-2a72-9c8e-e7f0-a6df3d35552f
INFO: [ app_init ] --START--
INFO: Run Behavior\BuildLiteBehavior [ RunTime:0.000018s ]
INFO: [ app_init ] --END-- [ RunTime:0.000417s ]
INFO: [ app_begin ] --START--
INFO: Run Behavior\ReadHtmlCacheBehavior [ RunTime:0.000637s ]
INFO: [ app_begin ] --END-- [ RunTime:0.000705s ]
NOTIC: [2048] Declaration of Uploader\Controller\ArticleController::show() should be compatible with Think\Controller::show($content, $charset = '', $contentType = '', $prefix = '') C:\xampp\htdocs\App\Uploader\Controller\ArticleController.class.php 第 209 行.
SQL: SHOW COLUMNS FROM `news_article` [ RunTime:0.0021s ]
SQL: SELECT * FROM `news_article` WHERE ( article_id='f4311dda-2a72-9c8e-e7f0-a6df3d35552f' ) LIMIT 1   [ RunTime:0.0008s ]
INFO: [ view_parse ] --START--
INFO: [ template_filter ] --START--
INFO: Run Behavior\ContentReplaceBehavior [ RunTime:0.000076s ]
INFO: [ template_filter ] --END-- [ RunTime:0.000135s ]
NOTIC: [8] Undefined variable: session C:\xampp\htdocs\App\Runtime\Cache\Uploader\f373a548b2e420311b7c5c87ea32e02b.php 第 73 行.
INFO: Run Behavior\ParseTemplateBehavior [ RunTime:0.009463s ]
INFO: [ view_parse ] --END-- [ RunTime:0.009560s ]
INFO: [ view_filter ] --START--
INFO: Run Behavior\WriteHtmlCacheBehavior [ RunTime:0.000688s ]
INFO: [ view_filter ] --END-- [ RunTime:0.000764s ]
INFO: [ app_end ] --START--
INFO: Run Behavior\ShowPageTraceBehavior [ RunTime:0.000658s ]
INFO: [ app_end ] --END-- [ RunTime:0.000719s ]

[ 2016-03-23T16:20:30+08:00 ] ::1 /App/index.php/Uploader/Article/getArticle?forum_id=cbe2c785-e643-4e49-87d0-a96993cdb86e&&position=1
INFO: [ app_init ] --START--
INFO: Run Behavior\BuildLiteBehavior [ RunTime:0.000017s ]
INFO: [ app_init ] --END-- [ RunTime:0.000376s ]
INFO: [ app_begin ] --START--
INFO: Run Behavior\ReadHtmlCacheBehavior [ RunTime:0.000590s ]
INFO: [ app_begin ] --END-- [ RunTime:0.000658s ]
NOTIC: [2048] Declaration of Uploader\Controller\ArticleController::show() should be compatible with Think\Controller::show($content, $charset = '', $contentType = '', $prefix = '') C:\xampp\htdocs\App\Uploader\Controller\ArticleController.class.php 第 209 行.
NOTIC: [8192] Function eregi() is deprecated C:\xampp\htdocs\App\Uploader\Controller\ArticleController.class.php 第 180 行.
SQL: SHOW COLUMNS FROM `news_article` [ RunTime:0.0026s ]
SQL: SELECT * FROM `news_article` WHERE ( forum_id='cbe2c785-e643-4e49-87d0-a96993cdb86e' ) ORDER BY position asc LIMIT 0,1   [ RunTime:0.0002s ]
INFO: [ app_end ] --START--
INFO: Run Behavior\ShowPageTraceBehavior [ RunTime:0.000650s ]
INFO: [ app_end ] --END-- [ RunTime:0.000712s ]

