[ 2016-03-18T22:15:46+08:00 ] ::1 /App/index.php/Uploader/Article/listView?forum_id=cbe2c785-e643-4e49-87d0-a96993cdb86e
INFO: [ app_init ] --START--
INFO: Run Behavior\BuildLiteBehavior [ RunTime:0.000008s ]
INFO: [ app_init ] --END-- [ RunTime:0.000220s ]
INFO: [ app_begin ] --START--
INFO: Run Behavior\ReadHtmlCacheBehavior [ RunTime:0.000309s ]
INFO: [ app_begin ] --END-- [ RunTime:0.000349s ]
SQL: SHOW COLUMNS FROM `news_article` [ RunTime:0.0131s ]
SQL: SELECT * FROM `news_article` ORDER BY position asc  [ RunTime:0.0017s ]
INFO: [ view_parse ] --START--
INFO: [ template_filter ] --START--
INFO: Run Behavior\ContentReplaceBehavior [ RunTime:0.000086s ]
INFO: [ template_filter ] --END-- [ RunTime:0.000173s ]
INFO: Run Behavior\ParseTemplateBehavior [ RunTime:0.012654s ]
INFO: [ view_parse ] --END-- [ RunTime:0.012761s ]
INFO: [ view_filter ] --START--
INFO: Run Behavior\WriteHtmlCacheBehavior [ RunTime:0.000462s ]
INFO: [ view_filter ] --END-- [ RunTime:0.000516s ]
INFO: [ app_end ] --START--
INFO: Run Behavior\ShowPageTraceBehavior [ RunTime:0.000692s ]
INFO: [ app_end ] --END-- [ RunTime:0.000750s ]

[ 2016-03-18T22:15:46+08:00 ] ::1 /App/index.php/Uploader/Img/getImg?path=/2016/03/18/3019c968-0891-1351-2387-3573ea9e3b08.jpg
INFO: [ app_init ] --START--
INFO: Run Behavior\BuildLiteBehavior [ RunTime:0.000014s ]
INFO: [ app_init ] --END-- [ RunTime:0.000317s ]
INFO: [ app_begin ] --START--
INFO: Run Behavior\ReadHtmlCacheBehavior [ RunTime:0.000415s ]
INFO: [ app_begin ] --END-- [ RunTime:0.000475s ]
INFO: [ app_end ] --START--
INFO: Run Behavior\ShowPageTraceBehavior [ RunTime:0.000506s ]
INFO: [ app_end ] --END-- [ RunTime:0.000578s ]

[ 2016-03-18T22:15:46+08:00 ] ::1 /App/index.php/Uploader/Img/getImg?path=/2016/03/18/cb465a11-54bb-e7a7-2ac9-e7b2b714be23.png
INFO: [ app_init ] --START--
INFO: Run Behavior\BuildLiteBehavior [ RunTime:0.000014s ]
INFO: [ app_init ] --END-- [ RunTime:0.000373s ]
INFO: [ app_begin ] --START--
INFO: Run Behavior\ReadHtmlCacheBehavior [ RunTime:0.000543s ]
INFO: [ app_begin ] --END-- [ RunTime:0.000605s ]
INFO: [ app_end ] --START--
INFO: Run Behavior\ShowPageTraceBehavior [ RunTime:0.000552s ]
INFO: [ app_end ] --END-- [ RunTime:0.000618s ]

[ 2016-03-18T22:15:46+08:00 ] ::1 /App/index.php/Uploader/Img/getImg?path=/2016/03/18/41236c7b-4521-158c-3c7a-052a76eb0a6f.jpg
INFO: [ app_init ] --START--
INFO: Run Behavior\BuildLiteBehavior [ RunTime:0.000012s ]
INFO: [ app_init ] --END-- [ RunTime:0.000514s ]
INFO: [ app_begin ] --START--
INFO: Run Behavior\ReadHtmlCacheBehavior [ RunTime:0.000450s ]
INFO: [ app_begin ] --END-- [ RunTime:0.000501s ]
INFO: [ app_end ] --START--
INFO: Run Behavior\ShowPageTraceBehavior [ RunTime:0.000585s ]
INFO: [ app_end ] --END-- [ RunTime:0.000652s ]

[ 2016-03-18T22:19:26+08:00 ] 127.0.0.1 /App/index.php/Uploader/Article/listView?forum_id=cbe2c785-e643-4e49-87d0-a96993cdb86e
INFO: [ app_init ] --START--
INFO: Run Behavior\BuildLiteBehavior [ RunTime:0.000010s ]
INFO: [ app_init ] --END-- [ RunTime:0.000286s ]
INFO: [ app_begin ] --START--
INFO: Run Behavior\ReadHtmlCacheBehavior [ RunTime:0.000366s ]
INFO: [ app_begin ] --END-- [ RunTime:0.000399s ]
SQL: SHOW COLUMNS FROM `news_article` [ RunTime:0.0153s ]
SQL: SELECT * FROM `news_article` ORDER BY position asc  [ RunTime:0.0022s ]
INFO: [ view_parse ] --START--
INFO: [ template_filter ] --START--
INFO: Run Behavior\ContentReplaceBehavior [ RunTime:0.000111s ]
INFO: [ template_filter ] --END-- [ RunTime:0.000219s ]
INFO: Run Behavior\ParseTemplateBehavior [ RunTime:0.016974s ]
INFO: [ view_parse ] --END-- [ RunTime:0.017066s ]
INFO: [ view_filter ] --START--
INFO: Run Behavior\WriteHtmlCacheBehavior [ RunTime:0.000574s ]
INFO: [ view_filter ] --END-- [ RunTime:0.000640s ]
INFO: [ app_end ] --START--
INFO: Run Behavior\ShowPageTraceBehavior [ RunTime:0.000917s ]
INFO: [ app_end ] --END-- [ RunTime:0.001000s ]

[ 2016-03-18T22:19:26+08:00 ] 127.0.0.1 /App/index.php/Uploader/Img/getImg?path=/2016/03/18/3019c968-0891-1351-2387-3573ea9e3b08.jpg
INFO: [ app_init ] --START--
INFO: Run Behavior\BuildLiteBehavior [ RunTime:0.000016s ]
INFO: [ app_init ] --END-- [ RunTime:0.000315s ]
INFO: [ app_begin ] --START--
INFO: Run Behavior\ReadHtmlCacheBehavior [ RunTime:0.000556s ]
INFO: [ app_begin ] --END-- [ RunTime:0.000676s ]
INFO: [ app_end ] --START--
INFO: Run Behavior\ShowPageTraceBehavior [ RunTime:0.000494s ]
INFO: [ app_end ] --END-- [ RunTime:0.000565s ]

[ 2016-03-18T22:19:26+08:00 ] 127.0.0.1 /App/index.php/Uploader/Img/getImg?path=/2016/03/18/41236c7b-4521-158c-3c7a-052a76eb0a6f.jpg
INFO: [ app_init ] --START--
INFO: Run Behavior\BuildLiteBehavior [ RunTime:0.000016s ]
INFO: [ app_init ] --END-- [ RunTime:0.000379s ]
INFO: [ app_begin ] --START--
INFO: Run Behavior\ReadHtmlCacheBehavior [ RunTime:0.000732s ]
INFO: [ app_begin ] --END-- [ RunTime:0.000804s ]
INFO: [ app_end ] --START--
INFO: Run Behavior\ShowPageTraceBehavior [ RunTime:0.000663s ]
INFO: [ app_end ] --END-- [ RunTime:0.000736s ]

[ 2016-03-18T22:19:26+08:00 ] ::1 /App/index.php/Uploader/Img/getImg?path=/2016/03/18/cb465a11-54bb-e7a7-2ac9-e7b2b714be23.png
INFO: [ app_init ] --START--
INFO: Run Behavior\BuildLiteBehavior [ RunTime:0.000016s ]
INFO: [ app_init ] --END-- [ RunTime:0.000661s ]
INFO: [ app_begin ] --START--
INFO: Run Behavior\ReadHtmlCacheBehavior [ RunTime:0.000688s ]
INFO: [ app_begin ] --END-- [ RunTime:0.000764s ]
INFO: [ app_end ] --START--
INFO: Run Behavior\ShowPageTraceBehavior [ RunTime:0.000469s ]
INFO: [ app_end ] --END-- [ RunTime:0.000533s ]

[ 2016-03-18T22:20:07+08:00 ] ::1 /App/index.php/Uploader/Article/listView?forum_id=cbe2c785-e643-4e49-87d0-a96993cdb86e
INFO: [ app_init ] --START--
INFO: Run Behavior\BuildLiteBehavior [ RunTime:0.000011s ]
INFO: [ app_init ] --END-- [ RunTime:0.000277s ]
INFO: [ app_begin ] --START--
INFO: Run Behavior\ReadHtmlCacheBehavior [ RunTime:0.000290s ]
INFO: [ app_begin ] --END-- [ RunTime:0.000325s ]
SQL: SHOW COLUMNS FROM `news_article` [ RunTime:0.0117s ]
SQL: SELECT * FROM `news_article` ORDER BY position asc  [ RunTime:0.0013s ]
INFO: [ view_parse ] --START--
INFO: [ template_filter ] --START--
INFO: Run Behavior\ContentReplaceBehavior [ RunTime:0.000074s ]
INFO: [ template_filter ] --END-- [ RunTime:0.000148s ]
INFO: Run Behavior\ParseTemplateBehavior [ RunTime:0.011096s ]
INFO: [ view_parse ] --END-- [ RunTime:0.011198s ]
INFO: [ view_filter ] --START--
INFO: Run Behavior\WriteHtmlCacheBehavior [ RunTime:0.000755s ]
INFO: [ view_filter ] --END-- [ RunTime:0.000841s ]
INFO: [ app_end ] --START--
INFO: Run Behavior\ShowPageTraceBehavior [ RunTime:0.001049s ]
INFO: [ app_end ] --END-- [ RunTime:0.001156s ]

[ 2016-03-18T22:20:07+08:00 ] ::1 /App/index.php/Uploader/Img/getImg?path=/2016/03/18/3019c968-0891-1351-2387-3573ea9e3b08.jpg
INFO: [ app_init ] --START--
INFO: Run Behavior\BuildLiteBehavior [ RunTime:0.000014s ]
INFO: [ app_init ] --END-- [ RunTime:0.000312s ]
INFO: [ app_begin ] --START--
INFO: Run Behavior\ReadHtmlCacheBehavior [ RunTime:0.000391s ]
INFO: [ app_begin ] --END-- [ RunTime:0.000442s ]
INFO: [ app_end ] --START--
INFO: Run Behavior\ShowPageTraceBehavior [ RunTime:0.000465s ]
INFO: [ app_end ] --END-- [ RunTime:0.000526s ]

[ 2016-03-18T22:20:07+08:00 ] ::1 /App/index.php/Uploader/Img/getImg?path=/2016/03/18/cb465a11-54bb-e7a7-2ac9-e7b2b714be23.png
INFO: [ app_init ] --START--
INFO: Run Behavior\BuildLiteBehavior [ RunTime:0.000013s ]
INFO: [ app_init ] --END-- [ RunTime:0.000309s ]
INFO: [ app_begin ] --START--
INFO: Run Behavior\ReadHtmlCacheBehavior [ RunTime:0.000720s ]
INFO: [ app_begin ] --END-- [ RunTime:0.000830s ]
INFO: [ app_end ] --START--
INFO: Run Behavior\ShowPageTraceBehavior [ RunTime:0.000469s ]
INFO: [ app_end ] --END-- [ RunTime:0.000531s ]

[ 2016-03-18T22:20:07+08:00 ] ::1 /App/index.php/Uploader/Img/getImg?path=/2016/03/18/41236c7b-4521-158c-3c7a-052a76eb0a6f.jpg
INFO: [ app_init ] --START--
INFO: Run Behavior\BuildLiteBehavior [ RunTime:0.000012s ]
INFO: [ app_init ] --END-- [ RunTime:0.000451s ]
INFO: [ app_begin ] --START--
INFO: Run Behavior\ReadHtmlCacheBehavior [ RunTime:0.000575s ]
INFO: [ app_begin ] --END-- [ RunTime:0.000636s ]
INFO: [ app_end ] --START--
INFO: Run Behavior\ShowPageTraceBehavior [ RunTime:0.000564s ]
INFO: [ app_end ] --END-- [ RunTime:0.000622s ]

[ 2016-03-18T22:23:30+08:00 ] 127.0.0.1 /App/index.php/Uploader/Article/listView?forum_id=cbe2c785-e643-4e49-87d0-a96993cdb86e
INFO: [ app_init ] --START--
INFO: Run Behavior\BuildLiteBehavior [ RunTime:0.000009s ]
INFO: [ app_init ] --END-- [ RunTime:0.000264s ]
INFO: [ app_begin ] --START--
INFO: Run Behavior\ReadHtmlCacheBehavior [ RunTime:0.000349s ]
INFO: [ app_begin ] --END-- [ RunTime:0.000382s ]
SQL: SHOW COLUMNS FROM `news_article` [ RunTime:0.0204s ]
SQL: SELECT * FROM `news_article` ORDER BY position asc  [ RunTime:0.0024s ]
INFO: [ view_parse ] --START--
INFO: [ template_filter ] --START--
INFO: Run Behavior\ContentReplaceBehavior [ RunTime:0.000101s ]
INFO: [ template_filter ] --END-- [ RunTime:0.000167s ]
INFO: Run Behavior\ParseTemplateBehavior [ RunTime:0.007828s ]
INFO: [ view_parse ] --END-- [ RunTime:0.007881s ]
INFO: [ view_filter ] --START--
INFO: Run Behavior\WriteHtmlCacheBehavior [ RunTime:0.000326s ]
INFO: [ view_filter ] --END-- [ RunTime:0.000357s ]
INFO: [ app_end ] --START--
INFO: Run Behavior\ShowPageTraceBehavior [ RunTime:0.000419s ]
INFO: [ app_end ] --END-- [ RunTime:0.000454s ]

[ 2016-03-18T22:23:30+08:00 ] 127.0.0.1 /App/index.php/Uploader/Img/getImg?path=/2016/03/18/3019c968-0891-1351-2387-3573ea9e3b08.jpg
INFO: [ app_init ] --START--
INFO: Run Behavior\BuildLiteBehavior [ RunTime:0.000016s ]
INFO: [ app_init ] --END-- [ RunTime:0.000499s ]
INFO: [ app_begin ] --START--
INFO: Run Behavior\ReadHtmlCacheBehavior [ RunTime:0.000411s ]
INFO: [ app_begin ] --END-- [ RunTime:0.000465s ]
INFO: [ app_end ] --START--
INFO: Run Behavior\ShowPageTraceBehavior [ RunTime:0.000600s ]
INFO: [ app_end ] --END-- [ RunTime:0.000686s ]

[ 2016-03-18T22:23:30+08:00 ] ::1 /App/index.php/Uploader/Img/getImg?path=/2016/03/18/cb465a11-54bb-e7a7-2ac9-e7b2b714be23.png
INFO: [ app_init ] --START--
INFO: Run Behavior\BuildLiteBehavior [ RunTime:0.000014s ]
INFO: [ app_init ] --END-- [ RunTime:0.000378s ]
INFO: [ app_begin ] --START--
INFO: Run Behavior\ReadHtmlCacheBehavior [ RunTime:0.000557s ]
INFO: [ app_begin ] --END-- [ RunTime:0.000626s ]
INFO: [ app_end ] --START--
INFO: Run Behavior\ShowPageTraceBehavior [ RunTime:0.000611s ]
INFO: [ app_end ] --END-- [ RunTime:0.000687s ]

[ 2016-03-18T22:23:30+08:00 ] ::1 /App/index.php/Uploader/Img/getImg?path=/2016/03/18/41236c7b-4521-158c-3c7a-052a76eb0a6f.jpg
INFO: [ app_init ] --START--
INFO: Run Behavior\BuildLiteBehavior [ RunTime:0.000024s ]
INFO: [ app_init ] --END-- [ RunTime:0.000512s ]
INFO: [ app_begin ] --START--
INFO: Run Behavior\ReadHtmlCacheBehavior [ RunTime:0.000744s ]
INFO: [ app_begin ] --END-- [ RunTime:0.000826s ]
INFO: [ app_end ] --START--
INFO: Run Behavior\ShowPageTraceBehavior [ RunTime:0.000588s ]
INFO: [ app_end ] --END-- [ RunTime:0.000654s ]

[ 2016-03-18T22:23:34+08:00 ] ::1 /App/index.php/Uploader/Article/movePostion.html?article_id=f860a8f9-8581-a910-8a5e-30d95e46cfe1&&up=true
INFO: [ app_init ] --START--
INFO: Run Behavior\BuildLiteBehavior [ RunTime:0.000007s ]
INFO: [ app_init ] --END-- [ RunTime:0.000208s ]
INFO: [ app_begin ] --START--
INFO: Run Behavior\ReadHtmlCacheBehavior [ RunTime:0.000276s ]
INFO: [ app_begin ] --END-- [ RunTime:0.000308s ]
SQL: SHOW COLUMNS FROM `news_article` [ RunTime:0.0125s ]
SQL: SELECT * FROM `news_article` WHERE ( article_id='f860a8f9-8581-a910-8a5e-30d95e46cfe1' ) LIMIT 1   [ RunTime:0.0014s ]
SQL: SELECT * FROM `news_article` WHERE ( position<3 ) ORDER BY position desc LIMIT 1   [ RunTime:0.0005s ]
SQL: UPDATE `news_article` SET `title`='asdasdf',`description`='adfasd',`img`='http://localhost/App/index.php/Uploader/Img/getImg?path=/2016/03/18/3019c968-0891-1351-2387-3573ea9e3b08.jpg',`content`='			adfadfaasdf23r23467y3yerfg',`time`='2016-03-18 07:55:43',`source`='云韵科技',`position`='2',`forum_id`=NULL WHERE `article_id` = 'f860a8f9-8581-a910-8a5e-30d95e46cfe1' [ RunTime:0.0349s ]
SQL: UPDATE `news_article` SET `title`='asdasdf',`description`='adfasd',`img`='http://localhost/App/index.php/Uploader/Img/getImg?path=/2016/03/18/3019c968-0891-1351-2387-3573ea9e3b08.jpg',`content`='			adfasdf23r23467y3yerfg',`time`='2016-03-18 07:50:52',`source`='云韵科技',`position`='3',`forum_id`=NULL WHERE `article_id` = 'e81e6674-0080-e6cc-86dd-5376460de9df' [ RunTime:0.0155s ]

[ 2016-03-18T22:23:35+08:00 ] ::1 /App/index.php/Uploader/Article/listView?forum_id=
INFO: [ app_init ] --START--
INFO: Run Behavior\BuildLiteBehavior [ RunTime:0.000018s ]
INFO: [ app_init ] --END-- [ RunTime:0.000615s ]
INFO: [ app_begin ] --START--
INFO: Run Behavior\ReadHtmlCacheBehavior [ RunTime:0.000645s ]
INFO: [ app_begin ] --END-- [ RunTime:0.000726s ]
SQL: SHOW COLUMNS FROM `news_article` [ RunTime:0.0131s ]
SQL: SELECT * FROM `news_article` ORDER BY position asc  [ RunTime:0.0022s ]
INFO: [ view_parse ] --START--
INFO: [ template_filter ] --START--
INFO: Run Behavior\ContentReplaceBehavior [ RunTime:0.000155s ]
INFO: [ template_filter ] --END-- [ RunTime:0.000335s ]
INFO: Run Behavior\ParseTemplateBehavior [ RunTime:0.014651s ]
INFO: [ view_parse ] --END-- [ RunTime:0.014752s ]
INFO: [ view_filter ] --START--
INFO: Run Behavior\WriteHtmlCacheBehavior [ RunTime:0.000542s ]
INFO: [ view_filter ] --END-- [ RunTime:0.000606s ]
INFO: [ app_end ] --START--
INFO: Run Behavior\ShowPageTraceBehavior [ RunTime:0.000805s ]
INFO: [ app_end ] --END-- [ RunTime:0.000874s ]

[ 2016-03-18T22:23:35+08:00 ] 127.0.0.1 /App/index.php/Uploader/Img/getImg?path=/2016/03/18/41236c7b-4521-158c-3c7a-052a76eb0a6f.jpg
INFO: [ app_init ] --START--
INFO: Run Behavior\BuildLiteBehavior [ RunTime:0.000014s ]
INFO: [ app_init ] --END-- [ RunTime:0.000320s ]
INFO: [ app_begin ] --START--
INFO: Run Behavior\ReadHtmlCacheBehavior [ RunTime:0.000416s ]
INFO: [ app_begin ] --END-- [ RunTime:0.000480s ]
INFO: [ app_end ] --START--
INFO: Run Behavior\ShowPageTraceBehavior [ RunTime:0.000640s ]
INFO: [ app_end ] --END-- [ RunTime:0.000717s ]

[ 2016-03-18T22:23:35+08:00 ] ::1 /App/index.php/Uploader/Img/getImg?path=/2016/03/18/3019c968-0891-1351-2387-3573ea9e3b08.jpg
INFO: [ app_init ] --START--
INFO: Run Behavior\BuildLiteBehavior [ RunTime:0.000012s ]
INFO: [ app_init ] --END-- [ RunTime:0.000319s ]
INFO: [ app_begin ] --START--
INFO: Run Behavior\ReadHtmlCacheBehavior [ RunTime:0.000454s ]
INFO: [ app_begin ] --END-- [ RunTime:0.000511s ]
INFO: [ app_end ] --START--
INFO: Run Behavior\ShowPageTraceBehavior [ RunTime:0.000586s ]
INFO: [ app_end ] --END-- [ RunTime:0.000654s ]

[ 2016-03-18T22:23:35+08:00 ] ::1 /App/index.php/Uploader/Img/getImg?path=/2016/03/18/cb465a11-54bb-e7a7-2ac9-e7b2b714be23.png
INFO: [ app_init ] --START--
INFO: Run Behavior\BuildLiteBehavior [ RunTime:0.000013s ]
INFO: [ app_init ] --END-- [ RunTime:0.000351s ]
INFO: [ app_begin ] --START--
INFO: Run Behavior\ReadHtmlCacheBehavior [ RunTime:0.000410s ]
INFO: [ app_begin ] --END-- [ RunTime:0.000468s ]
INFO: [ app_end ] --START--
INFO: Run Behavior\ShowPageTraceBehavior [ RunTime:0.000405s ]
INFO: [ app_end ] --END-- [ RunTime:0.000454s ]

[ 2016-03-18T22:23:38+08:00 ] ::1 /App/index.php/Uploader/Article/movePostion.html?article_id=b38020ec-375c-c59d-8a63-4cd5b6ed285e&&up=true
INFO: [ app_init ] --START--
INFO: Run Behavior\BuildLiteBehavior [ RunTime:0.000015s ]
INFO: [ app_init ] --END-- [ RunTime:0.000380s ]
INFO: [ app_begin ] --START--
INFO: Run Behavior\ReadHtmlCacheBehavior [ RunTime:0.000462s ]
INFO: [ app_begin ] --END-- [ RunTime:0.000521s ]
SQL: SHOW COLUMNS FROM `news_article` [ RunTime:0.0138s ]
SQL: SELECT * FROM `news_article` WHERE ( article_id='b38020ec-375c-c59d-8a63-4cd5b6ed285e' ) LIMIT 1   [ RunTime:0.0014s ]
SQL: SELECT * FROM `news_article` WHERE ( position<10 ) ORDER BY position desc LIMIT 1   [ RunTime:0.0017s ]
SQL: UPDATE `news_article` SET `title`='adfadf',`description`='adadf',`img`='http://localhost/App/index.php/Uploader/Img/getImg?path=/2016/03/18/41236c7b-4521-158c-3c7a-052a76eb0a6f.jpg',`content`='			haeruh			asdfa		啊短发短发	sdfsg									',`time`='2016-03-18 08:33:46',`source`='dfasdf',`position`='5',`forum_id`='cbe2c785-e643-4e49-87d0-a96993cdb86e' WHERE `article_id` = 'b38020ec-375c-c59d-8a63-4cd5b6ed285e' [ RunTime:0.0306s ]
SQL: UPDATE `news_article` SET `title`='adfadf',`description`='adadf',`img`='http://localhost/App/index.php/Uploader/Img/getImg?path=/2016/03/18/41236c7b-4521-158c-3c7a-052a76eb0a6f.jpg',`content`='haeruh			',`time`='2016-03-18 08:27:09',`source`='dfasdf',`position`='10',`forum_id`='cbe2c785-e643-4e49-87d0-a96993cdb86e' WHERE `article_id` = 'd4b16062-cbe6-1818-406c-a43e8c729419' [ RunTime:0.0466s ]

[ 2016-03-18T22:23:39+08:00 ] ::1 /App/index.php/Uploader/Article/listView?forum_id=cbe2c785-e643-4e49-87d0-a96993cdb86e
INFO: [ app_init ] --START--
INFO: Run Behavior\BuildLiteBehavior [ RunTime:0.000010s ]
INFO: [ app_init ] --END-- [ RunTime:0.000247s ]
INFO: [ app_begin ] --START--
INFO: Run Behavior\ReadHtmlCacheBehavior [ RunTime:0.000287s ]
INFO: [ app_begin ] --END-- [ RunTime:0.000322s ]
SQL: SHOW COLUMNS FROM `news_article` [ RunTime:0.0213s ]
SQL: SELECT * FROM `news_article` ORDER BY position asc  [ RunTime:0.0024s ]
INFO: [ view_parse ] --START--
INFO: [ template_filter ] --START--
INFO: Run Behavior\ContentReplaceBehavior [ RunTime:0.000090s ]
INFO: [ template_filter ] --END-- [ RunTime:0.000183s ]
INFO: Run Behavior\ParseTemplateBehavior [ RunTime:0.019368s ]
INFO: [ view_parse ] --END-- [ RunTime:0.019474s ]
INFO: [ view_filter ] --START--
INFO: Run Behavior\WriteHtmlCacheBehavior [ RunTime:0.000489s ]
INFO: [ view_filter ] --END-- [ RunTime:0.000545s ]
INFO: [ app_end ] --START--
INFO: Run Behavior\ShowPageTraceBehavior [ RunTime:0.000688s ]
INFO: [ app_end ] --END-- [ RunTime:0.000749s ]

[ 2016-03-18T22:23:39+08:00 ] ::1 /App/index.php/Uploader/Img/getImg?path=/2016/03/18/3019c968-0891-1351-2387-3573ea9e3b08.jpg
INFO: [ app_init ] --START--
INFO: Run Behavior\BuildLiteBehavior [ RunTime:0.000013s ]
INFO: [ app_init ] --END-- [ RunTime:0.000315s ]
INFO: [ app_begin ] --START--
INFO: Run Behavior\ReadHtmlCacheBehavior [ RunTime:0.000398s ]
INFO: [ app_begin ] --END-- [ RunTime:0.000452s ]
INFO: [ app_end ] --START--
INFO: Run Behavior\ShowPageTraceBehavior [ RunTime:0.000498s ]
INFO: [ app_end ] --END-- [ RunTime:0.000561s ]

[ 2016-03-18T22:23:39+08:00 ] ::1 /App/index.php/Uploader/Img/getImg?path=/2016/03/18/41236c7b-4521-158c-3c7a-052a76eb0a6f.jpg
INFO: [ app_init ] --START--
INFO: Run Behavior\BuildLiteBehavior [ RunTime:0.000013s ]
INFO: [ app_init ] --END-- [ RunTime:0.000327s ]
INFO: [ app_begin ] --START--
INFO: Run Behavior\ReadHtmlCacheBehavior [ RunTime:0.000449s ]
INFO: [ app_begin ] --END-- [ RunTime:0.000513s ]
INFO: [ app_end ] --START--
INFO: Run Behavior\ShowPageTraceBehavior [ RunTime:0.000496s ]
INFO: [ app_end ] --END-- [ RunTime:0.000562s ]

[ 2016-03-18T22:23:39+08:00 ] 127.0.0.1 /App/index.php/Uploader/Img/getImg?path=/2016/03/18/cb465a11-54bb-e7a7-2ac9-e7b2b714be23.png
INFO: [ app_init ] --START--
INFO: Run Behavior\BuildLiteBehavior [ RunTime:0.000013s ]
INFO: [ app_init ] --END-- [ RunTime:0.000344s ]
INFO: [ app_begin ] --START--
INFO: Run Behavior\ReadHtmlCacheBehavior [ RunTime:0.000444s ]
INFO: [ app_begin ] --END-- [ RunTime:0.000513s ]
INFO: [ app_end ] --START--
INFO: Run Behavior\ShowPageTraceBehavior [ RunTime:0.000407s ]
INFO: [ app_end ] --END-- [ RunTime:0.000457s ]

[ 2016-03-18T22:23:42+08:00 ] ::1 /App/index.php/Uploader/Article/movePostion.html?article_id=5d25d6c0-ddcb-33c6-57e7-9a400657d309&&up=true
INFO: [ app_init ] --START--
INFO: Run Behavior\BuildLiteBehavior [ RunTime:0.000013s ]
INFO: [ app_init ] --END-- [ RunTime:0.000290s ]
INFO: [ app_begin ] --START--
INFO: Run Behavior\ReadHtmlCacheBehavior [ RunTime:0.000438s ]
INFO: [ app_begin ] --END-- [ RunTime:0.000495s ]
SQL: SHOW COLUMNS FROM `news_article` [ RunTime:0.0056s ]
SQL: SELECT * FROM `news_article` WHERE ( article_id='5d25d6c0-ddcb-33c6-57e7-9a400657d309' ) LIMIT 1   [ RunTime:0.0013s ]
SQL: SELECT * FROM `news_article` WHERE ( position<11 ) ORDER BY position desc LIMIT 1   [ RunTime:0.0006s ]
SQL: UPDATE `news_article` SET `title`='阿什顿飞跟',`description`='aha韵',`img`='http://localhost/App/index.php/Uploader/Img/getImg?path=/2016/03/18/cb465a11-54bb-e7a7-2ac9-e7b2b714be23.png',`content`='			爱的发声',`time`='2016-03-18 08:34:14',`source`='对方噶说法',`position`='10',`forum_id`='cbe2c785-e643-4e49-87d0-a96993cdb86e' WHERE `article_id` = '5d25d6c0-ddcb-33c6-57e7-9a400657d309' [ RunTime:0.0300s ]
SQL: UPDATE `news_article` SET `title`='adfadf',`description`='adadf',`img`='http://localhost/App/index.php/Uploader/Img/getImg?path=/2016/03/18/41236c7b-4521-158c-3c7a-052a76eb0a6f.jpg',`content`='haeruh			',`time`='2016-03-18 08:27:09',`source`='dfasdf',`position`='11',`forum_id`='cbe2c785-e643-4e49-87d0-a96993cdb86e' WHERE `article_id` = 'd4b16062-cbe6-1818-406c-a43e8c729419' [ RunTime:0.0157s ]

[ 2016-03-18T22:23:43+08:00 ] ::1 /App/index.php/Uploader/Article/listView?forum_id=cbe2c785-e643-4e49-87d0-a96993cdb86e
INFO: [ app_init ] --START--
INFO: Run Behavior\BuildLiteBehavior [ RunTime:0.000010s ]
INFO: [ app_init ] --END-- [ RunTime:0.000236s ]
INFO: [ app_begin ] --START--
INFO: Run Behavior\ReadHtmlCacheBehavior [ RunTime:0.000296s ]
INFO: [ app_begin ] --END-- [ RunTime:0.000333s ]
SQL: SHOW COLUMNS FROM `news_article` [ RunTime:0.0232s ]
SQL: SELECT * FROM `news_article` ORDER BY position asc  [ RunTime:0.0016s ]
INFO: [ view_parse ] --START--
INFO: [ template_filter ] --START--
INFO: Run Behavior\ContentReplaceBehavior [ RunTime:0.000089s ]
INFO: [ template_filter ] --END-- [ RunTime:0.000188s ]
INFO: Run Behavior\ParseTemplateBehavior [ RunTime:0.011717s ]
INFO: [ view_parse ] --END-- [ RunTime:0.011797s ]
INFO: [ view_filter ] --START--
INFO: Run Behavior\WriteHtmlCacheBehavior [ RunTime:0.000371s ]
INFO: [ view_filter ] --END-- [ RunTime:0.000443s ]
INFO: [ app_end ] --START--
INFO: Run Behavior\ShowPageTraceBehavior [ RunTime:0.000833s ]
INFO: [ app_end ] --END-- [ RunTime:0.000903s ]

[ 2016-03-18T22:23:43+08:00 ] 127.0.0.1 /App/index.php/Uploader/Img/getImg?path=/2016/03/18/3019c968-0891-1351-2387-3573ea9e3b08.jpg
INFO: [ app_init ] --START--
INFO: Run Behavior\BuildLiteBehavior [ RunTime:0.000014s ]
INFO: [ app_init ] --END-- [ RunTime:0.000334s ]
INFO: [ app_begin ] --START--
INFO: Run Behavior\ReadHtmlCacheBehavior [ RunTime:0.000420s ]
INFO: [ app_begin ] --END-- [ RunTime:0.000473s ]
INFO: [ app_end ] --START--
INFO: Run Behavior\ShowPageTraceBehavior [ RunTime:0.000485s ]
INFO: [ app_end ] --END-- [ RunTime:0.000544s ]

[ 2016-03-18T22:23:43+08:00 ] ::1 /App/index.php/Uploader/Img/getImg?path=/2016/03/18/41236c7b-4521-158c-3c7a-052a76eb0a6f.jpg
INFO: [ app_init ] --START--
INFO: Run Behavior\BuildLiteBehavior [ RunTime:0.000012s ]
INFO: [ app_init ] --END-- [ RunTime:0.000331s ]
INFO: [ app_begin ] --START--
INFO: Run Behavior\ReadHtmlCacheBehavior [ RunTime:0.000411s ]
INFO: [ app_begin ] --END-- [ RunTime:0.000462s ]
INFO: [ app_end ] --START--
INFO: Run Behavior\ShowPageTraceBehavior [ RunTime:0.000482s ]
INFO: [ app_end ] --END-- [ RunTime:0.000549s ]

[ 2016-03-18T22:23:43+08:00 ] ::1 /App/index.php/Uploader/Img/getImg?path=/2016/03/18/cb465a11-54bb-e7a7-2ac9-e7b2b714be23.png
INFO: [ app_init ] --START--
INFO: Run Behavior\BuildLiteBehavior [ RunTime:0.000012s ]
INFO: [ app_init ] --END-- [ RunTime:0.000338s ]
INFO: [ app_begin ] --START--
INFO: Run Behavior\ReadHtmlCacheBehavior [ RunTime:0.000420s ]
INFO: [ app_begin ] --END-- [ RunTime:0.000481s ]
INFO: [ app_end ] --START--
INFO: Run Behavior\ShowPageTraceBehavior [ RunTime:0.000673s ]
INFO: [ app_end ] --END-- [ RunTime:0.000747s ]

[ 2016-03-18T22:23:49+08:00 ] ::1 /App/index.php/Uploader/Article/movePostion.html?article_id=b38020ec-375c-c59d-8a63-4cd5b6ed285e&&up=true
INFO: [ app_init ] --START--
INFO: Run Behavior\BuildLiteBehavior [ RunTime:0.000008s ]
INFO: [ app_init ] --END-- [ RunTime:0.000231s ]
INFO: [ app_begin ] --START--
INFO: Run Behavior\ReadHtmlCacheBehavior [ RunTime:0.000279s ]
INFO: [ app_begin ] --END-- [ RunTime:0.000314s ]
SQL: SHOW COLUMNS FROM `news_article` [ RunTime:0.0085s ]
SQL: SELECT * FROM `news_article` WHERE ( article_id='b38020ec-375c-c59d-8a63-4cd5b6ed285e' ) LIMIT 1   [ RunTime:0.0014s ]
SQL: SELECT * FROM `news_article` WHERE ( position<5 ) ORDER BY position desc LIMIT 1   [ RunTime:0.0005s ]
SQL: UPDATE `news_article` SET `title`='adfadf',`description`='adadf',`img`='http://localhost/App/index.php/Uploader/Img/getImg?path=/2016/03/18/41236c7b-4521-158c-3c7a-052a76eb0a6f.jpg',`content`='			haeruh			asdfa		啊短发短发	sdfsg									',`time`='2016-03-18 08:33:46',`source`='dfasdf',`position`='3',`forum_id`='cbe2c785-e643-4e49-87d0-a96993cdb86e' WHERE `article_id` = 'b38020ec-375c-c59d-8a63-4cd5b6ed285e' [ RunTime:0.0332s ]
SQL: UPDATE `news_article` SET `title`='asdasdf',`description`='adfasd',`img`='http://localhost/App/index.php/Uploader/Img/getImg?path=/2016/03/18/3019c968-0891-1351-2387-3573ea9e3b08.jpg',`content`='			adfasdf23r23467y3yerfg',`time`='2016-03-18 07:50:52',`source`='云韵科技',`position`='5',`forum_id`=NULL WHERE `article_id` = 'e81e6674-0080-e6cc-86dd-5376460de9df' [ RunTime:0.0239s ]

[ 2016-03-18T22:23:50+08:00 ] ::1 /App/index.php/Uploader/Article/listView?forum_id=cbe2c785-e643-4e49-87d0-a96993cdb86e
INFO: [ app_init ] --START--
INFO: Run Behavior\BuildLiteBehavior [ RunTime:0.000013s ]
INFO: [ app_init ] --END-- [ RunTime:0.000358s ]
INFO: [ app_begin ] --START--
INFO: Run Behavior\ReadHtmlCacheBehavior [ RunTime:0.000491s ]
INFO: [ app_begin ] --END-- [ RunTime:0.000556s ]
SQL: SHOW COLUMNS FROM `news_article` [ RunTime:0.0191s ]
SQL: SELECT * FROM `news_article` ORDER BY position asc  [ RunTime:0.0011s ]
INFO: [ view_parse ] --START--
INFO: [ template_filter ] --START--
INFO: Run Behavior\ContentReplaceBehavior [ RunTime:0.000076s ]
INFO: [ template_filter ] --END-- [ RunTime:0.000154s ]
INFO: Run Behavior\ParseTemplateBehavior [ RunTime:0.010338s ]
INFO: [ view_parse ] --END-- [ RunTime:0.010423s ]
INFO: [ view_filter ] --START--
INFO: Run Behavior\WriteHtmlCacheBehavior [ RunTime:0.000291s ]
INFO: [ view_filter ] --END-- [ RunTime:0.000338s ]
INFO: [ app_end ] --START--
INFO: Run Behavior\ShowPageTraceBehavior [ RunTime:0.000613s ]
INFO: [ app_end ] --END-- [ RunTime:0.000667s ]

[ 2016-03-18T22:23:50+08:00 ] ::1 /App/index.php/Uploader/Img/getImg?path=/2016/03/18/3019c968-0891-1351-2387-3573ea9e3b08.jpg
INFO: [ app_init ] --START--
INFO: Run Behavior\BuildLiteBehavior [ RunTime:0.000014s ]
INFO: [ app_init ] --END-- [ RunTime:0.000319s ]
INFO: [ app_begin ] --START--
INFO: Run Behavior\ReadHtmlCacheBehavior [ RunTime:0.000429s ]
INFO: [ app_begin ] --END-- [ RunTime:0.000480s ]
INFO: [ app_end ] --START--
INFO: Run Behavior\ShowPageTraceBehavior [ RunTime:0.000473s ]
INFO: [ app_end ] --END-- [ RunTime:0.000536s ]

[ 2016-03-18T22:23:50+08:00 ] ::1 /App/index.php/Uploader/Img/getImg?path=/2016/03/18/41236c7b-4521-158c-3c7a-052a76eb0a6f.jpg
INFO: [ app_init ] --START--
INFO: Run Behavior\BuildLiteBehavior [ RunTime:0.000012s ]
INFO: [ app_init ] --END-- [ RunTime:0.000344s ]
INFO: [ app_begin ] --START--
INFO: Run Behavior\ReadHtmlCacheBehavior [ RunTime:0.000489s ]
INFO: [ app_begin ] --END-- [ RunTime:0.000554s ]
INFO: [ app_end ] --START--
INFO: Run Behavior\ShowPageTraceBehavior [ RunTime:0.000525s ]
INFO: [ app_end ] --END-- [ RunTime:0.000595s ]

[ 2016-03-18T22:23:50+08:00 ] ::1 /App/index.php/Uploader/Img/getImg?path=/2016/03/18/cb465a11-54bb-e7a7-2ac9-e7b2b714be23.png
INFO: [ app_init ] --START--
INFO: Run Behavior\BuildLiteBehavior [ RunTime:0.000017s ]
INFO: [ app_init ] --END-- [ RunTime:0.000473s ]
INFO: [ app_begin ] --START--
INFO: Run Behavior\ReadHtmlCacheBehavior [ RunTime:0.000446s ]
INFO: [ app_begin ] --END-- [ RunTime:0.000514s ]
INFO: [ app_end ] --START--
INFO: Run Behavior\ShowPageTraceBehavior [ RunTime:0.000794s ]
INFO: [ app_end ] --END-- [ RunTime:0.000921s ]

[ 2016-03-18T22:23:54+08:00 ] ::1 /App/index.php/Uploader/Article/movePostion.html?article_id=b38020ec-375c-c59d-8a63-4cd5b6ed285e&&up=true
INFO: [ app_init ] --START--
INFO: Run Behavior\BuildLiteBehavior [ RunTime:0.000009s ]
INFO: [ app_init ] --END-- [ RunTime:0.000220s ]
INFO: [ app_begin ] --START--
INFO: Run Behavior\ReadHtmlCacheBehavior [ RunTime:0.000271s ]
INFO: [ app_begin ] --END-- [ RunTime:0.000303s ]
SQL: SHOW COLUMNS FROM `news_article` [ RunTime:0.0143s ]
SQL: SELECT * FROM `news_article` WHERE ( article_id='b38020ec-375c-c59d-8a63-4cd5b6ed285e' ) LIMIT 1   [ RunTime:0.0022s ]
SQL: SELECT * FROM `news_article` WHERE ( position<3 ) ORDER BY position desc LIMIT 1   [ RunTime:0.0008s ]
SQL: UPDATE `news_article` SET `title`='adfadf',`description`='adadf',`img`='http://localhost/App/index.php/Uploader/Img/getImg?path=/2016/03/18/41236c7b-4521-158c-3c7a-052a76eb0a6f.jpg',`content`='			haeruh			asdfa		啊短发短发	sdfsg									',`time`='2016-03-18 08:33:46',`source`='dfasdf',`position`='2',`forum_id`='cbe2c785-e643-4e49-87d0-a96993cdb86e' WHERE `article_id` = 'b38020ec-375c-c59d-8a63-4cd5b6ed285e' [ RunTime:0.0454s ]
SQL: UPDATE `news_article` SET `title`='asdasdf',`description`='adfasd',`img`='http://localhost/App/index.php/Uploader/Img/getImg?path=/2016/03/18/3019c968-0891-1351-2387-3573ea9e3b08.jpg',`content`='			adfadfaasdf23r23467y3yerfg',`time`='2016-03-18 07:55:43',`source`='云韵科技',`position`='3',`forum_id`=NULL WHERE `article_id` = 'f860a8f9-8581-a910-8a5e-30d95e46cfe1' [ RunTime:0.0156s ]

[ 2016-03-18T22:23:55+08:00 ] ::1 /App/index.php/Uploader/Article/listView?forum_id=cbe2c785-e643-4e49-87d0-a96993cdb86e
INFO: [ app_init ] --START--
INFO: Run Behavior\BuildLiteBehavior [ RunTime:0.000014s ]
INFO: [ app_init ] --END-- [ RunTime:0.000345s ]
INFO: [ app_begin ] --START--
INFO: Run Behavior\ReadHtmlCacheBehavior [ RunTime:0.000433s ]
INFO: [ app_begin ] --END-- [ RunTime:0.000483s ]
SQL: SHOW COLUMNS FROM `news_article` [ RunTime:0.0122s ]
SQL: SELECT * FROM `news_article` ORDER BY position asc  [ RunTime:0.0018s ]
INFO: [ view_parse ] --START--
INFO: [ template_filter ] --START--
INFO: Run Behavior\ContentReplaceBehavior [ RunTime:0.000139s ]
INFO: [ template_filter ] --END-- [ RunTime:0.000299s ]
INFO: Run Behavior\ParseTemplateBehavior [ RunTime:0.018346s ]
INFO: [ view_parse ] --END-- [ RunTime:0.018466s ]
INFO: [ view_filter ] --START--
INFO: Run Behavior\WriteHtmlCacheBehavior [ RunTime:0.000401s ]
INFO: [ view_filter ] --END-- [ RunTime:0.000455s ]
INFO: [ app_end ] --START--
INFO: Run Behavior\ShowPageTraceBehavior [ RunTime:0.000678s ]
INFO: [ app_end ] --END-- [ RunTime:0.000741s ]

[ 2016-03-18T22:23:55+08:00 ] ::1 /App/index.php/Uploader/Img/getImg?path=/2016/03/18/41236c7b-4521-158c-3c7a-052a76eb0a6f.jpg
INFO: [ app_init ] --START--
INFO: Run Behavior\BuildLiteBehavior [ RunTime:0.000014s ]
INFO: [ app_init ] --END-- [ RunTime:0.000315s ]
INFO: [ app_begin ] --START--
INFO: Run Behavior\ReadHtmlCacheBehavior [ RunTime:0.000397s ]
INFO: [ app_begin ] --END-- [ RunTime:0.000443s ]
INFO: [ app_end ] --START--
INFO: Run Behavior\ShowPageTraceBehavior [ RunTime:0.000459s ]
INFO: [ app_end ] --END-- [ RunTime:0.000515s ]

[ 2016-03-18T22:23:55+08:00 ] ::1 /App/index.php/Uploader/Img/getImg?path=/2016/03/18/3019c968-0891-1351-2387-3573ea9e3b08.jpg
INFO: [ app_init ] --START--
INFO: Run Behavior\BuildLiteBehavior [ RunTime:0.000012s ]
INFO: [ app_init ] --END-- [ RunTime:0.000327s ]
INFO: [ app_begin ] --START--
INFO: Run Behavior\ReadHtmlCacheBehavior [ RunTime:0.000433s ]
INFO: [ app_begin ] --END-- [ RunTime:0.000490s ]
INFO: [ app_end ] --START--
INFO: Run Behavior\ShowPageTraceBehavior [ RunTime:0.000575s ]
INFO: [ app_end ] --END-- [ RunTime:0.000649s ]

[ 2016-03-18T22:23:55+08:00 ] ::1 /App/index.php/Uploader/Img/getImg?path=/2016/03/18/cb465a11-54bb-e7a7-2ac9-e7b2b714be23.png
INFO: [ app_init ] --START--
INFO: Run Behavior\BuildLiteBehavior [ RunTime:0.000012s ]
INFO: [ app_init ] --END-- [ RunTime:0.000305s ]
INFO: [ app_begin ] --START--
INFO: Run Behavior\ReadHtmlCacheBehavior [ RunTime:0.000451s ]
INFO: [ app_begin ] --END-- [ RunTime:0.000513s ]
INFO: [ app_end ] --START--
INFO: Run Behavior\ShowPageTraceBehavior [ RunTime:0.000577s ]
INFO: [ app_end ] --END-- [ RunTime:0.000644s ]

[ 2016-03-18T22:23:59+08:00 ] ::1 /App/index.php/Uploader/Article/movePostion.html?article_id=5d25d6c0-ddcb-33c6-57e7-9a400657d309&&up=false
INFO: [ app_init ] --START--
INFO: Run Behavior\BuildLiteBehavior [ RunTime:0.000009s ]
INFO: [ app_init ] --END-- [ RunTime:0.000219s ]
INFO: [ app_begin ] --START--
INFO: Run Behavior\ReadHtmlCacheBehavior [ RunTime:0.000270s ]
INFO: [ app_begin ] --END-- [ RunTime:0.000302s ]
SQL: SHOW COLUMNS FROM `news_article` [ RunTime:0.0132s ]
SQL: SELECT * FROM `news_article` WHERE ( article_id='5d25d6c0-ddcb-33c6-57e7-9a400657d309' ) LIMIT 1   [ RunTime:0.0015s ]
SQL: SELECT * FROM `news_article` WHERE ( position<10 ) ORDER BY position desc LIMIT 1   [ RunTime:0.0010s ]
SQL: UPDATE `news_article` SET `title`='阿什顿飞跟',`description`='aha韵',`img`='http://localhost/App/index.php/Uploader/Img/getImg?path=/2016/03/18/cb465a11-54bb-e7a7-2ac9-e7b2b714be23.png',`content`='			爱的发声',`time`='2016-03-18 08:34:14',`source`='对方噶说法',`position`='5',`forum_id`='cbe2c785-e643-4e49-87d0-a96993cdb86e' WHERE `article_id` = '5d25d6c0-ddcb-33c6-57e7-9a400657d309' [ RunTime:0.0260s ]
SQL: UPDATE `news_article` SET `title`='asdasdf',`description`='adfasd',`img`='http://localhost/App/index.php/Uploader/Img/getImg?path=/2016/03/18/3019c968-0891-1351-2387-3573ea9e3b08.jpg',`content`='			adfasdf23r23467y3yerfg',`time`='2016-03-18 07:50:52',`source`='云韵科技',`position`='10',`forum_id`=NULL WHERE `article_id` = 'e81e6674-0080-e6cc-86dd-5376460de9df' [ RunTime:0.0223s ]

[ 2016-03-18T22:24:00+08:00 ] ::1 /App/index.php/Uploader/Article/listView?forum_id=cbe2c785-e643-4e49-87d0-a96993cdb86e
INFO: [ app_init ] --START--
INFO: Run Behavior\BuildLiteBehavior [ RunTime:0.000020s ]
INFO: [ app_init ] --END-- [ RunTime:0.000563s ]
INFO: [ app_begin ] --START--
INFO: Run Behavior\ReadHtmlCacheBehavior [ RunTime:0.000486s ]
INFO: [ app_begin ] --END-- [ RunTime:0.000548s ]
SQL: SHOW COLUMNS FROM `news_article` [ RunTime:0.0230s ]
SQL: SELECT * FROM `news_article` ORDER BY position asc  [ RunTime:0.0021s ]
INFO: [ view_parse ] --START--
INFO: [ template_filter ] --START--
INFO: Run Behavior\ContentReplaceBehavior [ RunTime:0.000080s ]
INFO: [ template_filter ] --END-- [ RunTime:0.000170s ]
INFO: Run Behavior\ParseTemplateBehavior [ RunTime:0.011083s ]
INFO: [ view_parse ] --END-- [ RunTime:0.011161s ]
INFO: [ view_filter ] --START--
INFO: Run Behavior\WriteHtmlCacheBehavior [ RunTime:0.000287s ]
INFO: [ view_filter ] --END-- [ RunTime:0.000335s ]
INFO: [ app_end ] --START--
INFO: Run Behavior\ShowPageTraceBehavior [ RunTime:0.000634s ]
INFO: [ app_end ] --END-- [ RunTime:0.000687s ]

[ 2016-03-18T22:24:00+08:00 ] ::1 /App/index.php/Uploader/Img/getImg?path=/2016/03/18/3019c968-0891-1351-2387-3573ea9e3b08.jpg
INFO: [ app_init ] --START--
INFO: Run Behavior\BuildLiteBehavior [ RunTime:0.000014s ]
INFO: [ app_init ] --END-- [ RunTime:0.000341s ]
INFO: [ app_begin ] --START--
INFO: Run Behavior\ReadHtmlCacheBehavior [ RunTime:0.000410s ]
INFO: [ app_begin ] --END-- [ RunTime:0.000466s ]
INFO: [ app_end ] --START--
INFO: Run Behavior\ShowPageTraceBehavior [ RunTime:0.000472s ]
INFO: [ app_end ] --END-- [ RunTime:0.000553s ]

[ 2016-03-18T22:24:00+08:00 ] ::1 /App/index.php/Uploader/Img/getImg?path=/2016/03/18/41236c7b-4521-158c-3c7a-052a76eb0a6f.jpg
INFO: [ app_init ] --START--
INFO: Run Behavior\BuildLiteBehavior [ RunTime:0.000012s ]
INFO: [ app_init ] --END-- [ RunTime:0.000301s ]
INFO: [ app_begin ] --START--
INFO: Run Behavior\ReadHtmlCacheBehavior [ RunTime:0.000746s ]
INFO: [ app_begin ] --END-- [ RunTime:0.000804s ]
INFO: [ app_end ] --START--
INFO: Run Behavior\ShowPageTraceBehavior [ RunTime:0.000546s ]
INFO: [ app_end ] --END-- [ RunTime:0.000607s ]

[ 2016-03-18T22:24:00+08:00 ] ::1 /App/index.php/Uploader/Img/getImg?path=/2016/03/18/cb465a11-54bb-e7a7-2ac9-e7b2b714be23.png
INFO: [ app_init ] --START--
INFO: Run Behavior\BuildLiteBehavior [ RunTime:0.000009s ]
INFO: [ app_init ] --END-- [ RunTime:0.000239s ]
INFO: [ app_begin ] --START--
INFO: Run Behavior\ReadHtmlCacheBehavior [ RunTime:0.000293s ]
INFO: [ app_begin ] --END-- [ RunTime:0.000330s ]
INFO: [ app_end ] --START--
INFO: Run Behavior\ShowPageTraceBehavior [ RunTime:0.000426s ]
INFO: [ app_end ] --END-- [ RunTime:0.000478s ]

[ 2016-03-18T22:24:04+08:00 ] ::1 /App/index.php/Uploader/Article/movePostion.html?article_id=5d25d6c0-ddcb-33c6-57e7-9a400657d309&&up=false
INFO: [ app_init ] --START--
INFO: Run Behavior\BuildLiteBehavior [ RunTime:0.000013s ]
INFO: [ app_init ] --END-- [ RunTime:0.000586s ]
INFO: [ app_begin ] --START--
INFO: Run Behavior\ReadHtmlCacheBehavior [ RunTime:0.000335s ]
INFO: [ app_begin ] --END-- [ RunTime:0.000375s ]
SQL: SHOW COLUMNS FROM `news_article` [ RunTime:0.0205s ]
SQL: SELECT * FROM `news_article` WHERE ( article_id='5d25d6c0-ddcb-33c6-57e7-9a400657d309' ) LIMIT 1   [ RunTime:0.0032s ]
SQL: SELECT * FROM `news_article` WHERE ( position<5 ) ORDER BY position desc LIMIT 1   [ RunTime:0.0036s ]
SQL: UPDATE `news_article` SET `title`='阿什顿飞跟',`description`='aha韵',`img`='http://localhost/App/index.php/Uploader/Img/getImg?path=/2016/03/18/cb465a11-54bb-e7a7-2ac9-e7b2b714be23.png',`content`='			爱的发声',`time`='2016-03-18 08:34:14',`source`='对方噶说法',`position`='3',`forum_id`='cbe2c785-e643-4e49-87d0-a96993cdb86e' WHERE `article_id` = '5d25d6c0-ddcb-33c6-57e7-9a400657d309' [ RunTime:0.0254s ]
SQL: UPDATE `news_article` SET `title`='asdasdf',`description`='adfasd',`img`='http://localhost/App/index.php/Uploader/Img/getImg?path=/2016/03/18/3019c968-0891-1351-2387-3573ea9e3b08.jpg',`content`='			adfadfaasdf23r23467y3yerfg',`time`='2016-03-18 07:55:43',`source`='云韵科技',`position`='5',`forum_id`=NULL WHERE `article_id` = 'f860a8f9-8581-a910-8a5e-30d95e46cfe1' [ RunTime:0.0149s ]

[ 2016-03-18T22:24:05+08:00 ] ::1 /App/index.php/Uploader/Article/listView?forum_id=cbe2c785-e643-4e49-87d0-a96993cdb86e
INFO: [ app_init ] --START--
INFO: Run Behavior\BuildLiteBehavior [ RunTime:0.000011s ]
INFO: [ app_init ] --END-- [ RunTime:0.000304s ]
INFO: [ app_begin ] --START--
INFO: Run Behavior\ReadHtmlCacheBehavior [ RunTime:0.000389s ]
INFO: [ app_begin ] --END-- [ RunTime:0.000437s ]
SQL: SHOW COLUMNS FROM `news_article` [ RunTime:0.0138s ]
SQL: SELECT * FROM `news_article` ORDER BY position asc  [ RunTime:0.0058s ]
INFO: [ view_parse ] --START--
INFO: [ template_filter ] --START--
INFO: Run Behavior\ContentReplaceBehavior [ RunTime:0.000075s ]
INFO: [ template_filter ] --END-- [ RunTime:0.000162s ]
INFO: Run Behavior\ParseTemplateBehavior [ RunTime:0.008990s ]
INFO: [ view_parse ] --END-- [ RunTime:0.009062s ]
INFO: [ view_filter ] --START--
INFO: Run Behavior\WriteHtmlCacheBehavior [ RunTime:0.000324s ]
INFO: [ view_filter ] --END-- [ RunTime:0.000361s ]
INFO: [ app_end ] --START--
INFO: Run Behavior\ShowPageTraceBehavior [ RunTime:0.000490s ]
INFO: [ app_end ] --END-- [ RunTime:0.000539s ]

[ 2016-03-18T22:24:05+08:00 ] ::1 /App/index.php/Uploader/Img/getImg?path=/2016/03/18/41236c7b-4521-158c-3c7a-052a76eb0a6f.jpg
INFO: [ app_init ] --START--
INFO: Run Behavior\BuildLiteBehavior [ RunTime:0.000013s ]
INFO: [ app_init ] --END-- [ RunTime:0.000338s ]
INFO: [ app_begin ] --START--
INFO: Run Behavior\ReadHtmlCacheBehavior [ RunTime:0.000441s ]
INFO: [ app_begin ] --END-- [ RunTime:0.000496s ]
INFO: [ app_end ] --START--
INFO: Run Behavior\ShowPageTraceBehavior [ RunTime:0.000659s ]
INFO: [ app_end ] --END-- [ RunTime:0.000753s ]

[ 2016-03-18T22:24:05+08:00 ] ::1 /App/index.php/Uploader/Img/getImg?path=/2016/03/18/cb465a11-54bb-e7a7-2ac9-e7b2b714be23.png
INFO: [ app_init ] --START--
INFO: Run Behavior\BuildLiteBehavior [ RunTime:0.000014s ]
INFO: [ app_init ] --END-- [ RunTime:0.000342s ]
INFO: [ app_begin ] --START--
INFO: Run Behavior\ReadHtmlCacheBehavior [ RunTime:0.000587s ]
INFO: [ app_begin ] --END-- [ RunTime:0.000654s ]
INFO: [ app_end ] --START--
INFO: Run Behavior\ShowPageTraceBehavior [ RunTime:0.000789s ]
INFO: [ app_end ] --END-- [ RunTime:0.000883s ]

[ 2016-03-18T22:24:05+08:00 ] ::1 /App/index.php/Uploader/Img/getImg?path=/2016/03/18/3019c968-0891-1351-2387-3573ea9e3b08.jpg
INFO: [ app_init ] --START--
INFO: Run Behavior\BuildLiteBehavior [ RunTime:0.000011s ]
INFO: [ app_init ] --END-- [ RunTime:0.000244s ]
INFO: [ app_begin ] --START--
INFO: Run Behavior\ReadHtmlCacheBehavior [ RunTime:0.000315s ]
INFO: [ app_begin ] --END-- [ RunTime:0.000359s ]
INFO: [ app_end ] --START--
INFO: Run Behavior\ShowPageTraceBehavior [ RunTime:0.000629s ]
INFO: [ app_end ] --END-- [ RunTime:0.000690s ]

[ 2016-03-18T22:24:07+08:00 ] ::1 /App/index.php/Uploader/Article/movePostion.html?article_id=f860a8f9-8581-a910-8a5e-30d95e46cfe1&&up=false
INFO: [ app_init ] --START--
INFO: Run Behavior\BuildLiteBehavior [ RunTime:0.000010s ]
INFO: [ app_init ] --END-- [ RunTime:0.000256s ]
INFO: [ app_begin ] --START--
INFO: Run Behavior\ReadHtmlCacheBehavior [ RunTime:0.000280s ]
INFO: [ app_begin ] --END-- [ RunTime:0.000311s ]
SQL: SHOW COLUMNS FROM `news_article` [ RunTime:0.0104s ]
SQL: SELECT * FROM `news_article` WHERE ( article_id='f860a8f9-8581-a910-8a5e-30d95e46cfe1' ) LIMIT 1   [ RunTime:0.0019s ]
SQL: SELECT * FROM `news_article` WHERE ( position<5 ) ORDER BY position desc LIMIT 1   [ RunTime:0.0007s ]
SQL: UPDATE `news_article` SET `title`='asdasdf',`description`='adfasd',`img`='http://localhost/App/index.php/Uploader/Img/getImg?path=/2016/03/18/3019c968-0891-1351-2387-3573ea9e3b08.jpg',`content`='			adfadfaasdf23r23467y3yerfg',`time`='2016-03-18 07:55:43',`source`='云韵科技',`position`='3',`forum_id`=NULL WHERE `article_id` = 'f860a8f9-8581-a910-8a5e-30d95e46cfe1' [ RunTime:0.0368s ]
SQL: UPDATE `news_article` SET `title`='阿什顿飞跟',`description`='aha韵',`img`='http://localhost/App/index.php/Uploader/Img/getImg?path=/2016/03/18/cb465a11-54bb-e7a7-2ac9-e7b2b714be23.png',`content`='			爱的发声',`time`='2016-03-18 08:34:14',`source`='对方噶说法',`position`='5',`forum_id`='cbe2c785-e643-4e49-87d0-a96993cdb86e' WHERE `article_id` = '5d25d6c0-ddcb-33c6-57e7-9a400657d309' [ RunTime:0.0148s ]

[ 2016-03-18T22:24:09+08:00 ] ::1 /App/index.php/Uploader/Article/listView?forum_id=
INFO: [ app_init ] --START--
INFO: Run Behavior\BuildLiteBehavior [ RunTime:0.000018s ]
INFO: [ app_init ] --END-- [ RunTime:0.000484s ]
INFO: [ app_begin ] --START--
INFO: Run Behavior\ReadHtmlCacheBehavior [ RunTime:0.000903s ]
INFO: [ app_begin ] --END-- [ RunTime:0.001000s ]
SQL: SHOW COLUMNS FROM `news_article` [ RunTime:0.0208s ]
SQL: SELECT * FROM `news_article` ORDER BY position asc  [ RunTime:0.0069s ]
INFO: [ view_parse ] --START--
INFO: [ template_filter ] --START--
INFO: Run Behavior\ContentReplaceBehavior [ RunTime:0.000167s ]
INFO: [ template_filter ] --END-- [ RunTime:0.000333s ]
INFO: Run Behavior\ParseTemplateBehavior [ RunTime:0.022378s ]
INFO: [ view_parse ] --END-- [ RunTime:0.022480s ]
INFO: [ view_filter ] --START--
INFO: Run Behavior\WriteHtmlCacheBehavior [ RunTime:0.000272s ]
INFO: [ view_filter ] --END-- [ RunTime:0.000316s ]
INFO: [ app_end ] --START--
INFO: Run Behavior\ShowPageTraceBehavior [ RunTime:0.000557s ]
INFO: [ app_end ] --END-- [ RunTime:0.000605s ]

[ 2016-03-18T22:24:09+08:00 ] ::1 /App/index.php/Uploader/Img/getImg?path=/2016/03/18/3019c968-0891-1351-2387-3573ea9e3b08.jpg
INFO: [ app_init ] --START--
INFO: Run Behavior\BuildLiteBehavior [ RunTime:0.000012s ]
INFO: [ app_init ] --END-- [ RunTime:0.000317s ]
INFO: [ app_begin ] --START--
INFO: Run Behavior\ReadHtmlCacheBehavior [ RunTime:0.000397s ]
INFO: [ app_begin ] --END-- [ RunTime:0.000446s ]
INFO: [ app_end ] --START--
INFO: Run Behavior\ShowPageTraceBehavior [ RunTime:0.000531s ]
INFO: [ app_end ] --END-- [ RunTime:0.000593s ]

[ 2016-03-18T22:24:09+08:00 ] ::1 /App/index.php/Uploader/Img/getImg?path=/2016/03/18/41236c7b-4521-158c-3c7a-052a76eb0a6f.jpg
INFO: [ app_init ] --START--
INFO: Run Behavior\BuildLiteBehavior [ RunTime:0.000013s ]
INFO: [ app_init ] --END-- [ RunTime:0.000317s ]
INFO: [ app_begin ] --START--
INFO: Run Behavior\ReadHtmlCacheBehavior [ RunTime:0.000419s ]
INFO: [ app_begin ] --END-- [ RunTime:0.000472s ]
INFO: [ app_end ] --START--
INFO: Run Behavior\ShowPageTraceBehavior [ RunTime:0.000395s ]
INFO: [ app_end ] --END-- [ RunTime:0.000442s ]

[ 2016-03-18T22:24:09+08:00 ] ::1 /App/index.php/Uploader/Img/getImg?path=/2016/03/18/cb465a11-54bb-e7a7-2ac9-e7b2b714be23.png
INFO: [ app_init ] --START--
INFO: Run Behavior\BuildLiteBehavior [ RunTime:0.000012s ]
INFO: [ app_init ] --END-- [ RunTime:0.000314s ]
INFO: [ app_begin ] --START--
INFO: Run Behavior\ReadHtmlCacheBehavior [ RunTime:0.000409s ]
INFO: [ app_begin ] --END-- [ RunTime:0.000457s ]
INFO: [ app_end ] --START--
INFO: Run Behavior\ShowPageTraceBehavior [ RunTime:0.000599s ]
INFO: [ app_end ] --END-- [ RunTime:0.000677s ]

[ 2016-03-18T22:25:06+08:00 ] 127.0.0.1 /App/index.php/Uploader/Article/movePostion.html?article_id=5d25d6c0-ddcb-33c6-57e7-9a400657d309&&up=false
INFO: [ app_init ] --START--
INFO: Run Behavior\BuildLiteBehavior [ RunTime:0.000009s ]
INFO: [ app_init ] --END-- [ RunTime:0.000213s ]
INFO: [ app_begin ] --START--
INFO: Run Behavior\ReadHtmlCacheBehavior [ RunTime:0.000273s ]
INFO: [ app_begin ] --END-- [ RunTime:0.000306s ]
SQL: SHOW COLUMNS FROM `news_article` [ RunTime:0.0056s ]
SQL: SELECT * FROM `news_article` WHERE ( article_id='5d25d6c0-ddcb-33c6-57e7-9a400657d309' ) LIMIT 1   [ RunTime:0.0008s ]
SQL: SELECT * FROM `news_article` WHERE ( position<5 ) ORDER BY position desc LIMIT 1   [ RunTime:0.0005s ]
SQL: UPDATE `news_article` SET `title`='阿什顿飞跟',`description`='aha韵',`img`='http://localhost/App/index.php/Uploader/Img/getImg?path=/2016/03/18/cb465a11-54bb-e7a7-2ac9-e7b2b714be23.png',`content`='			爱的发声',`time`='2016-03-18 08:34:14',`source`='对方噶说法',`position`='3',`forum_id`='cbe2c785-e643-4e49-87d0-a96993cdb86e' WHERE `article_id` = '5d25d6c0-ddcb-33c6-57e7-9a400657d309' [ RunTime:0.0364s ]
SQL: UPDATE `news_article` SET `title`='asdasdf',`description`='adfasd',`img`='http://localhost/App/index.php/Uploader/Img/getImg?path=/2016/03/18/3019c968-0891-1351-2387-3573ea9e3b08.jpg',`content`='			adfadfaasdf23r23467y3yerfg',`time`='2016-03-18 07:55:43',`source`='云韵科技',`position`='5',`forum_id`=NULL WHERE `article_id` = 'f860a8f9-8581-a910-8a5e-30d95e46cfe1' [ RunTime:0.0156s ]

[ 2016-03-18T22:25:07+08:00 ] 127.0.0.1 /App/index.php/Uploader/Article/listView?forum_id=cbe2c785-e643-4e49-87d0-a96993cdb86e
INFO: [ app_init ] --START--
INFO: Run Behavior\BuildLiteBehavior [ RunTime:0.000009s ]
INFO: [ app_init ] --END-- [ RunTime:0.000217s ]
INFO: [ app_begin ] --START--
INFO: Run Behavior\ReadHtmlCacheBehavior [ RunTime:0.000268s ]
INFO: [ app_begin ] --END-- [ RunTime:0.000303s ]
SQL: SHOW COLUMNS FROM `news_article` [ RunTime:0.0065s ]
SQL: SELECT * FROM `news_article` ORDER BY position asc  [ RunTime:0.0022s ]
INFO: [ view_parse ] --START--
INFO: [ template_filter ] --START--
INFO: Run Behavior\ContentReplaceBehavior [ RunTime:0.000053s ]
INFO: [ template_filter ] --END-- [ RunTime:0.000113s ]
INFO: Run Behavior\ParseTemplateBehavior [ RunTime:0.006703s ]
INFO: [ view_parse ] --END-- [ RunTime:0.006753s ]
INFO: [ view_filter ] --START--
INFO: Run Behavior\WriteHtmlCacheBehavior [ RunTime:0.000205s ]
INFO: [ view_filter ] --END-- [ RunTime:0.000236s ]
INFO: [ app_end ] --START--
INFO: Run Behavior\ShowPageTraceBehavior [ RunTime:0.000409s ]
INFO: [ app_end ] --END-- [ RunTime:0.000444s ]

[ 2016-03-18T22:25:07+08:00 ] 127.0.0.1 /App/index.php/Uploader/Img/getImg?path=/2016/03/18/41236c7b-4521-158c-3c7a-052a76eb0a6f.jpg
INFO: [ app_init ] --START--
INFO: Run Behavior\BuildLiteBehavior [ RunTime:0.000014s ]
INFO: [ app_init ] --END-- [ RunTime:0.000340s ]
INFO: [ app_begin ] --START--
INFO: Run Behavior\ReadHtmlCacheBehavior [ RunTime:0.000425s ]
INFO: [ app_begin ] --END-- [ RunTime:0.000477s ]
INFO: [ app_end ] --START--
INFO: Run Behavior\ShowPageTraceBehavior [ RunTime:0.000742s ]
INFO: [ app_end ] --END-- [ RunTime:0.000830s ]

[ 2016-03-18T22:25:07+08:00 ] 127.0.0.1 /App/index.php/Uploader/Img/getImg?path=/2016/03/18/3019c968-0891-1351-2387-3573ea9e3b08.jpg
INFO: [ app_init ] --START--
INFO: Run Behavior\BuildLiteBehavior [ RunTime:0.000018s ]
INFO: [ app_init ] --END-- [ RunTime:0.000383s ]
INFO: [ app_begin ] --START--
INFO: Run Behavior\ReadHtmlCacheBehavior [ RunTime:0.000432s ]
INFO: [ app_begin ] --END-- [ RunTime:0.000500s ]
INFO: [ app_end ] --START--
INFO: Run Behavior\ShowPageTraceBehavior [ RunTime:0.000783s ]
INFO: [ app_end ] --END-- [ RunTime:0.000865s ]

[ 2016-03-18T22:25:07+08:00 ] 127.0.0.1 /App/index.php/Uploader/Img/getImg?path=/2016/03/18/cb465a11-54bb-e7a7-2ac9-e7b2b714be23.png
INFO: [ app_init ] --START--
INFO: Run Behavior\BuildLiteBehavior [ RunTime:0.000016s ]
INFO: [ app_init ] --END-- [ RunTime:0.000389s ]
INFO: [ app_begin ] --START--
INFO: Run Behavior\ReadHtmlCacheBehavior [ RunTime:0.000598s ]
INFO: [ app_begin ] --END-- [ RunTime:0.000668s ]
INFO: [ app_end ] --START--
INFO: Run Behavior\ShowPageTraceBehavior [ RunTime:0.001463s ]
INFO: [ app_end ] --END-- [ RunTime:0.001621s ]

[ 2016-03-18T22:25:57+08:00 ] 127.0.0.1 /App/index.php/Uploader/Article/movePostion.html?article_id=5d25d6c0-ddcb-33c6-57e7-9a400657d309&&up=false
INFO: [ app_init ] --START--
INFO: Run Behavior\BuildLiteBehavior [ RunTime:0.000014s ]
INFO: [ app_init ] --END-- [ RunTime:0.000425s ]
INFO: [ app_begin ] --START--
INFO: Run Behavior\ReadHtmlCacheBehavior [ RunTime:0.000541s ]
INFO: [ app_begin ] --END-- [ RunTime:0.000599s ]
SQL: SHOW COLUMNS FROM `news_article` [ RunTime:0.0166s ]
SQL: SELECT * FROM `news_article` WHERE ( article_id='5d25d6c0-ddcb-33c6-57e7-9a400657d309' ) LIMIT 1   [ RunTime:0.0015s ]
SQL: SELECT * FROM `news_article` WHERE ( position<3 ) ORDER BY position desc LIMIT 1   [ RunTime:0.0011s ]
SQL: UPDATE `news_article` SET `title`='阿什顿飞跟',`description`='aha韵',`img`='http://localhost/App/index.php/Uploader/Img/getImg?path=/2016/03/18/cb465a11-54bb-e7a7-2ac9-e7b2b714be23.png',`content`='			爱的发声',`time`='2016-03-18 08:34:14',`source`='对方噶说法',`position`='2',`forum_id`='cbe2c785-e643-4e49-87d0-a96993cdb86e' WHERE `article_id` = '5d25d6c0-ddcb-33c6-57e7-9a400657d309' [ RunTime:0.0338s ]
SQL: UPDATE `news_article` SET `title`='adfadf',`description`='adadf',`img`='http://localhost/App/index.php/Uploader/Img/getImg?path=/2016/03/18/41236c7b-4521-158c-3c7a-052a76eb0a6f.jpg',`content`='			haeruh			asdfa		啊短发短发	sdfsg									',`time`='2016-03-18 08:33:46',`source`='dfasdf',`position`='3',`forum_id`='cbe2c785-e643-4e49-87d0-a96993cdb86e' WHERE `article_id` = 'b38020ec-375c-c59d-8a63-4cd5b6ed285e' [ RunTime:0.0232s ]

[ 2016-03-18T22:25:58+08:00 ] 127.0.0.1 /App/index.php/Uploader/Article/listView?forum_id=cbe2c785-e643-4e49-87d0-a96993cdb86e
INFO: [ app_init ] --START--
INFO: Run Behavior\BuildLiteBehavior [ RunTime:0.000018s ]
INFO: [ app_init ] --END-- [ RunTime:0.000505s ]
INFO: [ app_begin ] --START--
INFO: Run Behavior\ReadHtmlCacheBehavior [ RunTime:0.000628s ]
INFO: [ app_begin ] --END-- [ RunTime:0.000705s ]
SQL: SHOW COLUMNS FROM `news_article` [ RunTime:0.0124s ]
SQL: SELECT * FROM `news_article` ORDER BY position asc  [ RunTime:0.0017s ]
INFO: [ view_parse ] --START--
INFO: [ template_filter ] --START--
INFO: Run Behavior\ContentReplaceBehavior [ RunTime:0.000055s ]
INFO: [ template_filter ] --END-- [ RunTime:0.000112s ]
INFO: Run Behavior\ParseTemplateBehavior [ RunTime:0.011552s ]
INFO: [ view_parse ] --END-- [ RunTime:0.011624s ]
INFO: [ view_filter ] --START--
INFO: Run Behavior\WriteHtmlCacheBehavior [ RunTime:0.000314s ]
INFO: [ view_filter ] --END-- [ RunTime:0.000344s ]
INFO: [ app_end ] --START--
INFO: Run Behavior\ShowPageTraceBehavior [ RunTime:0.000429s ]
INFO: [ app_end ] --END-- [ RunTime:0.000464s ]

[ 2016-03-18T22:25:58+08:00 ] 127.0.0.1 /App/index.php/Uploader/Img/getImg?path=/2016/03/18/cb465a11-54bb-e7a7-2ac9-e7b2b714be23.png
INFO: [ app_init ] --START--
INFO: Run Behavior\BuildLiteBehavior [ RunTime:0.000015s ]
INFO: [ app_init ] --END-- [ RunTime:0.000395s ]
INFO: [ app_begin ] --START--
INFO: Run Behavior\ReadHtmlCacheBehavior [ RunTime:0.000404s ]
INFO: [ app_begin ] --END-- [ RunTime:0.000464s ]
INFO: [ app_end ] --START--
INFO: Run Behavior\ShowPageTraceBehavior [ RunTime:0.000472s ]
INFO: [ app_end ] --END-- [ RunTime:0.000539s ]

[ 2016-03-18T22:25:58+08:00 ] 127.0.0.1 /App/index.php/Uploader/Img/getImg?path=/2016/03/18/41236c7b-4521-158c-3c7a-052a76eb0a6f.jpg
INFO: [ app_init ] --START--
INFO: Run Behavior\BuildLiteBehavior [ RunTime:0.000014s ]
INFO: [ app_init ] --END-- [ RunTime:0.000364s ]
INFO: [ app_begin ] --START--
INFO: Run Behavior\ReadHtmlCacheBehavior [ RunTime:0.000758s ]
INFO: [ app_begin ] --END-- [ RunTime:0.000825s ]
INFO: [ app_end ] --START--
INFO: Run Behavior\ShowPageTraceBehavior [ RunTime:0.000560s ]
INFO: [ app_end ] --END-- [ RunTime:0.000635s ]

[ 2016-03-18T22:25:58+08:00 ] 127.0.0.1 /App/index.php/Uploader/Img/getImg?path=/2016/03/18/3019c968-0891-1351-2387-3573ea9e3b08.jpg
INFO: [ app_init ] --START--
INFO: Run Behavior\BuildLiteBehavior [ RunTime:0.000017s ]
INFO: [ app_init ] --END-- [ RunTime:0.000916s ]
INFO: [ app_begin ] --START--
INFO: Run Behavior\ReadHtmlCacheBehavior [ RunTime:0.000791s ]
INFO: [ app_begin ] --END-- [ RunTime:0.000864s ]
INFO: [ app_end ] --START--
INFO: Run Behavior\ShowPageTraceBehavior [ RunTime:0.000493s ]
INFO: [ app_end ] --END-- [ RunTime:0.000545s ]

[ 2016-03-18T22:26:28+08:00 ] 127.0.0.1 /App/index.php/Uploader/Article/listView?forum_id=cbe2c785-e643-4e49-87d0-a96993cdb86e
INFO: [ app_init ] --START--
INFO: Run Behavior\BuildLiteBehavior [ RunTime:0.000010s ]
INFO: [ app_init ] --END-- [ RunTime:0.000234s ]
INFO: [ app_begin ] --START--
INFO: Run Behavior\ReadHtmlCacheBehavior [ RunTime:0.000425s ]
INFO: [ app_begin ] --END-- [ RunTime:0.000483s ]
SQL: SHOW COLUMNS FROM `news_article` [ RunTime:0.0098s ]
SQL: SELECT * FROM `news_article` ORDER BY position asc  [ RunTime:0.0010s ]
INFO: [ view_parse ] --START--
INFO: [ template_filter ] --START--
INFO: Run Behavior\ContentReplaceBehavior [ RunTime:0.000062s ]
INFO: [ template_filter ] --END-- [ RunTime:0.000125s ]
INFO: Run Behavior\ParseTemplateBehavior [ RunTime:0.009809s ]
INFO: [ view_parse ] --END-- [ RunTime:0.009875s ]
INFO: [ view_filter ] --START--
INFO: Run Behavior\WriteHtmlCacheBehavior [ RunTime:0.000331s ]
INFO: [ view_filter ] --END-- [ RunTime:0.000370s ]
INFO: [ app_end ] --START--
INFO: Run Behavior\ShowPageTraceBehavior [ RunTime:0.000597s ]
INFO: [ app_end ] --END-- [ RunTime:0.000647s ]

[ 2016-03-18T22:26:28+08:00 ] 127.0.0.1 /App/index.php/Uploader/Img/getImg?path=/2016/03/18/cb465a11-54bb-e7a7-2ac9-e7b2b714be23.png
INFO: [ app_init ] --START--
INFO: Run Behavior\BuildLiteBehavior [ RunTime:0.000015s ]
INFO: [ app_init ] --END-- [ RunTime:0.000383s ]
INFO: [ app_begin ] --START--
INFO: Run Behavior\ReadHtmlCacheBehavior [ RunTime:0.000424s ]
INFO: [ app_begin ] --END-- [ RunTime:0.000480s ]
INFO: [ app_end ] --START--
INFO: Run Behavior\ShowPageTraceBehavior [ RunTime:0.000553s ]
INFO: [ app_end ] --END-- [ RunTime:0.000628s ]

[ 2016-03-18T22:26:28+08:00 ] ::1 /App/index.php/Uploader/Img/getImg?path=/2016/03/18/41236c7b-4521-158c-3c7a-052a76eb0a6f.jpg
INFO: [ app_init ] --START--
INFO: Run Behavior\BuildLiteBehavior [ RunTime:0.000013s ]
INFO: [ app_init ] --END-- [ RunTime:0.000306s ]
INFO: [ app_begin ] --START--
INFO: Run Behavior\ReadHtmlCacheBehavior [ RunTime:0.000410s ]
INFO: [ app_begin ] --END-- [ RunTime:0.000470s ]
INFO: [ app_end ] --START--
INFO: Run Behavior\ShowPageTraceBehavior [ RunTime:0.000651s ]
INFO: [ app_end ] --END-- [ RunTime:0.000719s ]

[ 2016-03-18T22:26:28+08:00 ] ::1 /App/index.php/Uploader/Img/getImg?path=/2016/03/18/3019c968-0891-1351-2387-3573ea9e3b08.jpg
INFO: [ app_init ] --START--
INFO: Run Behavior\BuildLiteBehavior [ RunTime:0.000011s ]
INFO: [ app_init ] --END-- [ RunTime:0.000311s ]
INFO: [ app_begin ] --START--
INFO: Run Behavior\ReadHtmlCacheBehavior [ RunTime:0.000464s ]
INFO: [ app_begin ] --END-- [ RunTime:0.000516s ]
INFO: [ app_end ] --START--
INFO: Run Behavior\ShowPageTraceBehavior [ RunTime:0.000459s ]
INFO: [ app_end ] --END-- [ RunTime:0.000517s ]

[ 2016-03-18T22:28:17+08:00 ] 127.0.0.1 /App/index.php/Uploader/Article/movePostion.html?article_id=f860a8f9-8581-a910-8a5e-30d95e46cfe1&&up=false
INFO: [ app_init ] --START--
INFO: Run Behavior\BuildLiteBehavior [ RunTime:0.000014s ]
INFO: [ app_init ] --END-- [ RunTime:0.000362s ]
INFO: [ app_begin ] --START--
INFO: Run Behavior\ReadHtmlCacheBehavior [ RunTime:0.000481s ]
INFO: [ app_begin ] --END-- [ RunTime:0.000548s ]
SQL: SHOW COLUMNS FROM `news_article` [ RunTime:0.0176s ]
SQL: SELECT * FROM `news_article` WHERE ( article_id='f860a8f9-8581-a910-8a5e-30d95e46cfe1' ) LIMIT 1   [ RunTime:0.0009s ]
SQL: SELECT * FROM `news_article` WHERE ( position<5 ) ORDER BY position desc LIMIT 1   [ RunTime:0.0011s ]
SQL: UPDATE `news_article` SET `title`='asdasdf',`description`='adfasd',`img`='http://localhost/App/index.php/Uploader/Img/getImg?path=/2016/03/18/3019c968-0891-1351-2387-3573ea9e3b08.jpg',`content`='			adfadfaasdf23r23467y3yerfg',`time`='2016-03-18 07:55:43',`source`='云韵科技',`position`='3',`forum_id`=NULL WHERE `article_id` = 'f860a8f9-8581-a910-8a5e-30d95e46cfe1' [ RunTime:0.0304s ]
SQL: UPDATE `news_article` SET `title`='adfadf',`description`='adadf',`img`='http://localhost/App/index.php/Uploader/Img/getImg?path=/2016/03/18/41236c7b-4521-158c-3c7a-052a76eb0a6f.jpg',`content`='			haeruh			asdfa		啊短发短发	sdfsg									',`time`='2016-03-18 08:33:46',`source`='dfasdf',`position`='5',`forum_id`='cbe2c785-e643-4e49-87d0-a96993cdb86e' WHERE `article_id` = 'b38020ec-375c-c59d-8a63-4cd5b6ed285e' [ RunTime:0.0234s ]

[ 2016-03-18T22:28:18+08:00 ] 127.0.0.1 /App/index.php/Uploader/Article/listView?forum_id=
INFO: [ app_init ] --START--
INFO: Run Behavior\BuildLiteBehavior [ RunTime:0.000029s ]
INFO: [ app_init ] --END-- [ RunTime:0.000951s ]
INFO: [ app_begin ] --START--
INFO: Run Behavior\ReadHtmlCacheBehavior [ RunTime:0.000644s ]
INFO: [ app_begin ] --END-- [ RunTime:0.000725s ]
SQL: SHOW COLUMNS FROM `news_article` [ RunTime:0.0243s ]
SQL: SELECT * FROM `news_article` ORDER BY position asc  [ RunTime:0.0047s ]
INFO: [ view_parse ] --START--
INFO: [ template_filter ] --START--
INFO: Run Behavior\ContentReplaceBehavior [ RunTime:0.000082s ]
INFO: [ template_filter ] --END-- [ RunTime:0.000175s ]
INFO: Run Behavior\ParseTemplateBehavior [ RunTime:0.011499s ]
INFO: [ view_parse ] --END-- [ RunTime:0.011573s ]
INFO: [ view_filter ] --START--
INFO: Run Behavior\WriteHtmlCacheBehavior [ RunTime:0.000439s ]
INFO: [ view_filter ] --END-- [ RunTime:0.000499s ]
INFO: [ app_end ] --START--
INFO: Run Behavior\ShowPageTraceBehavior [ RunTime:0.000629s ]
INFO: [ app_end ] --END-- [ RunTime:0.000685s ]

[ 2016-03-18T22:28:18+08:00 ] 127.0.0.1 /App/index.php/Uploader/Img/getImg?path=/2016/03/18/cb465a11-54bb-e7a7-2ac9-e7b2b714be23.png
INFO: [ app_init ] --START--
INFO: Run Behavior\BuildLiteBehavior [ RunTime:0.000014s ]
INFO: [ app_init ] --END-- [ RunTime:0.000330s ]
INFO: [ app_begin ] --START--
INFO: Run Behavior\ReadHtmlCacheBehavior [ RunTime:0.001255s ]
INFO: [ app_begin ] --END-- [ RunTime:0.001327s ]
INFO: [ app_end ] --START--
INFO: Run Behavior\ShowPageTraceBehavior [ RunTime:0.000476s ]
INFO: [ app_end ] --END-- [ RunTime:0.000533s ]

[ 2016-03-18T22:28:18+08:00 ] 127.0.0.1 /App/index.php/Uploader/Img/getImg?path=/2016/03/18/3019c968-0891-1351-2387-3573ea9e3b08.jpg
INFO: [ app_init ] --START--
INFO: Run Behavior\BuildLiteBehavior [ RunTime:0.000014s ]
INFO: [ app_init ] --END-- [ RunTime:0.000434s ]
INFO: [ app_begin ] --START--
INFO: Run Behavior\ReadHtmlCacheBehavior [ RunTime:0.000657s ]
INFO: [ app_begin ] --END-- [ RunTime:0.000722s ]
INFO: [ app_end ] --START--
INFO: Run Behavior\ShowPageTraceBehavior [ RunTime:0.000487s ]
INFO: [ app_end ] --END-- [ RunTime:0.000540s ]

[ 2016-03-18T22:28:18+08:00 ] 127.0.0.1 /App/index.php/Uploader/Img/getImg?path=/2016/03/18/41236c7b-4521-158c-3c7a-052a76eb0a6f.jpg
INFO: [ app_init ] --START--
INFO: Run Behavior\BuildLiteBehavior [ RunTime:0.000014s ]
INFO: [ app_init ] --END-- [ RunTime:0.000374s ]
INFO: [ app_begin ] --START--
INFO: Run Behavior\ReadHtmlCacheBehavior [ RunTime:0.000941s ]
INFO: [ app_begin ] --END-- [ RunTime:0.001010s ]
INFO: [ app_end ] --START--
INFO: Run Behavior\ShowPageTraceBehavior [ RunTime:0.000499s ]
INFO: [ app_end ] --END-- [ RunTime:0.000556s ]

[ 2016-03-18T22:29:08+08:00 ] 127.0.0.1 /App/index.php/Uploader/Article/listView?forum_id=
INFO: [ app_init ] --START--
INFO: Run Behavior\BuildLiteBehavior [ RunTime:0.000013s ]
INFO: [ app_init ] --END-- [ RunTime:0.000501s ]
INFO: [ app_begin ] --START--
INFO: Run Behavior\ReadHtmlCacheBehavior [ RunTime:0.000588s ]
INFO: [ app_begin ] --END-- [ RunTime:0.000644s ]
SQL: SHOW COLUMNS FROM `news_article` [ RunTime:0.0138s ]
ERR: 1064:You have an error in your SQL syntax; check the manual that corresponds to your MySQL server version for the right syntax to use near ') ORDER BY position asc' at line 1
 [ SQL语句 ] : SELECT * FROM `news_article` WHERE ( forum_id= ) ORDER BY position asc 
ERR: 1064:You have an error in your SQL syntax; check the manual that corresponds to your MySQL server version for the right syntax to use near ') ORDER BY position asc' at line 1
 [ SQL语句 ] : SELECT * FROM `news_article` WHERE ( forum_id= ) ORDER BY position asc 

[ 2016-03-18T22:29:25+08:00 ] 127.0.0.1 /App/index.php/Uploader/Article/listView?forum_id=
INFO: [ app_init ] --START--
INFO: Run Behavior\BuildLiteBehavior [ RunTime:0.000009s ]
INFO: [ app_init ] --END-- [ RunTime:0.000225s ]
INFO: [ app_begin ] --START--
INFO: Run Behavior\ReadHtmlCacheBehavior [ RunTime:0.000276s ]
INFO: [ app_begin ] --END-- [ RunTime:0.000308s ]
SQL: SHOW COLUMNS FROM `news_article` [ RunTime:0.0117s ]
ERR: 1064:You have an error in your SQL syntax; check the manual that corresponds to your MySQL server version for the right syntax to use near ') ORDER BY position asc' at line 1
 [ SQL语句 ] : SELECT * FROM `news_article` WHERE ( forum_id= ) ORDER BY position asc 
ERR: 1064:You have an error in your SQL syntax; check the manual that corresponds to your MySQL server version for the right syntax to use near ') ORDER BY position asc' at line 1
 [ SQL语句 ] : SELECT * FROM `news_article` WHERE ( forum_id= ) ORDER BY position asc 

[ 2016-03-18T22:29:29+08:00 ] 127.0.0.1 /App/index.php/Uploader/Article/listView?forum_id=
INFO: [ app_init ] --START--
INFO: Run Behavior\BuildLiteBehavior [ RunTime:0.000008s ]
INFO: [ app_init ] --END-- [ RunTime:0.000217s ]
INFO: [ app_begin ] --START--
INFO: Run Behavior\ReadHtmlCacheBehavior [ RunTime:0.000273s ]
INFO: [ app_begin ] --END-- [ RunTime:0.000305s ]
SQL: SHOW COLUMNS FROM `news_article` [ RunTime:0.0143s ]
ERR: 1064:You have an error in your SQL syntax; check the manual that corresponds to your MySQL server version for the right syntax to use near ') ORDER BY position asc' at line 1
 [ SQL语句 ] : SELECT * FROM `news_article` WHERE ( forum_id= ) ORDER BY position asc 
ERR: 1064:You have an error in your SQL syntax; check the manual that corresponds to your MySQL server version for the right syntax to use near ') ORDER BY position asc' at line 1
 [ SQL语句 ] : SELECT * FROM `news_article` WHERE ( forum_id= ) ORDER BY position asc 

[ 2016-03-18T22:29:44+08:00 ] 127.0.0.1 /App/index.php/Uploader/Article/listView?forum_id=cbe2c785-e643-4e49-87d0-a96993cdb86e
INFO: [ app_init ] --START--
INFO: Run Behavior\BuildLiteBehavior [ RunTime:0.000009s ]
INFO: [ app_init ] --END-- [ RunTime:0.000215s ]
INFO: [ app_begin ] --START--
INFO: Run Behavior\ReadHtmlCacheBehavior [ RunTime:0.000274s ]
INFO: [ app_begin ] --END-- [ RunTime:0.000306s ]
SQL: SHOW COLUMNS FROM `news_article` [ RunTime:0.0093s ]
ERR: 1054:Unknown column 'cbe2c785' in 'where clause'
 [ SQL语句 ] : SELECT * FROM `news_article` WHERE ( forum_id=cbe2c785-e643-4e49-87d0-a96993cdb86e ) ORDER BY position asc 
ERR: 1054:Unknown column 'cbe2c785' in 'where clause'
 [ SQL语句 ] : SELECT * FROM `news_article` WHERE ( forum_id=cbe2c785-e643-4e49-87d0-a96993cdb86e ) ORDER BY position asc 

[ 2016-03-18T22:29:56+08:00 ] 127.0.0.1 /App/index.php/Uploader/Article/listView?forum_id=cbe2c785-e643-4e49-87d0-a96993cdb86e
INFO: [ app_init ] --START--
INFO: Run Behavior\BuildLiteBehavior [ RunTime:0.000013s ]
INFO: [ app_init ] --END-- [ RunTime:0.000235s ]
INFO: [ app_begin ] --START--
INFO: Run Behavior\ReadHtmlCacheBehavior [ RunTime:0.000289s ]
INFO: [ app_begin ] --END-- [ RunTime:0.000324s ]
SQL: SHOW COLUMNS FROM `news_article` [ RunTime:0.0224s ]
SQL: SELECT * FROM `news_article` WHERE ( forum_id='cbe2c785-e643-4e49-87d0-a96993cdb86e' ) ORDER BY position asc  [ RunTime:0.0021s ]
INFO: [ view_parse ] --START--
INFO: [ template_filter ] --START--
INFO: Run Behavior\ContentReplaceBehavior [ RunTime:0.000088s ]
INFO: [ template_filter ] --END-- [ RunTime:0.000163s ]
INFO: Run Behavior\ParseTemplateBehavior [ RunTime:0.012419s ]
INFO: [ view_parse ] --END-- [ RunTime:0.012507s ]
INFO: [ view_filter ] --START--
INFO: Run Behavior\WriteHtmlCacheBehavior [ RunTime:0.000493s ]
INFO: [ view_filter ] --END-- [ RunTime:0.000555s ]
INFO: [ app_end ] --START--
INFO: Run Behavior\ShowPageTraceBehavior [ RunTime:0.000755s ]
INFO: [ app_end ] --END-- [ RunTime:0.000813s ]

[ 2016-03-18T22:29:56+08:00 ] ::1 /App/index.php/Uploader/Img/getImg?path=/2016/03/18/41236c7b-4521-158c-3c7a-052a76eb0a6f.jpg
INFO: [ app_init ] --START--
INFO: Run Behavior\BuildLiteBehavior [ RunTime:0.000009s ]
INFO: [ app_init ] --END-- [ RunTime:0.000254s ]
INFO: [ app_begin ] --START--
INFO: Run Behavior\ReadHtmlCacheBehavior [ RunTime:0.000338s ]
INFO: [ app_begin ] --END-- [ RunTime:0.000377s ]
INFO: [ app_end ] --START--
INFO: Run Behavior\ShowPageTraceBehavior [ RunTime:0.000664s ]
INFO: [ app_end ] --END-- [ RunTime:0.000726s ]

[ 2016-03-18T22:29:56+08:00 ] 127.0.0.1 /App/index.php/Uploader/Img/getImg?path=/2016/03/18/cb465a11-54bb-e7a7-2ac9-e7b2b714be23.png
INFO: [ app_init ] --START--
INFO: Run Behavior\BuildLiteBehavior [ RunTime:0.000014s ]
INFO: [ app_init ] --END-- [ RunTime:0.000326s ]
INFO: [ app_begin ] --START--
INFO: Run Behavior\ReadHtmlCacheBehavior [ RunTime:0.000505s ]
INFO: [ app_begin ] --END-- [ RunTime:0.000567s ]
INFO: [ app_end ] --START--
INFO: Run Behavior\ShowPageTraceBehavior [ RunTime:0.000688s ]
INFO: [ app_end ] --END-- [ RunTime:0.000771s ]

[ 2016-03-18T22:30:00+08:00 ] 127.0.0.1 /App/index.php/Uploader/Article/movePostion.html?article_id=b38020ec-375c-c59d-8a63-4cd5b6ed285e&&up=false
INFO: [ app_init ] --START--
INFO: Run Behavior\BuildLiteBehavior [ RunTime:0.000013s ]
INFO: [ app_init ] --END-- [ RunTime:0.000247s ]
INFO: [ app_begin ] --START--
INFO: Run Behavior\ReadHtmlCacheBehavior [ RunTime:0.000466s ]
INFO: [ app_begin ] --END-- [ RunTime:0.000534s ]
SQL: SHOW COLUMNS FROM `news_article` [ RunTime:0.0135s ]
SQL: SELECT * FROM `news_article` WHERE ( article_id='b38020ec-375c-c59d-8a63-4cd5b6ed285e' ) LIMIT 1   [ RunTime:0.0017s ]
SQL: SELECT * FROM `news_article` WHERE ( position<5 ) ORDER BY position desc LIMIT 1   [ RunTime:0.0009s ]
SQL: UPDATE `news_article` SET `title`='adfadf',`description`='adadf',`img`='http://localhost/App/index.php/Uploader/Img/getImg?path=/2016/03/18/41236c7b-4521-158c-3c7a-052a76eb0a6f.jpg',`content`='			haeruh			asdfa		啊短发短发	sdfsg									',`time`='2016-03-18 08:33:46',`source`='dfasdf',`position`='3',`forum_id`='cbe2c785-e643-4e49-87d0-a96993cdb86e' WHERE `article_id` = 'b38020ec-375c-c59d-8a63-4cd5b6ed285e' [ RunTime:0.0364s ]
SQL: UPDATE `news_article` SET `title`='asdasdf',`description`='adfasd',`img`='http://localhost/App/index.php/Uploader/Img/getImg?path=/2016/03/18/3019c968-0891-1351-2387-3573ea9e3b08.jpg',`content`='			adfadfaasdf23r23467y3yerfg',`time`='2016-03-18 07:55:43',`source`='云韵科技',`position`='5',`forum_id`=NULL WHERE `article_id` = 'f860a8f9-8581-a910-8a5e-30d95e46cfe1' [ RunTime:0.0236s ]

[ 2016-03-18T22:30:01+08:00 ] 127.0.0.1 /App/index.php/Uploader/Article/listView?forum_id=cbe2c785-e643-4e49-87d0-a96993cdb86e
INFO: [ app_init ] --START--
INFO: Run Behavior\BuildLiteBehavior [ RunTime:0.000018s ]
INFO: [ app_init ] --END-- [ RunTime:0.000447s ]
INFO: [ app_begin ] --START--
INFO: Run Behavior\ReadHtmlCacheBehavior [ RunTime:0.000381s ]
INFO: [ app_begin ] --END-- [ RunTime:0.000432s ]
SQL: SHOW COLUMNS FROM `news_article` [ RunTime:0.0049s ]
SQL: SELECT * FROM `news_article` WHERE ( forum_id='cbe2c785-e643-4e49-87d0-a96993cdb86e' ) ORDER BY position asc  [ RunTime:0.0016s ]
INFO: [ view_parse ] --START--
INFO: [ template_filter ] --START--
INFO: Run Behavior\ContentReplaceBehavior [ RunTime:0.000042s ]
INFO: [ template_filter ] --END-- [ RunTime:0.000080s ]
INFO: Run Behavior\ParseTemplateBehavior [ RunTime:0.005070s ]
INFO: [ view_parse ] --END-- [ RunTime:0.005114s ]
INFO: [ view_filter ] --START--
INFO: Run Behavior\WriteHtmlCacheBehavior [ RunTime:0.000150s ]
INFO: [ view_filter ] --END-- [ RunTime:0.000173s ]
INFO: [ app_end ] --START--
INFO: Run Behavior\ShowPageTraceBehavior [ RunTime:0.000312s ]
INFO: [ app_end ] --END-- [ RunTime:0.000339s ]

[ 2016-03-18T22:30:03+08:00 ] ::1 /App/index.php/Uploader/Article/movePostion.html?article_id=5d25d6c0-ddcb-33c6-57e7-9a400657d309&&up=false
INFO: [ app_init ] --START--
INFO: Run Behavior\BuildLiteBehavior [ RunTime:0.000014s ]
INFO: [ app_init ] --END-- [ RunTime:0.000352s ]
INFO: [ app_begin ] --START--
INFO: Run Behavior\ReadHtmlCacheBehavior [ RunTime:0.000419s ]
INFO: [ app_begin ] --END-- [ RunTime:0.000472s ]
SQL: SHOW COLUMNS FROM `news_article` [ RunTime:0.0126s ]
SQL: SELECT * FROM `news_article` WHERE ( article_id='5d25d6c0-ddcb-33c6-57e7-9a400657d309' ) LIMIT 1   [ RunTime:0.0022s ]
SQL: SELECT * FROM `news_article` WHERE ( position<2 ) ORDER BY position desc LIMIT 1   [ RunTime:0.0016s ]
SQL: UPDATE `news_article` SET `title`='阿什顿飞跟',`description`='aha韵',`img`='http://localhost/App/index.php/Uploader/Img/getImg?path=/2016/03/18/cb465a11-54bb-e7a7-2ac9-e7b2b714be23.png',`content`='			爱的发声',`time`='2016-03-18 08:34:14',`source`='对方噶说法',`position`=NULL,`forum_id`='cbe2c785-e643-4e49-87d0-a96993cdb86e' WHERE `article_id` = '5d25d6c0-ddcb-33c6-57e7-9a400657d309' [ RunTime:0.0370s ]

[ 2016-03-18T22:30:04+08:00 ] ::1 /App/index.php/Uploader/Article/listView?forum_id=cbe2c785-e643-4e49-87d0-a96993cdb86e
INFO: [ app_init ] --START--
INFO: Run Behavior\BuildLiteBehavior [ RunTime:0.000015s ]
INFO: [ app_init ] --END-- [ RunTime:0.000367s ]
INFO: [ app_begin ] --START--
INFO: Run Behavior\ReadHtmlCacheBehavior [ RunTime:0.000538s ]
INFO: [ app_begin ] --END-- [ RunTime:0.000613s ]
SQL: SHOW COLUMNS FROM `news_article` [ RunTime:0.0222s ]
SQL: SELECT * FROM `news_article` WHERE ( forum_id='cbe2c785-e643-4e49-87d0-a96993cdb86e' ) ORDER BY position asc  [ RunTime:0.0029s ]
INFO: [ view_parse ] --START--
INFO: [ template_filter ] --START--
INFO: Run Behavior\ContentReplaceBehavior [ RunTime:0.000076s ]
INFO: [ template_filter ] --END-- [ RunTime:0.000152s ]
INFO: Run Behavior\ParseTemplateBehavior [ RunTime:0.022498s ]
INFO: [ view_parse ] --END-- [ RunTime:0.022601s ]
INFO: [ view_filter ] --START--
INFO: Run Behavior\WriteHtmlCacheBehavior [ RunTime:0.000467s ]
INFO: [ view_filter ] --END-- [ RunTime:0.000516s ]
INFO: [ app_end ] --START--
INFO: Run Behavior\ShowPageTraceBehavior [ RunTime:0.000627s ]
INFO: [ app_end ] --END-- [ RunTime:0.000678s ]

[ 2016-03-18T22:30:04+08:00 ] ::1 /App/index.php/Uploader/Img/getImg?path=/2016/03/18/cb465a11-54bb-e7a7-2ac9-e7b2b714be23.png
INFO: [ app_init ] --START--
INFO: Run Behavior\BuildLiteBehavior [ RunTime:0.000015s ]
INFO: [ app_init ] --END-- [ RunTime:0.000319s ]
INFO: [ app_begin ] --START--
INFO: Run Behavior\ReadHtmlCacheBehavior [ RunTime:0.000410s ]
INFO: [ app_begin ] --END-- [ RunTime:0.000473s ]
INFO: [ app_end ] --START--
INFO: Run Behavior\ShowPageTraceBehavior [ RunTime:0.000504s ]
INFO: [ app_end ] --END-- [ RunTime:0.000578s ]

[ 2016-03-18T22:30:04+08:00 ] ::1 /App/index.php/Uploader/Img/getImg?path=/2016/03/18/41236c7b-4521-158c-3c7a-052a76eb0a6f.jpg
INFO: [ app_init ] --START--
INFO: Run Behavior\BuildLiteBehavior [ RunTime:0.000017s ]
INFO: [ app_init ] --END-- [ RunTime:0.000363s ]
INFO: [ app_begin ] --START--
INFO: Run Behavior\ReadHtmlCacheBehavior [ RunTime:0.000321s ]
INFO: [ app_begin ] --END-- [ RunTime:0.000363s ]
INFO: [ app_end ] --START--
INFO: Run Behavior\ShowPageTraceBehavior [ RunTime:0.000884s ]
INFO: [ app_end ] --END-- [ RunTime:0.000945s ]

[ 2016-03-18T22:30:06+08:00 ] ::1 /App/index.php/Uploader/Article/movePostion.html?article_id=5d25d6c0-ddcb-33c6-57e7-9a400657d309&&up=false
INFO: [ app_init ] --START--
INFO: Run Behavior\BuildLiteBehavior [ RunTime:0.000010s ]
INFO: [ app_init ] --END-- [ RunTime:0.000229s ]
INFO: [ app_begin ] --START--
INFO: Run Behavior\ReadHtmlCacheBehavior [ RunTime:0.000399s ]
INFO: [ app_begin ] --END-- [ RunTime:0.000449s ]
SQL: SHOW COLUMNS FROM `news_article` [ RunTime:0.0059s ]
SQL: SELECT * FROM `news_article` WHERE ( article_id='5d25d6c0-ddcb-33c6-57e7-9a400657d309' ) LIMIT 1   [ RunTime:0.0009s ]
ERR: 1064:You have an error in your SQL syntax; check the manual that corresponds to your MySQL server version for the right syntax to use near ') ORDER BY position desc LIMIT 1' at line 1
 [ SQL语句 ] : SELECT * FROM `news_article` WHERE ( position< ) ORDER BY position desc LIMIT 1  
ERR: 1064:You have an error in your SQL syntax; check the manual that corresponds to your MySQL server version for the right syntax to use near ') ORDER BY position desc LIMIT 1' at line 1
 [ SQL语句 ] : SELECT * FROM `news_article` WHERE ( position< ) ORDER BY position desc LIMIT 1  

[ 2016-03-18T22:33:10+08:00 ] 127.0.0.1 /App/index.php/Uploader/Article/listView?forum_id=cbe2c785-e643-4e49-87d0-a96993cdb86e
INFO: [ app_init ] --START--
INFO: Run Behavior\BuildLiteBehavior [ RunTime:0.000014s ]
INFO: [ app_init ] --END-- [ RunTime:0.000413s ]
INFO: [ app_begin ] --START--
INFO: Run Behavior\ReadHtmlCacheBehavior [ RunTime:0.000570s ]
INFO: [ app_begin ] --END-- [ RunTime:0.000628s ]
SQL: SHOW COLUMNS FROM `news_article` [ RunTime:0.0085s ]
SQL: SELECT * FROM `news_article` WHERE ( forum_id='cbe2c785-e643-4e49-87d0-a96993cdb86e' ) ORDER BY position asc  [ RunTime:0.0017s ]
INFO: [ view_parse ] --START--
INFO: [ template_filter ] --START--
INFO: Run Behavior\ContentReplaceBehavior [ RunTime:0.000053s ]
INFO: [ template_filter ] --END-- [ RunTime:0.000106s ]

[ 2016-03-18T22:34:09+08:00 ] 127.0.0.1 /App/index.php/Uploader/Article/listView?forum_id=cbe2c785-e643-4e49-87d0-a96993cdb86e
INFO: [ app_init ] --START--
INFO: Run Behavior\BuildLiteBehavior [ RunTime:0.000008s ]
INFO: [ app_init ] --END-- [ RunTime:0.000216s ]
INFO: [ app_begin ] --START--
INFO: Run Behavior\ReadHtmlCacheBehavior [ RunTime:0.000271s ]
INFO: [ app_begin ] --END-- [ RunTime:0.000305s ]
SQL: SHOW COLUMNS FROM `news_article` [ RunTime:0.0174s ]
SQL: SELECT * FROM `news_article` WHERE ( forum_id='cbe2c785-e643-4e49-87d0-a96993cdb86e' ) ORDER BY position asc  [ RunTime:0.0017s ]
INFO: [ view_parse ] --START--
INFO: [ template_filter ] --START--
INFO: Run Behavior\ContentReplaceBehavior [ RunTime:0.000115s ]
INFO: [ template_filter ] --END-- [ RunTime:0.000218s ]

[ 2016-03-18T22:34:13+08:00 ] 127.0.0.1 /App/index.php/Uploader/Article/listView?forum_id=cbe2c785-e643-4e49-87d0-a96993cdb86e
INFO: [ app_init ] --START--
INFO: Run Behavior\BuildLiteBehavior [ RunTime:0.000018s ]
INFO: [ app_init ] --END-- [ RunTime:0.000491s ]
INFO: [ app_begin ] --START--
INFO: Run Behavior\ReadHtmlCacheBehavior [ RunTime:0.000658s ]
INFO: [ app_begin ] --END-- [ RunTime:0.000734s ]
SQL: SHOW COLUMNS FROM `news_article` [ RunTime:0.0276s ]
SQL: SELECT * FROM `news_article` WHERE ( forum_id='cbe2c785-e643-4e49-87d0-a96993cdb86e' ) ORDER BY position asc  [ RunTime:0.0013s ]
INFO: [ view_parse ] --START--
INFO: [ template_filter ] --START--
INFO: Run Behavior\ContentReplaceBehavior [ RunTime:0.000147s ]
INFO: [ template_filter ] --END-- [ RunTime:0.000292s ]

[ 2016-03-18T22:34:40+08:00 ] 127.0.0.1 /App/index.php/Uploader/Article/listView?forum_id=cbe2c785-e643-4e49-87d0-a96993cdb86e
INFO: [ app_init ] --START--
INFO: Run Behavior\BuildLiteBehavior [ RunTime:0.000010s ]
INFO: [ app_init ] --END-- [ RunTime:0.000239s ]
INFO: [ app_begin ] --START--
INFO: Run Behavior\ReadHtmlCacheBehavior [ RunTime:0.000293s ]
INFO: [ app_begin ] --END-- [ RunTime:0.000329s ]
SQL: SHOW COLUMNS FROM `news_article` [ RunTime:0.0133s ]
SQL: SELECT * FROM `news_article` WHERE ( forum_id='cbe2c785-e643-4e49-87d0-a96993cdb86e' ) ORDER BY position asc  [ RunTime:0.0019s ]
INFO: [ view_parse ] --START--
INFO: [ template_filter ] --START--
INFO: Run Behavior\ContentReplaceBehavior [ RunTime:0.000113s ]
INFO: [ template_filter ] --END-- [ RunTime:0.000224s ]

